Processing job: grid-300-losses_run1
Simulation command is: fb-vanet-urban --buildings=1 --actualRange=300 --vehicleDistance=25 --protocol=1 --flooding=0 --area=2000 --mapBasePath=../maps/Grid-300/Grid-300 --cwMin=32 --cwMax=1024 --printToFile=1 --printCoords=1 -startingNode=4896 --createObstacleShadowingLossFile=1 --useObstacleShadowingLossFile=0 --propagationLoss=1
>>> [grid-300-losses_run1] Started at 2025-04-18 18:50:16
Waf: Entering directory `/my-project/ns-3/build'
Waf: Leaving directory `/my-project/ns-3/build'
Build commands will be stored in build/compile_commands.json
'build' finished successfully (1.339s)
Whole simulation starting at: 2025-04-18 18:50:19
Start main urban
Max run: 1
numNodes = 6528
numNodes = 6528
numVeh = 6528
startingNode = 4896
using tracefile ../maps/Grid-300/Grid-300.ns2mobility.xml
Loading buildings file "../maps/Grid-300/Grid-300.poly.xml
fileName=Grid-300/b1/e0/r300/j0/cw[32-1024]/Fast-Broadcast/Grid-300-b1-e0-r300-j0-Fast-Broadcast
fbTest= "/my-project/simulations/scenario-urbano-con-coord/Grid-300/b1/e0/r300/j0/cw[32-1024]/Fast-Broadcast/Grid-300-b1-e0-r300-j0-Fast-Broadcast-1744995019212.csv"
Simulation Run 0 starting at: 2025-04-18 18:50:19
numNodes = 6528
numNodes = 6528
numVeh = 6528
startingNode = 4896
using tracefile ../maps/Grid-300/Grid-300.ns2mobility.xml
Loading buildings file "../maps/Grid-300/Grid-300.poly.xml
totalCoverage= 6528/6528
coverageOnCirc= 148/148
m_sent=584
hops= 12.1216
slots= 98.8041
Simulation Run 0 ending at: 2025-04-18 19:39:02
Simulation Run 0 Elapsed wall-clock time: 48m 43s
Whole simulation ending at: 2025-04-18 19:39:02
Whole simulation Elapsed wall-clock time: 48m 43s
>>> [grid-300-losses] All 1 runs completed. Moving to completed/
>>> [grid-300-losses_run1] SUCCESS
>>> [grid-300-losses_run1] Finished at 2025-04-18 19:39:03
