Simulation command is: fb-vanet-urban --buildings=1 --actualRange=100 --mapBasePath=../maps/Grid-300/Grid-300 --cwMin=32 --cwMax=1024 --vehicleDistance=25 --startingNode=4896 --propagationLoss=1 --protocol=1 --area=2000 --smartJunctionMode=0 --errorRate=0 --nVehicles=0 --droneTest=0 --highBuildings=0 --flooding=0  --printToFile=1 --printCoords=0 --createObstacleShadowingLossFile=0 --useObstacleShadowingLossFile=1 --forgedCoordTest=0 --forgedCoordRate=0 --maxRun=10
>>> [urban-Grid-300-highBuildings0-drones0-d25-cw-32-1024-b1-e0-j0-Z-Fast-Broadcast-100-_run3] Started at 2025-04-22 10:36:18
Waf: Entering directory `/my-project/ns-3/build'
Waf: Leaving directory `/my-project/ns-3/build'
Build commands will be stored in build/compile_commands.json
'build' finished successfully (1.377s)
Whole simulation starting at: 2025-04-22 10:36:22
Start main urban
numNodes = 6528
numNodes = 6528
numVeh = 6528
startingNode = 4896
using tracefile ../maps/Grid-300/Grid-300.ns2mobility.xml
Loading buildings file "../maps/Grid-300/Grid-300.poly.xml
Loading losses from file ../maps/Grid-300/Grid-300.losses
Max run: 10
fileName=Grid-300/b1/e0/r100/j0/cw[32-1024]/Fast-Broadcast/Grid-300-b1-e0-r100-j0-Fast-Broadcast
fbTest= "/my-project/simulations/scenario-urbano/Grid-300/b1/e0/r100/j0/cw[32-1024]/Fast-Broadcast/Grid-300-b1-e0-r100-j0-Fast-Broadcast-1745311053622.csv"
Simulation Run 0 starting at: 2025-04-22 10:37:33
numNodes = 6528
numNodes = 6528
numVeh = 6528
startingNode = 4896
using tracefile ../maps/Grid-300/Grid-300.ns2mobility.xml
Loading buildings file "../maps/Grid-300/Grid-300.poly.xml
Loading losses from file ../maps/Grid-300/Grid-300.losses
totalCoverage= 6528/6528
coverageOnCirc= 148/148
m_sent=1652
hops= 28.2095
slots= 368.723
Simulation Run 0 ending at: 2025-04-22 11:13:47
Simulation Run 0 Elapsed wall-clock time: 36m 13s
-----------------------------------------------------------------------------
Simulation Run 1 starting at: 2025-04-22 11:13:47
numNodes = 6528
numNodes = 6528
numVeh = 6528
startingNode = 4896
using tracefile ../maps/Grid-300/Grid-300.ns2mobility.xml
Loading buildings file "../maps/Grid-300/Grid-300.poly.xml
Loading losses from file ../maps/Grid-300/Grid-300.losses
totalCoverage= 6528/6528
coverageOnCirc= 148/148
m_sent=1677
hops= 28.9392
slots= 374.703
Simulation Run 1 ending at: 2025-04-22 11:48:53
Simulation Run 1 Elapsed wall-clock time: 35m 6s
-----------------------------------------------------------------------------
Simulation Run 2 starting at: 2025-04-22 11:48:53
numNodes = 6528
numNodes = 6528
numVeh = 6528
startingNode = 4896
using tracefile ../maps/Grid-300/Grid-300.ns2mobility.xml
Loading buildings file "../maps/Grid-300/Grid-300.poly.xml
Loading losses from file ../maps/Grid-300/Grid-300.losses
totalCoverage= 6528/6528
coverageOnCirc= 148/148
m_sent=1663
hops= 28.4054
slots= 353.777
Simulation Run 2 ending at: 2025-04-22 12:21:00
Simulation Run 2 Elapsed wall-clock time: 32m 7s
-----------------------------------------------------------------------------
Simulation Run 3 starting at: 2025-04-22 12:21:00
numNodes = 6528
numNodes = 6528
numVeh = 6528
startingNode = 4896
using tracefile ../maps/Grid-300/Grid-300.ns2mobility.xml
Loading buildings file "../maps/Grid-300/Grid-300.poly.xml
Loading losses from file ../maps/Grid-300/Grid-300.losses
totalCoverage= 6418/6528
coverageOnCirc= 147/148
m_sent=1664
hops= 34.4422
slots= 493.959
Simulation Run 3 ending at: 2025-04-22 12:54:58
Simulation Run 3 Elapsed wall-clock time: 33m 58s
-----------------------------------------------------------------------------
Simulation Run 4 starting at: 2025-04-22 12:54:58
numNodes = 6528
numNodes = 6528
numVeh = 6528
startingNode = 4896
using tracefile ../maps/Grid-300/Grid-300.ns2mobility.xml
Loading buildings file "../maps/Grid-300/Grid-300.poly.xml
Loading losses from file ../maps/Grid-300/Grid-300.losses

>>> [urban-Grid-300-highBuildings0-drones0-d25-cw-32-1024-b1-e0-j0-Z-Fast-Broadcast-100-_run3] FAILED with exit code 137
Simulation command is: fb-vanet-urban --buildings=1 --actualRange=100 --mapBasePath=../maps/Grid-300/Grid-300 --cwMin=32 --cwMax=1024 --vehicleDistance=25 --startingNode=4896 --propagationLoss=1 --protocol=1 --area=2000 --smartJunctionMode=0 --errorRate=0 --nVehicles=0 --droneTest=0 --highBuildings=0 --flooding=0  --printToFile=1 --printCoords=0 --createObstacleShadowingLossFile=0 --useObstacleShadowingLossFile=1 --forgedCoordTest=0 --forgedCoordRate=0 --maxRun=10
>>> [urban-Grid-300-highBuildings0-drones0-d25-cw-32-1024-b1-e0-j0-Z-Fast-Broadcast-100-_run3] Started at 2025-04-22 17:42:17
Waf: Entering directory `/my-project/ns-3/build'
Waf: Leaving directory `/my-project/ns-3/build'
Build commands will be stored in build/compile_commands.json
'build' finished successfully (0.761s)
-----------------------------------------------------------------------------
Whole simulation starting at: 2025-04-22 17:42:19
Start main urban
numNodes = 6528
numNodes = 6528
numVeh = 6528
startingNode = 4896
using tracefile ../maps/Grid-300/Grid-300.ns2mobility.xml
Loading buildings file "../maps/Grid-300/Grid-300.poly.xml
Loading losses from file ../maps/Grid-300/Grid-300.losses
Max run: 10
fileName=Grid-300/b1/e0/r100/j0/cw[32-1024]/Fast-Broadcast/Grid-300-b1-e0-r100-j0-Fast-Broadcast
fbTest= "/my-project/simulations/scenario-urbano/Grid-300/b1/e0/r100/j0/cw[32-1024]/Fast-Broadcast/Grid-300-b1-e0-r100-j0-Fast-Broadcast-1745336607959.csv"
-----------------------------------------------------------------------------
Simulation Run 0 starting at: 2025-04-22 17:43:27
numNodes = 6528
numNodes = 6528
numVeh = 6528
startingNode = 4896
using tracefile ../maps/Grid-300/Grid-300.ns2mobility.xml
Loading buildings file "../maps/Grid-300/Grid-300.poly.xml
Loading losses from file ../maps/Grid-300/Grid-300.losses
totalCoverage= 6528/6528
coverageOnCirc= 148/148
m_sent=1662
hops= 28.8581
slots= 351.662
Simulation Run 0 ending at: 2025-04-22 18:20:09
Simulation Run 0 Elapsed wall-clock time: 36m 41s
-----------------------------------------------------------------------------
Simulation Run 1 starting at: 2025-04-22 18:20:09
numNodes = 6528
numNodes = 6528
numVeh = 6528
startingNode = 4896
using tracefile ../maps/Grid-300/Grid-300.ns2mobility.xml
Loading buildings file "../maps/Grid-300/Grid-300.poly.xml
Loading losses from file ../maps/Grid-300/Grid-300.losses

