Simulation command is: fb-vanet-urban --buildings=1 --actualRange=300 --mapBasePath=../maps/Grid-300/Grid-300 --cwMin=32 --cwMax=1024 --vehicleDistance=25 --startingNode=4896 --propagationLoss=1 --protocol=1 --area=2000 --smartJunctionMode=0 --errorRate=0 --nVehicles=0 --droneTest=0 --highBuildings=0 --flooding=0  --printToFile=1 --printCoords=0 --createObstacleShadowingLossFile=0 --useObstacleShadowingLossFile=1 --forgedCoordTest=0 --forgedCoordRate=0 --maxRun=10
>>> [urban-Grid-300-highBuildings0-drones0-d25-cw-32-1024-b1-e0-j0-Z-Fast-Broadcast-300-_run2] Started at 2025-04-22 13:04:33
Waf: Entering directory `/my-project/ns-3/build'
Waf: Leaving directory `/my-project/ns-3/build'
Build commands will be stored in build/compile_commands.json
'build' finished successfully (0.813s)
-----------------------------------------------------------------------------Whole simulation starting at: 2025-04-22 13:04:34
Start main urban
numNodes = 6528
numNodes = 6528
numVeh = 6528
startingNode = 4896
using tracefile ../maps/Grid-300/Grid-300.ns2mobility.xml
Loading buildings file "../maps/Grid-300/Grid-300.poly.xml
Loading losses from file ../maps/Grid-300/Grid-300.losses
Max run: 10
fileName=Grid-300/b1/e0/r300/j0/cw[32-1024]/Fast-Broadcast/Grid-300-b1-e0-r300-j0-Fast-Broadcast
fbTest= "/my-project/simulations/scenario-urbano/Grid-300/b1/e0/r300/j0/cw[32-1024]/Fast-Broadcast/Grid-300-b1-e0-r300-j0-Fast-Broadcast-1745319951163.csv"
-----------------------------------------------------------------------------
Simulation Run 0 starting at: 2025-04-22 13:05:51
numNodes = 6528
numNodes = 6528
numVeh = 6528
startingNode = 4896
using tracefile ../maps/Grid-300/Grid-300.ns2mobility.xml
Loading buildings file "../maps/Grid-300/Grid-300.poly.xml
Loading losses from file ../maps/Grid-300/Grid-300.losses
totalCoverage= 6528/6528
coverageOnCirc= 148/148
m_sent=615
hops= 11.3649
slots= 75.3649
Simulation Run 0 ending at: 2025-04-22 14:05:09
Simulation Run 0 Elapsed wall-clock time: 59m 18s
-----------------------------------------------------------------------------
Simulation Run 1 starting at: 2025-04-22 14:05:09
numNodes = 6528
numNodes = 6528
numVeh = 6528
startingNode = 4896
using tracefile ../maps/Grid-300/Grid-300.ns2mobility.xml
Loading buildings file "../maps/Grid-300/Grid-300.poly.xml
Loading losses from file ../maps/Grid-300/Grid-300.losses
Simulation command is: fb-vanet-urban --buildings=1 --actualRange=300 --mapBasePath=../maps/Grid-300/Grid-300 --cwMin=32 --cwMax=1024 --vehicleDistance=25 --startingNode=4896 --propagationLoss=1 --protocol=1 --area=2000 --smartJunctionMode=0 --errorRate=0 --nVehicles=0 --droneTest=0 --highBuildings=0 --flooding=0  --printToFile=1 --printCoords=0 --createObstacleShadowingLossFile=0 --useObstacleShadowingLossFile=1 --forgedCoordTest=0 --forgedCoordRate=0 --maxRun=6
Container name: iopbn7a_urban-Grid-300-highBuildings0-drones0-d25-cw-32-1024-b1-e0-j0-Z-Fast-Broadcast-300-_run2
>>> [urban-Grid-300-highBuildings0-drones0-d25-cw-32-1024-b1-e0-j0-Z-Fast-Broadcast-300-_run2] Started at 2025-04-22 23:36:51
Waf: Entering directory `/my-project/ns-3/build'
Waf: Leaving directory `/my-project/ns-3/build'
Build commands will be stored in build/compile_commands.json
'build' finished successfully (1.405s)
-----------------------------------------------------------------------------
Whole simulation starting at: 2025-04-22 23:36:54
Start main urban
numNodes = 6528
numNodes = 6528
numVeh = 6528
startingNode = 4896
using tracefile ../maps/Grid-300/Grid-300.ns2mobility.xml
Loading buildings file "../maps/Grid-300/Grid-300.poly.xml
Loading losses from file ../maps/Grid-300/Grid-300.losses
Max run: 6
fileName=Grid-300/b1/e0/r300/j0/cw[32-1024]/Fast-Broadcast/Grid-300-b1-e0-r300-j0-Fast-Broadcast
fbTest= "/my-project/simulations/scenario-urbano/Grid-300/b1/e0/r300/j0/cw[32-1024]/Fast-Broadcast/Grid-300-b1-e0-r300-j0-Fast-Broadcast-1745357910584.csv"
-----------------------------------------------------------------------------
Simulation Run 0 starting at: 2025-04-22 23:38:30
numNodes = 6528
numNodes = 6528
numVeh = 6528
startingNode = 4896
using tracefile ../maps/Grid-300/Grid-300.ns2mobility.xml
Loading buildings file "../maps/Grid-300/Grid-300.poly.xml
Loading losses from file ../maps/Grid-300/Grid-300.losses
totalCoverage= 6528/6528
coverageOnCirc= 148/148
m_sent=598
hops= 12.3243
slots= 111.973
Simulation Run 0 ending at: 2025-04-23 00:34:42
Simulation Run 0 Elapsed wall-clock time: 56m 11s
-----------------------------------------------------------------------------
Simulation Run 1 starting at: 2025-04-23 00:34:42
numNodes = 6528
numNodes = 6528
numVeh = 6528
startingNode = 4896
using tracefile ../maps/Grid-300/Grid-300.ns2mobility.xml
Loading buildings file "../maps/Grid-300/Grid-300.poly.xml
Loading losses from file ../maps/Grid-300/Grid-300.losses
totalCoverage= 6528/6528
coverageOnCirc= 148/148
m_sent=608
hops= 13.1351
slots= 103.892
Simulation Run 1 ending at: 2025-04-23 01:30:49
Simulation Run 1 Elapsed wall-clock time: 56m 7s
-----------------------------------------------------------------------------
Simulation Run 2 starting at: 2025-04-23 01:30:49
numNodes = 6528
numNodes = 6528
numVeh = 6528
startingNode = 4896
using tracefile ../maps/Grid-300/Grid-300.ns2mobility.xml
Loading buildings file "../maps/Grid-300/Grid-300.poly.xml
Loading losses from file ../maps/Grid-300/Grid-300.losses
totalCoverage= 6528/6528
coverageOnCirc= 148/148
m_sent=599
hops= 11.3446
slots= 87.5608
Simulation Run 2 ending at: 2025-04-23 02:27:15
Simulation Run 2 Elapsed wall-clock time: 56m 26s
-----------------------------------------------------------------------------
Simulation Run 3 starting at: 2025-04-23 02:27:15
numNodes = 6528
numNodes = 6528
numVeh = 6528
startingNode = 4896
using tracefile ../maps/Grid-300/Grid-300.ns2mobility.xml
Loading buildings file "../maps/Grid-300/Grid-300.poly.xml
Loading losses from file ../maps/Grid-300/Grid-300.losses
totalCoverage= 6528/6528
coverageOnCirc= 148/148
m_sent=620
hops= 15.1622
slots= 136.351
Simulation Run 3 ending at: 2025-04-23 03:23:27
Simulation Run 3 Elapsed wall-clock time: 56m 11s
-----------------------------------------------------------------------------
Simulation Run 4 starting at: 2025-04-23 03:23:27
numNodes = 6528
numNodes = 6528
numVeh = 6528
startingNode = 4896
using tracefile ../maps/Grid-300/Grid-300.ns2mobility.xml
Loading buildings file "../maps/Grid-300/Grid-300.poly.xml
Loading losses from file ../maps/Grid-300/Grid-300.losses
totalCoverage= 6528/6528
coverageOnCirc= 148/148
m_sent=607
hops= 12.1689
slots= 89.5946
Simulation Run 4 ending at: 2025-04-23 04:19:58
Simulation Run 4 Elapsed wall-clock time: 56m 30s
-----------------------------------------------------------------------------
Simulation Run 5 starting at: 2025-04-23 04:19:58
numNodes = 6528
numNodes = 6528
numVeh = 6528
startingNode = 4896
using tracefile ../maps/Grid-300/Grid-300.ns2mobility.xml
Loading buildings file "../maps/Grid-300/Grid-300.poly.xml
Loading losses from file ../maps/Grid-300/Grid-300.losses
totalCoverage= 6528/6528
coverageOnCirc= 148/148
m_sent=631
hops= 12.527
slots= 109.885
Simulation Run 5 ending at: 2025-04-23 05:16:09
Simulation Run 5 Elapsed wall-clock time: 56m 11s
Whole simulation ending at: 2025-04-23 05:16:09
Whole simulation Elapsed wall-clock time: 339m 15s
>>> [urban-Grid-300-highBuildings0-drones0-d25-cw-32-1024-b1-e0-j0-Z-Fast-Broadcast-300-] All 2 runs completed. Moving to completed/
>>> [urban-Grid-300-highBuildings0-drones0-d25-cw-32-1024-b1-e0-j0-Z-Fast-Broadcast-300-_run2] SUCCESS
>>> Finished at 2025-04-23 05:16:15 with duration: 339m 24s
