Simulation command is: fb-vanet-urban --buildings=1 --actualRange=100 --mapBasePath=../maps/Grid-300/Grid-300 --cwMin=32 --cwMax=1024 --vehicleDistance=25 --startingNode=4896 --propagationLoss=1 --protocol=1 --area=2000 --smartJunctionMode=0 --errorRate=0 --nVehicles=0 --droneTest=0 --highBuildings=0 --flooding=0  --printToFile=1 --printCoords=0 --createObstacleShadowingLossFile=0 --useObstacleShadowingLossFile=1 --forgedCoordTest=0 --forgedCoordRate=0 --maxRun=10
>>> [urban-Grid-300-highBuildings0-drones0-d25-cw-32-1024-b1-e0-j0-Fast-Broadcast-100-_run1] Started at 2025-04-18 22:47:51
Waf: Entering directory `/my-project/ns-3/build'
Waf: Leaving directory `/my-project/ns-3/build'
Build commands will be stored in build/compile_commands.json
'build' finished successfully (1.280s)
Whole simulation starting at: 2025-04-18 22:47:55
Start main urban
numNodes = 6528
numNodes = 6528
numVeh = 6528
startingNode = 4896
using tracefile ../maps/Grid-300/Grid-300.ns2mobility.xml
Loading buildings file "../maps/Grid-300/Grid-300.poly.xml
Loading losses from file ../maps/Grid-300/Grid-300.losses
Max run: 10
fileName=Grid-300/b1/e0/r100/j0/cw[32-1024]/Fast-Broadcast/Grid-300-b1-e0-r100-j0-Fast-Broadcast
fbTest= "/my-project/simulations/scenario-urbano/Grid-300/b1/e0/r100/j0/cw[32-1024]/Fast-Broadcast/Grid-300-b1-e0-r100-j0-Fast-Broadcast-1745009343048.csv"
Simulation Run 0 starting at: 2025-04-18 22:49:03
numNodes = 6528
numNodes = 6528
numVeh = 6528
startingNode = 4896
using tracefile ../maps/Grid-300/Grid-300.ns2mobility.xml
Loading buildings file "../maps/Grid-300/Grid-300.poly.xml
Loading losses from file ../maps/Grid-300/Grid-300.losses
totalCoverage= 6528/6528
coverageOnCirc= 148/148
m_sent=1687
hops= 28.2297
slots= 366.615
Simulation Run 0 ending at: 2025-04-18 23:21:20
Simulation Run 0 Elapsed wall-clock time: 32m 17s
Simulation Run 1 starting at: 2025-04-18 23:21:20
numNodes = 6528
numNodes = 6528
numVeh = 6528
startingNode = 4896
using tracefile ../maps/Grid-300/Grid-300.ns2mobility.xml
Loading buildings file "../maps/Grid-300/Grid-300.poly.xml
Loading losses from file ../maps/Grid-300/Grid-300.losses
totalCoverage= 6528/6528
coverageOnCirc= 148/148
m_sent=1676
hops= 30.5541
slots= 422.318
Simulation Run 1 ending at: 2025-04-18 23:54:11
Simulation Run 1 Elapsed wall-clock time: 32m 50s
Simulation Run 2 starting at: 2025-04-18 23:54:11
numNodes = 6528
numNodes = 6528
numVeh = 6528
startingNode = 4896
using tracefile ../maps/Grid-300/Grid-300.ns2mobility.xml
Loading buildings file "../maps/Grid-300/Grid-300.poly.xml
Loading losses from file ../maps/Grid-300/Grid-300.losses
totalCoverage= 6528/6528
coverageOnCirc= 148/148
m_sent=1693
hops= 29.7568
slots= 362.399
Simulation Run 2 ending at: 2025-04-19 00:25:18
Simulation Run 2 Elapsed wall-clock time: 31m 6s
Simulation Run 3 starting at: 2025-04-19 00:25:18
numNodes = 6528
numNodes = 6528
numVeh = 6528
startingNode = 4896
using tracefile ../maps/Grid-300/Grid-300.ns2mobility.xml
Loading buildings file "../maps/Grid-300/Grid-300.poly.xml
Loading losses from file ../maps/Grid-300/Grid-300.losses
totalCoverage= 6528/6528
coverageOnCirc= 148/148
m_sent=1698
hops= 29.1824
slots= 407.959
Simulation Run 3 ending at: 2025-04-19 00:56:31
Simulation Run 3 Elapsed wall-clock time: 31m 13s
Simulation Run 4 starting at: 2025-04-19 00:56:31
numNodes = 6528
numNodes = 6528
numVeh = 6528
startingNode = 4896
using tracefile ../maps/Grid-300/Grid-300.ns2mobility.xml
Loading buildings file "../maps/Grid-300/Grid-300.poly.xml
Loading losses from file ../maps/Grid-300/Grid-300.losses
totalCoverage= 6528/6528
coverageOnCirc= 148/148
m_sent=1665
hops= 28.6622
slots= 387.885
Simulation Run 4 ending at: 2025-04-19 01:27:29
Simulation Run 4 Elapsed wall-clock time: 30m 58s
Simulation Run 5 starting at: 2025-04-19 01:27:29
numNodes = 6528
numNodes = 6528
numVeh = 6528
startingNode = 4896
using tracefile ../maps/Grid-300/Grid-300.ns2mobility.xml
Loading buildings file "../maps/Grid-300/Grid-300.poly.xml
Loading losses from file ../maps/Grid-300/Grid-300.losses
totalCoverage= 6528/6528
coverageOnCirc= 148/148
m_sent=1665
hops= 28.1757
slots= 323.162
Simulation Run 5 ending at: 2025-04-19 01:58:14
Simulation Run 5 Elapsed wall-clock time: 30m 44s
Simulation Run 6 starting at: 2025-04-19 01:58:14
numNodes = 6528
numNodes = 6528
numVeh = 6528
startingNode = 4896
using tracefile ../maps/Grid-300/Grid-300.ns2mobility.xml
Loading buildings file "../maps/Grid-300/Grid-300.poly.xml
Loading losses from file ../maps/Grid-300/Grid-300.losses
totalCoverage= 6528/6528
coverageOnCirc= 148/148
m_sent=1671
hops= 29.4459
slots= 365.426
Simulation Run 6 ending at: 2025-04-19 02:29:03
Simulation Run 6 Elapsed wall-clock time: 30m 48s
Simulation Run 7 starting at: 2025-04-19 02:29:03
numNodes = 6528
numNodes = 6528
numVeh = 6528
startingNode = 4896
using tracefile ../maps/Grid-300/Grid-300.ns2mobility.xml
Loading buildings file "../maps/Grid-300/Grid-300.poly.xml
Loading losses from file ../maps/Grid-300/Grid-300.losses
totalCoverage= 6528/6528
coverageOnCirc= 148/148
m_sent=1675
hops= 30.0946
slots= 355.378
Simulation Run 7 ending at: 2025-04-19 03:00:15
Simulation Run 7 Elapsed wall-clock time: 31m 12s
Simulation Run 8 starting at: 2025-04-19 03:00:15
numNodes = 6528
numNodes = 6528
numVeh = 6528
startingNode = 4896
using tracefile ../maps/Grid-300/Grid-300.ns2mobility.xml
Loading buildings file "../maps/Grid-300/Grid-300.poly.xml
Loading losses from file ../maps/Grid-300/Grid-300.losses
totalCoverage= 6528/6528
coverageOnCirc= 148/148
m_sent=1688
hops= 29.3514
slots= 360.595
Simulation Run 8 ending at: 2025-04-19 03:31:05
Simulation Run 8 Elapsed wall-clock time: 30m 49s
Simulation Run 9 starting at: 2025-04-19 03:31:05
numNodes = 6528
numNodes = 6528
numVeh = 6528
startingNode = 4896
using tracefile ../maps/Grid-300/Grid-300.ns2mobility.xml
Loading buildings file "../maps/Grid-300/Grid-300.poly.xml
Loading losses from file ../maps/Grid-300/Grid-300.losses
totalCoverage= 6528/6528
coverageOnCirc= 148/148
m_sent=1679
hops= 28.9527
slots= 389
Simulation Run 9 ending at: 2025-04-19 04:01:59
Simulation Run 9 Elapsed wall-clock time: 30m 54s
Whole simulation ending at: 2025-04-19 04:01:59
Whole simulation Elapsed wall-clock time: 314m 4s
>>> [urban-Grid-300-highBuildings0-drones0-d25-cw-32-1024-b1-e0-j0-Fast-Broadcast-100-] All 1 runs completed. Moving to completed/
>>> [urban-Grid-300-highBuildings0-drones0-d25-cw-32-1024-b1-e0-j0-Fast-Broadcast-100-_run1] SUCCESS
>>> Finished at 2025-04-19 04:02:06 with duration: 314m 15s
