Simulation command is: fb-vanet-urban --buildings=1 --actualRange=300 --mapBasePath=../maps/Grid-300/Grid-300 --cwMin=32 --cwMax=1024 --vehicleDistance=25 --startingNode=4896 --propagationLoss=1 --protocol=2 --area=2000 --smartJunctionMode=0 --errorRate=0 --nVehicles=0 --droneTest=0 --highBuildings=0 --flooding=0  --printToFile=1 --printCoords=0 --createObstacleShadowingLossFile=0 --useObstacleShadowingLossFile=1 --forgedCoordTest=0 --forgedCoordRate=0
>>> [urban-Grid-300-highBuildings0-drones0-d25-cw-32-1024-b1-e0-j0-STATIC-100-300-_run1] Started at 2025-04-18 19:47:31
Waf: Entering directory `/my-project/ns-3/build'
[ 876/1812] Compiling scratch/fb-vanet-urban/fb-vanet-urban.cc
[1801/1812] Linking build/scratch/fb-vanet-urban/fb-vanet-urban
Waf: Leaving directory `/my-project/ns-3/build'
Build commands will be stored in build/compile_commands.json
'build' finished successfully (12.709s)
Whole simulation starting at: 2025-04-18 19:47:44
Start main urban
Max run: 40
numNodes = 6528
numNodes = 6528
numVeh = 6528
startingNode = 4896
using tracefile ../maps/Grid-300/Grid-300.ns2mobility.xml
Loading buildings file "../maps/Grid-300/Grid-300.poly.xml
Loading losses from file ../maps/Grid-300/Grid-300.losses
fileName=Grid-300/b1/e0/r300/j0/cw[32-1024]/STATIC-100/Grid-300-b1-e0-r300-j0-STATIC-100
fbTest= "/my-project/simulations/scenario-urbano/Grid-300/b1/e0/r300/j0/cw[32-1024]/STATIC-100/Grid-300-b1-e0-r300-j0-STATIC-100-1744998525767.csv"
Simulation Run 0 starting at: 2025-04-18 19:48:45
numNodes = 6528
numNodes = 6528
numVeh = 6528
startingNode = 4896
using tracefile ../maps/Grid-300/Grid-300.ns2mobility.xml
Loading buildings file "../maps/Grid-300/Grid-300.poly.xml
Loading losses from file ../maps/Grid-300/Grid-300.losses
totalCoverage= 6528/6528
coverageOnCirc= 148/148
m_sent=849
hops= 14.5
slots= 54.3784
Simulation Run 0 ending at: 2025-04-18 19:50:53
Simulation Run 0 Elapsed wall-clock time: 2m 7s
Simulation Run 1 starting at: 2025-04-18 19:50:53
numNodes = 6528
numNodes = 6528
numVeh = 6528
startingNode = 4896
using tracefile ../maps/Grid-300/Grid-300.ns2mobility.xml
Loading buildings file "../maps/Grid-300/Grid-300.poly.xml
Loading losses from file ../maps/Grid-300/Grid-300.losses
totalCoverage= 6352/6528
coverageOnCirc= 140/148
m_sent=825
hops= 13.4214
slots= 46.8643
Simulation Run 1 ending at: 2025-04-18 19:52:55
Simulation Run 1 Elapsed wall-clock time: 2m 2s
Simulation Run 2 starting at: 2025-04-18 19:52:55
numNodes = 6528
numNodes = 6528
numVeh = 6528
startingNode = 4896
using tracefile ../maps/Grid-300/Grid-300.ns2mobility.xml
Loading buildings file "../maps/Grid-300/Grid-300.poly.xml
Loading losses from file ../maps/Grid-300/Grid-300.losses
totalCoverage= 6442/6528
coverageOnCirc= 146/148
m_sent=870
hops= 15.0342
slots= 47.4932
Simulation Run 2 ending at: 2025-04-18 19:54:56
Simulation Run 2 Elapsed wall-clock time: 2m 1s
Simulation Run 3 starting at: 2025-04-18 19:54:56
numNodes = 6528
numNodes = 6528
numVeh = 6528
startingNode = 4896
using tracefile ../maps/Grid-300/Grid-300.ns2mobility.xml
Loading buildings file "../maps/Grid-300/Grid-300.poly.xml
Loading losses from file ../maps/Grid-300/Grid-300.losses
totalCoverage= 6528/6528
coverageOnCirc= 148/148
m_sent=849
hops= 17.4662
slots= 62.9054
Simulation Run 3 ending at: 2025-04-18 19:56:55
Simulation Run 3 Elapsed wall-clock time: 1m 58s
Simulation Run 4 starting at: 2025-04-18 19:56:55
numNodes = 6528
numNodes = 6528
numVeh = 6528
startingNode = 4896
using tracefile ../maps/Grid-300/Grid-300.ns2mobility.xml
Loading buildings file "../maps/Grid-300/Grid-300.poly.xml
Loading losses from file ../maps/Grid-300/Grid-300.losses
totalCoverage= 6174/6528
coverageOnCirc= 142/148
m_sent=790
hops= 14.7958
slots= 55.831
Simulation Run 4 ending at: 2025-04-18 19:58:52
Simulation Run 4 Elapsed wall-clock time: 1m 57s
Simulation Run 5 starting at: 2025-04-18 19:58:52
numNodes = 6528
numNodes = 6528
numVeh = 6528
startingNode = 4896
using tracefile ../maps/Grid-300/Grid-300.ns2mobility.xml
Loading buildings file "../maps/Grid-300/Grid-300.poly.xml
Loading losses from file ../maps/Grid-300/Grid-300.losses
totalCoverage= 6528/6528
coverageOnCirc= 148/148
m_sent=859
hops= 15.9865
slots= 53.4932
Simulation Run 5 ending at: 2025-04-18 20:00:53
Simulation Run 5 Elapsed wall-clock time: 2m 0s
Simulation Run 6 starting at: 2025-04-18 20:00:53
numNodes = 6528
numNodes = 6528
numVeh = 6528
startingNode = 4896
using tracefile ../maps/Grid-300/Grid-300.ns2mobility.xml
Loading buildings file "../maps/Grid-300/Grid-300.poly.xml
Loading losses from file ../maps/Grid-300/Grid-300.losses
totalCoverage= 6528/6528
coverageOnCirc= 148/148
m_sent=854
hops= 15.7095
slots= 65.3649
Simulation Run 6 ending at: 2025-04-18 20:03:01
Simulation Run 6 Elapsed wall-clock time: 2m 8s
Simulation Run 7 starting at: 2025-04-18 20:03:01
numNodes = 6528
numNodes = 6528
numVeh = 6528
startingNode = 4896
using tracefile ../maps/Grid-300/Grid-300.ns2mobility.xml
Loading buildings file "../maps/Grid-300/Grid-300.poly.xml
Loading losses from file ../maps/Grid-300/Grid-300.losses
totalCoverage= 6528/6528
coverageOnCirc= 148/148
m_sent=869
hops= 14.6486
slots= 56.3041
Simulation Run 7 ending at: 2025-04-18 20:05:16
Simulation Run 7 Elapsed wall-clock time: 2m 14s
Simulation Run 8 starting at: 2025-04-18 20:05:16
numNodes = 6528
numNodes = 6528
numVeh = 6528
startingNode = 4896
using tracefile ../maps/Grid-300/Grid-300.ns2mobility.xml
Loading buildings file "../maps/Grid-300/Grid-300.poly.xml
Loading losses from file ../maps/Grid-300/Grid-300.losses
totalCoverage= 6528/6528
coverageOnCirc= 148/148
m_sent=848
hops= 16.6892
slots= 65.277
Simulation Run 8 ending at: 2025-04-18 20:07:23
Simulation Run 8 Elapsed wall-clock time: 2m 6s
Simulation Run 9 starting at: 2025-04-18 20:07:23
numNodes = 6528
numNodes = 6528
numVeh = 6528
startingNode = 4896
using tracefile ../maps/Grid-300/Grid-300.ns2mobility.xml
Loading buildings file "../maps/Grid-300/Grid-300.poly.xml
Loading losses from file ../maps/Grid-300/Grid-300.losses
totalCoverage= 6528/6528
coverageOnCirc= 148/148
m_sent=839
hops= 15.1081
slots= 52.5338
Simulation Run 9 ending at: 2025-04-18 20:09:31
Simulation Run 9 Elapsed wall-clock time: 2m 7s
Simulation Run 10 starting at: 2025-04-18 20:09:31
numNodes = 6528
numNodes = 6528
numVeh = 6528
startingNode = 4896
using tracefile ../maps/Grid-300/Grid-300.ns2mobility.xml
Loading buildings file "../maps/Grid-300/Grid-300.poly.xml
Loading losses from file ../maps/Grid-300/Grid-300.losses
totalCoverage= 6528/6528
coverageOnCirc= 148/148
m_sent=853
hops= 16.5743
slots= 55.0676
Simulation Run 10 ending at: 2025-04-18 20:11:36
Simulation Run 10 Elapsed wall-clock time: 2m 5s
Simulation Run 11 starting at: 2025-04-18 20:11:36
numNodes = 6528
numNodes = 6528
numVeh = 6528
startingNode = 4896
using tracefile ../maps/Grid-300/Grid-300.ns2mobility.xml
Loading buildings file "../maps/Grid-300/Grid-300.poly.xml
Loading losses from file ../maps/Grid-300/Grid-300.losses
totalCoverage= 6528/6528
coverageOnCirc= 148/148
m_sent=857
hops= 13.25
slots= 45.9527
Simulation Run 11 ending at: 2025-04-18 20:13:43
Simulation Run 11 Elapsed wall-clock time: 2m 6s
Simulation Run 12 starting at: 2025-04-18 20:13:43
numNodes = 6528
numNodes = 6528
numVeh = 6528
startingNode = 4896
using tracefile ../maps/Grid-300/Grid-300.ns2mobility.xml
Loading buildings file "../maps/Grid-300/Grid-300.poly.xml
Loading losses from file ../maps/Grid-300/Grid-300.losses
totalCoverage= 6528/6528
coverageOnCirc= 148/148
m_sent=862
hops= 13.9932
slots= 48.4324
Simulation Run 12 ending at: 2025-04-18 20:15:54
Simulation Run 12 Elapsed wall-clock time: 2m 11s
Simulation Run 13 starting at: 2025-04-18 20:15:54
numNodes = 6528
numNodes = 6528
numVeh = 6528
startingNode = 4896
using tracefile ../maps/Grid-300/Grid-300.ns2mobility.xml
Loading buildings file "../maps/Grid-300/Grid-300.poly.xml
Loading losses from file ../maps/Grid-300/Grid-300.losses
totalCoverage= 6352/6528
coverageOnCirc= 140/148
m_sent=858
hops= 14.1286
slots= 48.1286
Simulation Run 13 ending at: 2025-04-18 20:18:00
Simulation Run 13 Elapsed wall-clock time: 2m 5s
Simulation Run 14 starting at: 2025-04-18 20:18:00
numNodes = 6528
numNodes = 6528
numVeh = 6528
startingNode = 4896
using tracefile ../maps/Grid-300/Grid-300.ns2mobility.xml
Loading buildings file "../maps/Grid-300/Grid-300.poly.xml
Loading losses from file ../maps/Grid-300/Grid-300.losses
totalCoverage= 6528/6528
coverageOnCirc= 148/148
m_sent=858
hops= 13.5405
slots= 49.4324
Simulation Run 14 ending at: 2025-04-18 20:20:04
Simulation Run 14 Elapsed wall-clock time: 2m 4s
Simulation Run 15 starting at: 2025-04-18 20:20:04
numNodes = 6528
numNodes = 6528
numVeh = 6528
startingNode = 4896
using tracefile ../maps/Grid-300/Grid-300.ns2mobility.xml
Loading buildings file "../maps/Grid-300/Grid-300.poly.xml
Loading losses from file ../maps/Grid-300/Grid-300.losses
totalCoverage= 6528/6528
coverageOnCirc= 148/148
m_sent=841
hops= 17.1216
slots= 69.5338
Simulation Run 15 ending at: 2025-04-18 20:22:06
Simulation Run 15 Elapsed wall-clock time: 2m 1s
Simulation Run 16 starting at: 2025-04-18 20:22:06
numNodes = 6528
numNodes = 6528
numVeh = 6528
startingNode = 4896
using tracefile ../maps/Grid-300/Grid-300.ns2mobility.xml
Loading buildings file "../maps/Grid-300/Grid-300.poly.xml
Loading losses from file ../maps/Grid-300/Grid-300.losses
totalCoverage= 6528/6528
coverageOnCirc= 148/148
m_sent=885
hops= 14.7635
slots= 58.4797
Simulation Run 16 ending at: 2025-04-18 20:24:14
Simulation Run 16 Elapsed wall-clock time: 2m 7s
Simulation Run 17 starting at: 2025-04-18 20:24:14
numNodes = 6528
numNodes = 6528
numVeh = 6528
startingNode = 4896
using tracefile ../maps/Grid-300/Grid-300.ns2mobility.xml
Loading buildings file "../maps/Grid-300/Grid-300.poly.xml
Loading losses from file ../maps/Grid-300/Grid-300.losses
totalCoverage= 6341/6528
coverageOnCirc= 142/148
m_sent=811
hops= 17.2254
slots= 67.6901
Simulation Run 17 ending at: 2025-04-18 20:26:13
Simulation Run 17 Elapsed wall-clock time: 1m 58s
Simulation Run 18 starting at: 2025-04-18 20:26:13
numNodes = 6528
numNodes = 6528
numVeh = 6528
startingNode = 4896
using tracefile ../maps/Grid-300/Grid-300.ns2mobility.xml
Loading buildings file "../maps/Grid-300/Grid-300.poly.xml
Loading losses from file ../maps/Grid-300/Grid-300.losses
totalCoverage= 6297/6528
coverageOnCirc= 141/148
m_sent=838
hops= 17.0709
slots= 58.0496
Simulation Run 18 ending at: 2025-04-18 20:28:15
Simulation Run 18 Elapsed wall-clock time: 2m 2s
Simulation Run 19 starting at: 2025-04-18 20:28:15
numNodes = 6528
numNodes = 6528
numVeh = 6528
startingNode = 4896
using tracefile ../maps/Grid-300/Grid-300.ns2mobility.xml
Loading buildings file "../maps/Grid-300/Grid-300.poly.xml
Loading losses from file ../maps/Grid-300/Grid-300.losses
totalCoverage= 6528/6528
coverageOnCirc= 148/148
m_sent=855
hops= 13.723
slots= 46.6824
Simulation Run 19 ending at: 2025-04-18 20:30:17
Simulation Run 19 Elapsed wall-clock time: 2m 2s
Simulation Run 20 starting at: 2025-04-18 20:30:17
numNodes = 6528
numNodes = 6528
numVeh = 6528
startingNode = 4896
using tracefile ../maps/Grid-300/Grid-300.ns2mobility.xml
Loading buildings file "../maps/Grid-300/Grid-300.poly.xml
Loading losses from file ../maps/Grid-300/Grid-300.losses
totalCoverage= 6528/6528
coverageOnCirc= 148/148
m_sent=852
hops= 15.3041
slots= 52.8108
Simulation Run 20 ending at: 2025-04-18 20:32:25
Simulation Run 20 Elapsed wall-clock time: 2m 8s
Simulation Run 21 starting at: 2025-04-18 20:32:26
numNodes = 6528
numNodes = 6528
numVeh = 6528
startingNode = 4896
using tracefile ../maps/Grid-300/Grid-300.ns2mobility.xml
Loading buildings file "../maps/Grid-300/Grid-300.poly.xml
Loading losses from file ../maps/Grid-300/Grid-300.losses
totalCoverage= 6497/6528
coverageOnCirc= 147/148
m_sent=877
hops= 17.0952
slots= 66.7483
Simulation Run 21 ending at: 2025-04-18 20:34:34
Simulation Run 21 Elapsed wall-clock time: 2m 8s
Simulation Run 22 starting at: 2025-04-18 20:34:34
numNodes = 6528
numNodes = 6528
numVeh = 6528
startingNode = 4896
using tracefile ../maps/Grid-300/Grid-300.ns2mobility.xml
Loading buildings file "../maps/Grid-300/Grid-300.poly.xml
Loading losses from file ../maps/Grid-300/Grid-300.losses
totalCoverage= 6335/6528
coverageOnCirc= 139/148
m_sent=854
hops= 15.741
slots= 54.0576
Simulation Run 22 ending at: 2025-04-18 20:36:36
Simulation Run 22 Elapsed wall-clock time: 2m 1s
Simulation Run 23 starting at: 2025-04-18 20:36:36
numNodes = 6528
numNodes = 6528
numVeh = 6528
startingNode = 4896
using tracefile ../maps/Grid-300/Grid-300.ns2mobility.xml
Loading buildings file "../maps/Grid-300/Grid-300.poly.xml
Loading losses from file ../maps/Grid-300/Grid-300.losses
totalCoverage= 6503/6528
coverageOnCirc= 148/148
m_sent=856
hops= 15.9797
slots= 62.4122
Simulation Run 23 ending at: 2025-04-18 20:38:55
Simulation Run 23 Elapsed wall-clock time: 2m 19s
Simulation Run 24 starting at: 2025-04-18 20:38:55
numNodes = 6528
numNodes = 6528
numVeh = 6528
startingNode = 4896
using tracefile ../maps/Grid-300/Grid-300.ns2mobility.xml
Loading buildings file "../maps/Grid-300/Grid-300.poly.xml
Loading losses from file ../maps/Grid-300/Grid-300.losses
totalCoverage= 6352/6528
coverageOnCirc= 142/148
m_sent=848
hops= 14.0775
slots= 52.6831
Simulation Run 24 ending at: 2025-04-18 20:41:03
Simulation Run 24 Elapsed wall-clock time: 2m 8s
Simulation Run 25 starting at: 2025-04-18 20:41:03
numNodes = 6528
numNodes = 6528
numVeh = 6528
startingNode = 4896
using tracefile ../maps/Grid-300/Grid-300.ns2mobility.xml
Loading buildings file "../maps/Grid-300/Grid-300.poly.xml
Loading losses from file ../maps/Grid-300/Grid-300.losses
totalCoverage= 6457/6528
coverageOnCirc= 147/148
m_sent=871
hops= 16.1361
slots= 63.034
Simulation Run 25 ending at: 2025-04-18 20:43:05
Simulation Run 25 Elapsed wall-clock time: 2m 1s
Simulation Run 26 starting at: 2025-04-18 20:43:05
numNodes = 6528
numNodes = 6528
numVeh = 6528
startingNode = 4896
using tracefile ../maps/Grid-300/Grid-300.ns2mobility.xml
Loading buildings file "../maps/Grid-300/Grid-300.poly.xml
Loading losses from file ../maps/Grid-300/Grid-300.losses
totalCoverage= 6528/6528
coverageOnCirc= 148/148
m_sent=860
hops= 17.3649
slots= 63.0338
Simulation Run 26 ending at: 2025-04-18 20:45:05
Simulation Run 26 Elapsed wall-clock time: 2m 0s
Simulation Run 27 starting at: 2025-04-18 20:45:05
numNodes = 6528
numNodes = 6528
numVeh = 6528
startingNode = 4896
using tracefile ../maps/Grid-300/Grid-300.ns2mobility.xml
Loading buildings file "../maps/Grid-300/Grid-300.poly.xml
Loading losses from file ../maps/Grid-300/Grid-300.losses
totalCoverage= 6528/6528
coverageOnCirc= 148/148
m_sent=859
hops= 14.723
slots= 55.1081
Simulation Run 27 ending at: 2025-04-18 20:47:07
Simulation Run 27 Elapsed wall-clock time: 2m 1s
Simulation Run 28 starting at: 2025-04-18 20:47:07
numNodes = 6528
numNodes = 6528
numVeh = 6528
startingNode = 4896
using tracefile ../maps/Grid-300/Grid-300.ns2mobility.xml
Loading buildings file "../maps/Grid-300/Grid-300.poly.xml
Loading losses from file ../maps/Grid-300/Grid-300.losses
totalCoverage= 6528/6528
coverageOnCirc= 148/148
m_sent=844
hops= 18.0878
slots= 71.5811
Simulation Run 28 ending at: 2025-04-18 20:49:10
Simulation Run 28 Elapsed wall-clock time: 2m 3s
Simulation Run 29 starting at: 2025-04-18 20:49:10
numNodes = 6528
numNodes = 6528
numVeh = 6528
startingNode = 4896
using tracefile ../maps/Grid-300/Grid-300.ns2mobility.xml
Loading buildings file "../maps/Grid-300/Grid-300.poly.xml
Loading losses from file ../maps/Grid-300/Grid-300.losses
totalCoverage= 6528/6528
coverageOnCirc= 148/148
m_sent=907
hops= 15.9662
slots= 62.8581
Simulation Run 29 ending at: 2025-04-18 20:51:10
Simulation Run 29 Elapsed wall-clock time: 2m 0s
Simulation Run 30 starting at: 2025-04-18 20:51:10
numNodes = 6528
numNodes = 6528
numVeh = 6528
startingNode = 4896
using tracefile ../maps/Grid-300/Grid-300.ns2mobility.xml
Loading buildings file "../maps/Grid-300/Grid-300.poly.xml
Loading losses from file ../maps/Grid-300/Grid-300.losses
totalCoverage= 6528/6528
coverageOnCirc= 148/148
m_sent=872
hops= 16.3716
slots= 55.6824
Simulation Run 30 ending at: 2025-04-18 20:53:09
Simulation Run 30 Elapsed wall-clock time: 1m 58s
Simulation Run 31 starting at: 2025-04-18 20:53:09
numNodes = 6528
numNodes = 6528
numVeh = 6528
startingNode = 4896
using tracefile ../maps/Grid-300/Grid-300.ns2mobility.xml
Loading buildings file "../maps/Grid-300/Grid-300.poly.xml
Loading losses from file ../maps/Grid-300/Grid-300.losses
totalCoverage= 6528/6528
coverageOnCirc= 148/148
m_sent=871
hops= 13.8243
slots= 52.7297
Simulation Run 31 ending at: 2025-04-18 20:55:09
Simulation Run 31 Elapsed wall-clock time: 1m 59s
Simulation Run 32 starting at: 2025-04-18 20:55:09
numNodes = 6528
numNodes = 6528
numVeh = 6528
startingNode = 4896
using tracefile ../maps/Grid-300/Grid-300.ns2mobility.xml
Loading buildings file "../maps/Grid-300/Grid-300.poly.xml
Loading losses from file ../maps/Grid-300/Grid-300.losses
totalCoverage= 6528/6528
coverageOnCirc= 148/148
m_sent=867
hops= 21.473
slots= 85.9392
Simulation Run 32 ending at: 2025-04-18 20:57:04
Simulation Run 32 Elapsed wall-clock time: 1m 55s
Simulation Run 33 starting at: 2025-04-18 20:57:04
numNodes = 6528
numNodes = 6528
numVeh = 6528
startingNode = 4896
using tracefile ../maps/Grid-300/Grid-300.ns2mobility.xml
Loading buildings file "../maps/Grid-300/Grid-300.poly.xml
Loading losses from file ../maps/Grid-300/Grid-300.losses
totalCoverage= 6528/6528
coverageOnCirc= 148/148
m_sent=869
hops= 17.7297
slots= 66.6824
Simulation Run 33 ending at: 2025-04-18 20:59:03
Simulation Run 33 Elapsed wall-clock time: 1m 59s
Simulation Run 34 starting at: 2025-04-18 20:59:03
numNodes = 6528
numNodes = 6528
numVeh = 6528
startingNode = 4896
using tracefile ../maps/Grid-300/Grid-300.ns2mobility.xml
Loading buildings file "../maps/Grid-300/Grid-300.poly.xml
Loading losses from file ../maps/Grid-300/Grid-300.losses
totalCoverage= 6528/6528
coverageOnCirc= 148/148
m_sent=847
hops= 14.4324
slots= 49.4662
Simulation Run 34 ending at: 2025-04-18 21:01:01
Simulation Run 34 Elapsed wall-clock time: 1m 57s
Simulation Run 35 starting at: 2025-04-18 21:01:01
numNodes = 6528
numNodes = 6528
numVeh = 6528
startingNode = 4896
using tracefile ../maps/Grid-300/Grid-300.ns2mobility.xml
Loading buildings file "../maps/Grid-300/Grid-300.poly.xml
Loading losses from file ../maps/Grid-300/Grid-300.losses
totalCoverage= 6352/6528
coverageOnCirc= 144/148
m_sent=856
hops= 16.4375
slots= 66.0694
Simulation Run 35 ending at: 2025-04-18 21:02:57
Simulation Run 35 Elapsed wall-clock time: 1m 56s
Simulation Run 36 starting at: 2025-04-18 21:02:57
numNodes = 6528
numNodes = 6528
numVeh = 6528
startingNode = 4896
using tracefile ../maps/Grid-300/Grid-300.ns2mobility.xml
Loading buildings file "../maps/Grid-300/Grid-300.poly.xml
Loading losses from file ../maps/Grid-300/Grid-300.losses
totalCoverage= 6526/6528
coverageOnCirc= 148/148
m_sent=849
hops= 15.1554
slots= 45.6554
Simulation Run 36 ending at: 2025-04-18 21:05:02
Simulation Run 36 Elapsed wall-clock time: 2m 4s
Simulation Run 37 starting at: 2025-04-18 21:05:02
numNodes = 6528
numNodes = 6528
numVeh = 6528
startingNode = 4896
using tracefile ../maps/Grid-300/Grid-300.ns2mobility.xml
Loading buildings file "../maps/Grid-300/Grid-300.poly.xml
Loading losses from file ../maps/Grid-300/Grid-300.losses
totalCoverage= 6528/6528
coverageOnCirc= 148/148
m_sent=855
hops= 15.0676
slots= 43.8243
Simulation Run 37 ending at: 2025-04-18 21:07:03
Simulation Run 37 Elapsed wall-clock time: 2m 1s
Simulation Run 38 starting at: 2025-04-18 21:07:03
numNodes = 6528
numNodes = 6528
numVeh = 6528
startingNode = 4896
using tracefile ../maps/Grid-300/Grid-300.ns2mobility.xml
Loading buildings file "../maps/Grid-300/Grid-300.poly.xml
Loading losses from file ../maps/Grid-300/Grid-300.losses
totalCoverage= 6528/6528
coverageOnCirc= 148/148
m_sent=876
hops= 16.5608
slots= 62.027
Simulation Run 38 ending at: 2025-04-18 21:09:06
Simulation Run 38 Elapsed wall-clock time: 2m 3s
Simulation Run 39 starting at: 2025-04-18 21:09:06
numNodes = 6528
numNodes = 6528
numVeh = 6528
startingNode = 4896
using tracefile ../maps/Grid-300/Grid-300.ns2mobility.xml
Loading buildings file "../maps/Grid-300/Grid-300.poly.xml
Loading losses from file ../maps/Grid-300/Grid-300.losses
totalCoverage= 6484/6528
coverageOnCirc= 147/148
m_sent=833
hops= 14.9456
slots= 54.585
Simulation Run 39 ending at: 2025-04-18 21:11:39
Simulation Run 39 Elapsed wall-clock time: 2m 32s
Whole simulation ending at: 2025-04-18 21:11:39
Whole simulation Elapsed wall-clock time: 83m 55s
>>> [urban-Grid-300-highBuildings0-drones0-d25-cw-32-1024-b1-e0-j0-STATIC-100-300-] All 1 runs completed. Moving to completed/
>>> [urban-Grid-300-highBuildings0-drones0-d25-cw-32-1024-b1-e0-j0-STATIC-100-300-_run1] SUCCESS
>>> Finished at 2025-04-18 21:11:43 with duration: 84m 12s
