Simulation command is: fb-vanet-urban --buildings=1 --actualRange=100 --mapBasePath=../maps/Grid-300/Grid-300 --cwMin=32 --cwMax=1024 --vehicleDistance=25 --startingNode=4896 --propagationLoss=1 --protocol=2 --area=2000 --smartJunctionMode=0 --errorRate=0 --nVehicles=0 --droneTest=0 --highBuildings=0 --flooding=0  --printToFile=1 --printCoords=0 --createObstacleShadowingLossFile=0 --useObstacleShadowingLossFile=1 --forgedCoordTest=0 --forgedCoordRate=0
>>> [urban-Grid-300-highBuildings0-drones0-d25-cw-32-1024-b1-e0-j0-STATIC-100-100-_run1] Started at 2025-04-18 19:47:31
Waf: Entering directory `/my-project/ns-3/build'
[ 876/1812] Compiling scratch/fb-vanet-urban/fb-vanet-urban.cc
[1801/1812] Linking build/scratch/fb-vanet-urban/fb-vanet-urban
Waf: Leaving directory `/my-project/ns-3/build'
Traceback (most recent call last):
  File "/my-project/ns-3/.waf-1.8.19-b1fc8f7baef51bd2db4c2971909a568d/waflib/Scripting.py", line 110, in waf_entry_point
    run_commands()
  File "/my-project/ns-3/.waf-1.8.19-b1fc8f7baef51bd2db4c2971909a568d/waflib/Scripting.py", line 171, in run_commands
    ctx=run_command(cmd_name)
  File "/my-project/ns-3/.waf-1.8.19-b1fc8f7baef51bd2db4c2971909a568d/waflib/Scripting.py", line 162, in run_command
    ctx.execute()
  File "/my-project/ns-3/.waf-1.8.19-b1fc8f7baef51bd2db4c2971909a568d/waflib/Scripting.py", line 383, in execute
    return execute_method(self)
  File "/my-project/ns-3/.waf-1.8.19-b1fc8f7baef51bd2db4c2971909a568d/waflib/Build.py", line 107, in execute
    self.execute_build()
  File "/my-project/ns-3/.waf-1.8.19-b1fc8f7baef51bd2db4c2971909a568d/waflib/Build.py", line 114, in execute_build
    self.compile()
  File "/my-project/ns-3/.waf-1.8.19-b1fc8f7baef51bd2db4c2971909a568d/waflib/Build.py", line 183, in compile
    self.store()
  File "waf-tools/relocation.py", line 24, in store
    old1(self)
  File "/my-project/ns-3/.waf-1.8.19-b1fc8f7baef51bd2db4c2971909a568d/waflib/Build.py", line 170, in store
    os.rename(db+'.tmp',db)
OSError: [Errno 2] No such file or directory

>>> [urban-Grid-300-highBuildings0-drones0-d25-cw-32-1024-b1-e0-j0-STATIC-100-100-_run1] FAILED with exit code 2
Simulation command is: fb-vanet-urban --buildings=1 --actualRange=100 --mapBasePath=../maps/Grid-300/Grid-300 --cwMin=32 --cwMax=1024 --vehicleDistance=25 --startingNode=4896 --propagationLoss=1 --protocol=2 --area=2000 --smartJunctionMode=0 --errorRate=0 --nVehicles=0 --droneTest=0 --highBuildings=0 --flooding=0  --printToFile=1 --printCoords=0 --createObstacleShadowingLossFile=0 --useObstacleShadowingLossFile=1 --forgedCoordTest=0 --forgedCoordRate=0 --maxRun=40
>>> [urban-Grid-300-highBuildings0-drones0-d25-cw-32-1024-b1-e0-j0-STATIC-100-100-_run1] Started at 2025-04-18 21:49:30
Waf: Entering directory `/my-project/ns-3/build'
[ 876/1812] Compiling scratch/fb-vanet-urban/fb-vanet-urban.cc
[1800/1812] Linking build/scratch/fb-vanet-urban/fb-vanet-urban
Waf: Leaving directory `/my-project/ns-3/build'
Build commands will be stored in build/compile_commands.json
'build' finished successfully (13.545s)
Whole simulation starting at: 2025-04-18 21:49:46
Start main urban
numNodes = 6528
numNodes = 6528
numVeh = 6528
startingNode = 4896
using tracefile ../maps/Grid-300/Grid-300.ns2mobility.xml
Loading buildings file "../maps/Grid-300/Grid-300.poly.xml
Loading losses from file ../maps/Grid-300/Grid-300.losses
Max run: 40
fileName=Grid-300/b1/e0/r100/j0/cw[32-1024]/STATIC-100/Grid-300-b1-e0-r100-j0-STATIC-100
fbTest= "/my-project/simulations/scenario-urbano/Grid-300/b1/e0/r100/j0/cw[32-1024]/STATIC-100/Grid-300-b1-e0-r100-j0-STATIC-100-1745005852648.csv"
Simulation Run 0 starting at: 2025-04-18 21:50:52
numNodes = 6528
numNodes = 6528
numVeh = 6528
startingNode = 4896
using tracefile ../maps/Grid-300/Grid-300.ns2mobility.xml
Loading buildings file "../maps/Grid-300/Grid-300.poly.xml
Loading losses from file ../maps/Grid-300/Grid-300.losses
totalCoverage= 6528/6528
coverageOnCirc= 148/148
m_sent=1684
hops= 29.0608
slots= 378.095
Simulation Run 0 ending at: 2025-04-18 21:53:49
Simulation Run 0 Elapsed wall-clock time: 2m 56s
Simulation Run 1 starting at: 2025-04-18 21:53:49
numNodes = 6528
numNodes = 6528
numVeh = 6528
startingNode = 4896
using tracefile ../maps/Grid-300/Grid-300.ns2mobility.xml
Loading buildings file "../maps/Grid-300/Grid-300.poly.xml
Loading losses from file ../maps/Grid-300/Grid-300.losses
totalCoverage= 6528/6528
coverageOnCirc= 148/148
m_sent=1679
hops= 31.2162
slots= 389.662
Simulation Run 1 ending at: 2025-04-18 21:56:33
Simulation Run 1 Elapsed wall-clock time: 2m 43s
Simulation Run 2 starting at: 2025-04-18 21:56:33
numNodes = 6528
numNodes = 6528
numVeh = 6528
startingNode = 4896
using tracefile ../maps/Grid-300/Grid-300.ns2mobility.xml
Loading buildings file "../maps/Grid-300/Grid-300.poly.xml
Loading losses from file ../maps/Grid-300/Grid-300.losses
totalCoverage= 6528/6528
coverageOnCirc= 148/148
m_sent=1691
hops= 32.6554
slots= 479.743
Simulation Run 2 ending at: 2025-04-18 21:59:16
Simulation Run 2 Elapsed wall-clock time: 2m 42s
Simulation Run 3 starting at: 2025-04-18 21:59:16
numNodes = 6528
numNodes = 6528
numVeh = 6528
startingNode = 4896
using tracefile ../maps/Grid-300/Grid-300.ns2mobility.xml
Loading buildings file "../maps/Grid-300/Grid-300.poly.xml
Loading losses from file ../maps/Grid-300/Grid-300.losses
totalCoverage= 6528/6528
coverageOnCirc= 148/148
m_sent=1668
hops= 27.723
slots= 347.095
Simulation Run 3 ending at: 2025-04-18 22:01:56
Simulation Run 3 Elapsed wall-clock time: 2m 40s
Simulation Run 4 starting at: 2025-04-18 22:01:56
numNodes = 6528
numNodes = 6528
numVeh = 6528
startingNode = 4896
using tracefile ../maps/Grid-300/Grid-300.ns2mobility.xml
Loading buildings file "../maps/Grid-300/Grid-300.poly.xml
Loading losses from file ../maps/Grid-300/Grid-300.losses
totalCoverage= 6528/6528
coverageOnCirc= 148/148
m_sent=1654
hops= 27.7568
slots= 361.845
Simulation Run 4 ending at: 2025-04-18 22:04:37
Simulation Run 4 Elapsed wall-clock time: 2m 41s
Simulation Run 5 starting at: 2025-04-18 22:04:37
numNodes = 6528
numNodes = 6528
numVeh = 6528
startingNode = 4896
using tracefile ../maps/Grid-300/Grid-300.ns2mobility.xml
Loading buildings file "../maps/Grid-300/Grid-300.poly.xml
Loading losses from file ../maps/Grid-300/Grid-300.losses
totalCoverage= 6528/6528
coverageOnCirc= 148/148
m_sent=1649
hops= 27.6149
slots= 375.446
Simulation Run 5 ending at: 2025-04-18 22:07:17
Simulation Run 5 Elapsed wall-clock time: 2m 39s
Simulation Run 6 starting at: 2025-04-18 22:07:18
numNodes = 6528
numNodes = 6528
numVeh = 6528
startingNode = 4896
using tracefile ../maps/Grid-300/Grid-300.ns2mobility.xml
Loading buildings file "../maps/Grid-300/Grid-300.poly.xml
Loading losses from file ../maps/Grid-300/Grid-300.losses
totalCoverage= 6528/6528
coverageOnCirc= 148/148
m_sent=1690
hops= 28.3986
slots= 359.135
Simulation Run 6 ending at: 2025-04-18 22:10:01
Simulation Run 6 Elapsed wall-clock time: 2m 43s
Simulation Run 7 starting at: 2025-04-18 22:10:01
numNodes = 6528
numNodes = 6528
numVeh = 6528
startingNode = 4896
using tracefile ../maps/Grid-300/Grid-300.ns2mobility.xml
Loading buildings file "../maps/Grid-300/Grid-300.poly.xml
Loading losses from file ../maps/Grid-300/Grid-300.losses
totalCoverage= 6528/6528
coverageOnCirc= 148/148
m_sent=1670
hops= 31.1081
slots= 408.547
Simulation Run 7 ending at: 2025-04-18 22:12:47
Simulation Run 7 Elapsed wall-clock time: 2m 45s
Simulation Run 8 starting at: 2025-04-18 22:12:47
numNodes = 6528
numNodes = 6528
numVeh = 6528
startingNode = 4896
using tracefile ../maps/Grid-300/Grid-300.ns2mobility.xml
Loading buildings file "../maps/Grid-300/Grid-300.poly.xml
Loading losses from file ../maps/Grid-300/Grid-300.losses
totalCoverage= 6528/6528
coverageOnCirc= 148/148
m_sent=1679
hops= 29.2432
slots= 417.095
Simulation Run 8 ending at: 2025-04-18 22:15:29
Simulation Run 8 Elapsed wall-clock time: 2m 42s
Simulation Run 9 starting at: 2025-04-18 22:15:29
numNodes = 6528
numNodes = 6528
numVeh = 6528
startingNode = 4896
using tracefile ../maps/Grid-300/Grid-300.ns2mobility.xml
Loading buildings file "../maps/Grid-300/Grid-300.poly.xml
Loading losses from file ../maps/Grid-300/Grid-300.losses
totalCoverage= 6528/6528
coverageOnCirc= 148/148
m_sent=1674
hops= 28.027
slots= 366.932
Simulation Run 9 ending at: 2025-04-18 22:18:12
Simulation Run 9 Elapsed wall-clock time: 2m 42s
Simulation Run 10 starting at: 2025-04-18 22:18:12
numNodes = 6528
numNodes = 6528
numVeh = 6528
startingNode = 4896
using tracefile ../maps/Grid-300/Grid-300.ns2mobility.xml
Loading buildings file "../maps/Grid-300/Grid-300.poly.xml
Loading losses from file ../maps/Grid-300/Grid-300.losses
totalCoverage= 6528/6528
coverageOnCirc= 148/148
m_sent=1685
hops= 30.6216
slots= 416.98
Simulation Run 10 ending at: 2025-04-18 22:20:52
Simulation Run 10 Elapsed wall-clock time: 2m 40s
Simulation Run 11 starting at: 2025-04-18 22:20:52
numNodes = 6528
numNodes = 6528
numVeh = 6528
startingNode = 4896
using tracefile ../maps/Grid-300/Grid-300.ns2mobility.xml
Loading buildings file "../maps/Grid-300/Grid-300.poly.xml
Loading losses from file ../maps/Grid-300/Grid-300.losses
totalCoverage= 6528/6528
coverageOnCirc= 148/148
m_sent=1674
hops= 29.4324
slots= 386.216
Simulation Run 11 ending at: 2025-04-18 22:23:37
Simulation Run 11 Elapsed wall-clock time: 2m 45s
Simulation Run 12 starting at: 2025-04-18 22:23:38
numNodes = 6528
numNodes = 6528
numVeh = 6528
startingNode = 4896
using tracefile ../maps/Grid-300/Grid-300.ns2mobility.xml
Loading buildings file "../maps/Grid-300/Grid-300.poly.xml
Loading losses from file ../maps/Grid-300/Grid-300.losses
totalCoverage= 6528/6528
coverageOnCirc= 148/148
m_sent=1664
hops= 28.3919
slots= 363
Simulation Run 12 ending at: 2025-04-18 22:26:27
Simulation Run 12 Elapsed wall-clock time: 2m 49s
Simulation Run 13 starting at: 2025-04-18 22:26:27
numNodes = 6528
numNodes = 6528
numVeh = 6528
startingNode = 4896
using tracefile ../maps/Grid-300/Grid-300.ns2mobility.xml
Loading buildings file "../maps/Grid-300/Grid-300.poly.xml
Loading losses from file ../maps/Grid-300/Grid-300.losses
totalCoverage= 6528/6528
coverageOnCirc= 148/148
m_sent=1654
hops= 27.8446
slots= 351.655
Simulation Run 13 ending at: 2025-04-18 22:29:09
Simulation Run 13 Elapsed wall-clock time: 2m 42s
Simulation Run 14 starting at: 2025-04-18 22:29:09
numNodes = 6528
numNodes = 6528
numVeh = 6528
startingNode = 4896
using tracefile ../maps/Grid-300/Grid-300.ns2mobility.xml
Loading buildings file "../maps/Grid-300/Grid-300.poly.xml
Loading losses from file ../maps/Grid-300/Grid-300.losses
totalCoverage= 6520/6528
coverageOnCirc= 148/148
m_sent=1670
hops= 30.2432
slots= 430.25
Simulation Run 14 ending at: 2025-04-18 22:31:49
Simulation Run 14 Elapsed wall-clock time: 2m 39s
Simulation Run 15 starting at: 2025-04-18 22:31:49
numNodes = 6528
numNodes = 6528
numVeh = 6528
startingNode = 4896
using tracefile ../maps/Grid-300/Grid-300.ns2mobility.xml
Loading buildings file "../maps/Grid-300/Grid-300.poly.xml
Loading losses from file ../maps/Grid-300/Grid-300.losses
totalCoverage= 6528/6528
coverageOnCirc= 148/148
m_sent=1638
hops= 28.3716
slots= 377.007
Simulation Run 15 ending at: 2025-04-18 22:34:28
Simulation Run 15 Elapsed wall-clock time: 2m 39s
Simulation Run 16 starting at: 2025-04-18 22:34:28
numNodes = 6528
numNodes = 6528
numVeh = 6528
startingNode = 4896
using tracefile ../maps/Grid-300/Grid-300.ns2mobility.xml
Loading buildings file "../maps/Grid-300/Grid-300.poly.xml
Loading losses from file ../maps/Grid-300/Grid-300.losses
totalCoverage= 6528/6528
coverageOnCirc= 148/148
m_sent=1673
hops= 28.1959
slots= 369.034
Simulation Run 16 ending at: 2025-04-18 22:37:08
Simulation Run 16 Elapsed wall-clock time: 2m 40s
Simulation Run 17 starting at: 2025-04-18 22:37:08
numNodes = 6528
numNodes = 6528
numVeh = 6528
startingNode = 4896
using tracefile ../maps/Grid-300/Grid-300.ns2mobility.xml
Loading buildings file "../maps/Grid-300/Grid-300.poly.xml
Loading losses from file ../maps/Grid-300/Grid-300.losses
totalCoverage= 6528/6528
coverageOnCirc= 148/148
m_sent=1690
hops= 29.7027
slots= 380.743
Simulation Run 17 ending at: 2025-04-18 22:40:06
Simulation Run 17 Elapsed wall-clock time: 2m 57s
Simulation Run 18 starting at: 2025-04-18 22:40:06
numNodes = 6528
numNodes = 6528
numVeh = 6528
startingNode = 4896
using tracefile ../maps/Grid-300/Grid-300.ns2mobility.xml
Loading buildings file "../maps/Grid-300/Grid-300.poly.xml
Loading losses from file ../maps/Grid-300/Grid-300.losses
totalCoverage= 6528/6528
coverageOnCirc= 148/148
m_sent=1670
hops= 28.7432
slots= 389.568
Simulation Run 18 ending at: 2025-04-18 22:42:52
Simulation Run 18 Elapsed wall-clock time: 2m 45s
Simulation Run 19 starting at: 2025-04-18 22:42:52
numNodes = 6528
numNodes = 6528
numVeh = 6528
startingNode = 4896
using tracefile ../maps/Grid-300/Grid-300.ns2mobility.xml
Loading buildings file "../maps/Grid-300/Grid-300.poly.xml
Loading losses from file ../maps/Grid-300/Grid-300.losses
totalCoverage= 6528/6528
coverageOnCirc= 148/148
m_sent=1653
hops= 27.7365
slots= 344.378
Simulation Run 19 ending at: 2025-04-18 22:45:40
Simulation Run 19 Elapsed wall-clock time: 2m 48s
Simulation Run 20 starting at: 2025-04-18 22:45:40
numNodes = 6528
numNodes = 6528
numVeh = 6528
startingNode = 4896
using tracefile ../maps/Grid-300/Grid-300.ns2mobility.xml
Loading buildings file "../maps/Grid-300/Grid-300.poly.xml
Loading losses from file ../maps/Grid-300/Grid-300.losses

Simulation command is: fb-vanet-urban --buildings=1 --actualRange=100 --mapBasePath=../maps/Grid-300/Grid-300 --cwMin=32 --cwMax=1024 --vehicleDistance=25 --startingNode=4896 --propagationLoss=1 --protocol=2 --area=2000 --smartJunctionMode=0 --errorRate=0 --nVehicles=0 --droneTest=0 --highBuildings=0 --flooding=0  --printToFile=1 --printCoords=0 --createObstacleShadowingLossFile=0 --useObstacleShadowingLossFile=1 --forgedCoordTest=0 --forgedCoordRate=0 --maxRun=20
>>> [urban-Grid-300-highBuildings0-drones0-d25-cw-32-1024-b1-e0-j0-STATIC-100-100-_run1] Started at 2025-04-19 04:40:43
Waf: Entering directory `/my-project/ns-3/build'
Waf: Leaving directory `/my-project/ns-3/build'
Build commands will be stored in build/compile_commands.json
'build' finished successfully (3.072s)
Whole simulation starting at: 2025-04-19 04:40:49
Start main urban
numNodes = 6528
numNodes = 6528
numVeh = 6528
startingNode = 4896
using tracefile ../maps/Grid-300/Grid-300.ns2mobility.xml
Loading buildings file "../maps/Grid-300/Grid-300.poly.xml
Loading losses from file ../maps/Grid-300/Grid-300.losses
Max run: 20
fileName=Grid-300/b1/e0/r100/j0/cw[32-1024]/STATIC-100/Grid-300-b1-e0-r100-j0-STATIC-100
fbTest= "/my-project/simulations/scenario-urbano/Grid-300/b1/e0/r100/j0/cw[32-1024]/STATIC-100/Grid-300-b1-e0-r100-j0-STATIC-100-1745030512419.csv"
Simulation Run 0 starting at: 2025-04-19 04:41:52
numNodes = 6528
numNodes = 6528
numVeh = 6528
startingNode = 4896
using tracefile ../maps/Grid-300/Grid-300.ns2mobility.xml
Loading buildings file "../maps/Grid-300/Grid-300.poly.xml
Loading losses from file ../maps/Grid-300/Grid-300.losses
totalCoverage= 6528/6528
coverageOnCirc= 148/148
m_sent=1675
hops= 30.8514
slots= 402.486
Simulation Run 0 ending at: 2025-04-19 04:44:39
Simulation Run 0 Elapsed wall-clock time: 2m 46s
-----------------------------------------------------------------------------
Simulation Run 1 starting at: 2025-04-19 04:44:39
numNodes = 6528
numNodes = 6528
numVeh = 6528
startingNode = 4896
using tracefile ../maps/Grid-300/Grid-300.ns2mobility.xml
Loading buildings file "../maps/Grid-300/Grid-300.poly.xml
Loading losses from file ../maps/Grid-300/Grid-300.losses
totalCoverage= 6528/6528
coverageOnCirc= 148/148
m_sent=1666
hops= 28.8649
slots= 364.858
Simulation Run 1 ending at: 2025-04-19 04:47:14
Simulation Run 1 Elapsed wall-clock time: 2m 34s
-----------------------------------------------------------------------------
Simulation Run 2 starting at: 2025-04-19 04:47:14
numNodes = 6528
numNodes = 6528
numVeh = 6528
startingNode = 4896
using tracefile ../maps/Grid-300/Grid-300.ns2mobility.xml
Loading buildings file "../maps/Grid-300/Grid-300.poly.xml
Loading losses from file ../maps/Grid-300/Grid-300.losses
totalCoverage= 6528/6528
coverageOnCirc= 148/148
m_sent=1672
hops= 28.4189
slots= 382.716
Simulation Run 2 ending at: 2025-04-19 04:49:47
Simulation Run 2 Elapsed wall-clock time: 2m 33s
-----------------------------------------------------------------------------
Simulation Run 3 starting at: 2025-04-19 04:49:47
numNodes = 6528
numNodes = 6528
numVeh = 6528
startingNode = 4896
using tracefile ../maps/Grid-300/Grid-300.ns2mobility.xml
Loading buildings file "../maps/Grid-300/Grid-300.poly.xml
Loading losses from file ../maps/Grid-300/Grid-300.losses
totalCoverage= 6473/6528
coverageOnCirc= 147/148
m_sent=1656
hops= 29.102
slots= 377.959
Simulation Run 3 ending at: 2025-04-19 04:52:24
Simulation Run 3 Elapsed wall-clock time: 2m 36s
-----------------------------------------------------------------------------
Simulation Run 4 starting at: 2025-04-19 04:52:24
numNodes = 6528
numNodes = 6528
numVeh = 6528
startingNode = 4896
using tracefile ../maps/Grid-300/Grid-300.ns2mobility.xml
Loading buildings file "../maps/Grid-300/Grid-300.poly.xml
Loading losses from file ../maps/Grid-300/Grid-300.losses
totalCoverage= 6528/6528
coverageOnCirc= 148/148
m_sent=1678
hops= 28.1081
slots= 367.392
Simulation Run 4 ending at: 2025-04-19 04:55:01
Simulation Run 4 Elapsed wall-clock time: 2m 37s
-----------------------------------------------------------------------------
Simulation Run 5 starting at: 2025-04-19 04:55:01
numNodes = 6528
numNodes = 6528
numVeh = 6528
startingNode = 4896
using tracefile ../maps/Grid-300/Grid-300.ns2mobility.xml
Loading buildings file "../maps/Grid-300/Grid-300.poly.xml
Loading losses from file ../maps/Grid-300/Grid-300.losses
totalCoverage= 6528/6528
coverageOnCirc= 148/148
m_sent=1664
hops= 29.9324
slots= 392.75
Simulation Run 5 ending at: 2025-04-19 04:57:33
Simulation Run 5 Elapsed wall-clock time: 2m 32s
-----------------------------------------------------------------------------
Simulation Run 6 starting at: 2025-04-19 04:57:34
numNodes = 6528
numNodes = 6528
numVeh = 6528
startingNode = 4896
using tracefile ../maps/Grid-300/Grid-300.ns2mobility.xml
Loading buildings file "../maps/Grid-300/Grid-300.poly.xml
Loading losses from file ../maps/Grid-300/Grid-300.losses
totalCoverage= 6528/6528
coverageOnCirc= 148/148
m_sent=1663
hops= 29.3446
slots= 362.162
Simulation Run 6 ending at: 2025-04-19 05:00:07
Simulation Run 6 Elapsed wall-clock time: 2m 33s
-----------------------------------------------------------------------------
Simulation Run 7 starting at: 2025-04-19 05:00:07
numNodes = 6528
numNodes = 6528
numVeh = 6528
startingNode = 4896
using tracefile ../maps/Grid-300/Grid-300.ns2mobility.xml
Loading buildings file "../maps/Grid-300/Grid-300.poly.xml
Loading losses from file ../maps/Grid-300/Grid-300.losses
totalCoverage= 6528/6528
coverageOnCirc= 148/148
m_sent=1676
hops= 27.6486
slots= 369.27
Simulation Run 7 ending at: 2025-04-19 05:02:40
Simulation Run 7 Elapsed wall-clock time: 2m 33s
-----------------------------------------------------------------------------
Simulation Run 8 starting at: 2025-04-19 05:02:40
numNodes = 6528
numNodes = 6528
numVeh = 6528
startingNode = 4896
using tracefile ../maps/Grid-300/Grid-300.ns2mobility.xml
Loading buildings file "../maps/Grid-300/Grid-300.poly.xml
Loading losses from file ../maps/Grid-300/Grid-300.losses
totalCoverage= 6528/6528
coverageOnCirc= 148/148
m_sent=1667
hops= 27.75
slots= 353.358
Simulation Run 8 ending at: 2025-04-19 05:05:12
Simulation Run 8 Elapsed wall-clock time: 2m 32s
-----------------------------------------------------------------------------
Simulation Run 9 starting at: 2025-04-19 05:05:13
numNodes = 6528
numNodes = 6528
numVeh = 6528
startingNode = 4896
using tracefile ../maps/Grid-300/Grid-300.ns2mobility.xml
Loading buildings file "../maps/Grid-300/Grid-300.poly.xml
Loading losses from file ../maps/Grid-300/Grid-300.losses
totalCoverage= 6528/6528
coverageOnCirc= 148/148
m_sent=1688
hops= 28.8919
slots= 391.378
Simulation Run 9 ending at: 2025-04-19 05:07:47
Simulation Run 9 Elapsed wall-clock time: 2m 34s
-----------------------------------------------------------------------------
Simulation Run 10 starting at: 2025-04-19 05:07:47
numNodes = 6528
numNodes = 6528
numVeh = 6528
startingNode = 4896
using tracefile ../maps/Grid-300/Grid-300.ns2mobility.xml
Loading buildings file "../maps/Grid-300/Grid-300.poly.xml
Loading losses from file ../maps/Grid-300/Grid-300.losses
totalCoverage= 6528/6528
coverageOnCirc= 148/148
m_sent=1678
hops= 27.3446
slots= 361.095
Simulation Run 10 ending at: 2025-04-19 05:10:20
Simulation Run 10 Elapsed wall-clock time: 2m 33s
-----------------------------------------------------------------------------
Simulation Run 11 starting at: 2025-04-19 05:10:20
numNodes = 6528
numNodes = 6528
numVeh = 6528
startingNode = 4896
using tracefile ../maps/Grid-300/Grid-300.ns2mobility.xml
Loading buildings file "../maps/Grid-300/Grid-300.poly.xml
Loading losses from file ../maps/Grid-300/Grid-300.losses
totalCoverage= 6528/6528
coverageOnCirc= 148/148
m_sent=1678
hops= 28.2703
slots= 336.385
Simulation Run 11 ending at: 2025-04-19 05:12:56
Simulation Run 11 Elapsed wall-clock time: 2m 35s
-----------------------------------------------------------------------------
Simulation Run 12 starting at: 2025-04-19 05:12:56
numNodes = 6528
numNodes = 6528
numVeh = 6528
startingNode = 4896
using tracefile ../maps/Grid-300/Grid-300.ns2mobility.xml
Loading buildings file "../maps/Grid-300/Grid-300.poly.xml
Loading losses from file ../maps/Grid-300/Grid-300.losses
totalCoverage= 6528/6528
coverageOnCirc= 148/148
m_sent=1688
hops= 28.9527
slots= 351.412
Simulation Run 12 ending at: 2025-04-19 05:15:29
Simulation Run 12 Elapsed wall-clock time: 2m 33s
-----------------------------------------------------------------------------
Simulation Run 13 starting at: 2025-04-19 05:15:29
numNodes = 6528
numNodes = 6528
numVeh = 6528
startingNode = 4896
using tracefile ../maps/Grid-300/Grid-300.ns2mobility.xml
Loading buildings file "../maps/Grid-300/Grid-300.poly.xml
Loading losses from file ../maps/Grid-300/Grid-300.losses
totalCoverage= 6487/6528
coverageOnCirc= 145/148
m_sent=1667
hops= 29.1103
slots= 371.966
Simulation Run 13 ending at: 2025-04-19 05:18:02
Simulation Run 13 Elapsed wall-clock time: 2m 32s
-----------------------------------------------------------------------------
Simulation Run 14 starting at: 2025-04-19 05:18:02
numNodes = 6528
numNodes = 6528
numVeh = 6528
startingNode = 4896
using tracefile ../maps/Grid-300/Grid-300.ns2mobility.xml
Loading buildings file "../maps/Grid-300/Grid-300.poly.xml
Loading losses from file ../maps/Grid-300/Grid-300.losses
totalCoverage= 6528/6528
coverageOnCirc= 148/148
m_sent=1671
hops= 27.6284
slots= 360.291
Simulation Run 14 ending at: 2025-04-19 05:20:34
Simulation Run 14 Elapsed wall-clock time: 2m 32s
-----------------------------------------------------------------------------
Simulation Run 15 starting at: 2025-04-19 05:20:34
numNodes = 6528
numNodes = 6528
numVeh = 6528
startingNode = 4896
using tracefile ../maps/Grid-300/Grid-300.ns2mobility.xml
Loading buildings file "../maps/Grid-300/Grid-300.poly.xml
Loading losses from file ../maps/Grid-300/Grid-300.losses
totalCoverage= 6528/6528
coverageOnCirc= 148/148
m_sent=1651
hops= 28.5608
slots= 345.959
Simulation Run 15 ending at: 2025-04-19 05:23:06
Simulation Run 15 Elapsed wall-clock time: 2m 31s
-----------------------------------------------------------------------------
Simulation Run 16 starting at: 2025-04-19 05:23:06
numNodes = 6528
numNodes = 6528
numVeh = 6528
startingNode = 4896
using tracefile ../maps/Grid-300/Grid-300.ns2mobility.xml
Loading buildings file "../maps/Grid-300/Grid-300.poly.xml
Loading losses from file ../maps/Grid-300/Grid-300.losses
totalCoverage= 6512/6528
coverageOnCirc= 148/148
m_sent=1675
hops= 29.3649
slots= 411.98
Simulation Run 16 ending at: 2025-04-19 05:25:38
Simulation Run 16 Elapsed wall-clock time: 2m 32s
-----------------------------------------------------------------------------
Simulation Run 17 starting at: 2025-04-19 05:25:39
numNodes = 6528
numNodes = 6528
numVeh = 6528
startingNode = 4896
using tracefile ../maps/Grid-300/Grid-300.ns2mobility.xml
Loading buildings file "../maps/Grid-300/Grid-300.poly.xml
Loading losses from file ../maps/Grid-300/Grid-300.losses
totalCoverage= 6517/6528
coverageOnCirc= 148/148
m_sent=1694
hops= 27.8311
slots= 390.209
Simulation Run 17 ending at: 2025-04-19 05:28:12
Simulation Run 17 Elapsed wall-clock time: 2m 33s
-----------------------------------------------------------------------------
Simulation Run 18 starting at: 2025-04-19 05:28:12
numNodes = 6528
numNodes = 6528
numVeh = 6528
startingNode = 4896
using tracefile ../maps/Grid-300/Grid-300.ns2mobility.xml
Loading buildings file "../maps/Grid-300/Grid-300.poly.xml
Loading losses from file ../maps/Grid-300/Grid-300.losses
totalCoverage= 6528/6528
coverageOnCirc= 148/148
m_sent=1663
hops= 27.75
slots= 348.027
Simulation Run 18 ending at: 2025-04-19 05:30:44
Simulation Run 18 Elapsed wall-clock time: 2m 32s
-----------------------------------------------------------------------------
Simulation Run 19 starting at: 2025-04-19 05:30:44
numNodes = 6528
numNodes = 6528
numVeh = 6528
startingNode = 4896
using tracefile ../maps/Grid-300/Grid-300.ns2mobility.xml
Loading buildings file "../maps/Grid-300/Grid-300.poly.xml
Loading losses from file ../maps/Grid-300/Grid-300.losses
totalCoverage= 6528/6528
coverageOnCirc= 148/148
m_sent=1700
hops= 28.4932
slots= 353.946
Simulation Run 19 ending at: 2025-04-19 05:33:19
Simulation Run 19 Elapsed wall-clock time: 2m 34s
-----------------------------------------------------------------------------
Whole simulation ending at: 2025-04-19 05:33:19
Whole simulation Elapsed wall-clock time: 52m 29s
-----------------------------------------------------------------------------
>>> [urban-Grid-300-highBuildings0-drones0-d25-cw-32-1024-b1-e0-j0-STATIC-100-100-] All 1 runs completed. Moving to completed/
>>> [urban-Grid-300-highBuildings0-drones0-d25-cw-32-1024-b1-e0-j0-STATIC-100-100-_run1] SUCCESS
>>> Finished at 2025-04-19 05:33:22 with duration: 52m 39s
