Simulation command is: fb-vanet-urban --buildings=1 --actualRange=100 --mapBasePath=../maps/Grid-300/Grid-300 --cwMin=32 --cwMax=1024 --vehicleDistance=25 --startingNode=4896 --propagationLoss=1 --protocol=4 --area=2000 --smartJunctionMode=0 --errorRate=0 --nVehicles=0 --droneTest=0 --highBuildings=0 --flooding=0  --printToFile=1 --printCoords=0 --createObstacleShadowingLossFile=0 --useObstacleShadowingLossFile=1 --forgedCoordTest=0 --forgedCoordRate=0 --maxRun=40
>>> [urban-Grid-300-highBuildings0-drones0-d25-cw-32-1024-b1-e0-j0-STATIC-500-100-_run1] Started at 2025-04-19 08:37:10
Waf: Entering directory `/my-project/ns-3/build'
Waf: Leaving directory `/my-project/ns-3/build'
Build commands will be stored in build/compile_commands.json
'build' finished successfully (1.503s)
Whole simulation starting at: 2025-04-19 08:37:14
Start main urban
numNodes = 6528
numNodes = 6528
numVeh = 6528
startingNode = 4896
using tracefile ../maps/Grid-300/Grid-300.ns2mobility.xml
Loading buildings file "../maps/Grid-300/Grid-300.poly.xml
Loading losses from file ../maps/Grid-300/Grid-300.losses
Max run: 40
fileName=Grid-300/b1/e0/r100/j0/cw[32-1024]/STATIC-500/Grid-300-b1-e0-r100-j0-STATIC-500
fbTest= "/my-project/simulations/scenario-urbano/Grid-300/b1/e0/r100/j0/cw[32-1024]/STATIC-500/Grid-300-b1-e0-r100-j0-STATIC-500-1745044693824.csv"
Simulation Run 0 starting at: 2025-04-19 08:38:13
numNodes = 6528
numNodes = 6528
numVeh = 6528
startingNode = 4896
using tracefile ../maps/Grid-300/Grid-300.ns2mobility.xml
Loading buildings file "../maps/Grid-300/Grid-300.poly.xml
Loading losses from file ../maps/Grid-300/Grid-300.losses
totalCoverage= 6506/6528
coverageOnCirc= 148/148
m_sent=2016
hops= 34.9122
slots= 7292.2
Simulation Run 0 ending at: 2025-04-19 08:41:38
Simulation Run 0 Elapsed wall-clock time: 3m 24s
-----------------------------------------------------------------------------
Simulation Run 1 starting at: 2025-04-19 08:41:38
numNodes = 6528
numNodes = 6528
numVeh = 6528
startingNode = 4896
using tracefile ../maps/Grid-300/Grid-300.ns2mobility.xml
Loading buildings file "../maps/Grid-300/Grid-300.poly.xml
Loading losses from file ../maps/Grid-300/Grid-300.losses
totalCoverage= 18/6528
coverageOnCirc= 0/148
m_sent=2
hops= -nan
slots= -nan
Simulation Run 1 ending at: 2025-04-19 08:42:45
Simulation Run 1 Elapsed wall-clock time: 1m 7s
-----------------------------------------------------------------------------
Simulation Run 2 starting at: 2025-04-19 08:42:45
numNodes = 6528
numNodes = 6528
numVeh = 6528
startingNode = 4896
using tracefile ../maps/Grid-300/Grid-300.ns2mobility.xml
Loading buildings file "../maps/Grid-300/Grid-300.poly.xml
Loading losses from file ../maps/Grid-300/Grid-300.losses
totalCoverage= 6528/6528
coverageOnCirc= 148/148
m_sent=2021
hops= 37.4595
slots= 7521.97
Simulation Run 2 ending at: 2025-04-19 08:45:38
Simulation Run 2 Elapsed wall-clock time: 2m 52s
-----------------------------------------------------------------------------
Simulation Run 3 starting at: 2025-04-19 08:45:38
numNodes = 6528
numNodes = 6528
numVeh = 6528
startingNode = 4896
using tracefile ../maps/Grid-300/Grid-300.ns2mobility.xml
Loading buildings file "../maps/Grid-300/Grid-300.poly.xml
Loading losses from file ../maps/Grid-300/Grid-300.losses
totalCoverage= 6461/6528
coverageOnCirc= 148/148
m_sent=2030
hops= 34.6757
slots= 6391.97
Simulation Run 3 ending at: 2025-04-19 08:48:30
Simulation Run 3 Elapsed wall-clock time: 2m 51s
-----------------------------------------------------------------------------
Simulation Run 4 starting at: 2025-04-19 08:48:30
numNodes = 6528
numNodes = 6528
numVeh = 6528
startingNode = 4896
using tracefile ../maps/Grid-300/Grid-300.ns2mobility.xml
Loading buildings file "../maps/Grid-300/Grid-300.poly.xml
Loading losses from file ../maps/Grid-300/Grid-300.losses
totalCoverage= 6528/6528
coverageOnCirc= 148/148
m_sent=2046
hops= 35.6486
slots= 6986.29
Simulation Run 4 ending at: 2025-04-19 08:51:21
Simulation Run 4 Elapsed wall-clock time: 2m 51s
-----------------------------------------------------------------------------
Simulation Run 5 starting at: 2025-04-19 08:51:21
numNodes = 6528
numNodes = 6528
numVeh = 6528
startingNode = 4896
using tracefile ../maps/Grid-300/Grid-300.ns2mobility.xml
Loading buildings file "../maps/Grid-300/Grid-300.poly.xml
Loading losses from file ../maps/Grid-300/Grid-300.losses
totalCoverage= 6484/6528
coverageOnCirc= 145/148
m_sent=2037
hops= 35.8828
slots= 8333.85
Simulation Run 5 ending at: 2025-04-19 08:54:11
Simulation Run 5 Elapsed wall-clock time: 2m 49s
-----------------------------------------------------------------------------
Simulation Run 6 starting at: 2025-04-19 08:54:11
numNodes = 6528
numNodes = 6528
numVeh = 6528
startingNode = 4896
using tracefile ../maps/Grid-300/Grid-300.ns2mobility.xml
Loading buildings file "../maps/Grid-300/Grid-300.poly.xml
Loading losses from file ../maps/Grid-300/Grid-300.losses
totalCoverage= 6506/6528
coverageOnCirc= 148/148
m_sent=2040
hops= 35.4122
slots= 6854.64
Simulation Run 6 ending at: 2025-04-19 08:57:01
Simulation Run 6 Elapsed wall-clock time: 2m 49s
-----------------------------------------------------------------------------
Simulation Run 7 starting at: 2025-04-19 08:57:01
numNodes = 6528
numNodes = 6528
numVeh = 6528
startingNode = 4896
using tracefile ../maps/Grid-300/Grid-300.ns2mobility.xml
Loading buildings file "../maps/Grid-300/Grid-300.poly.xml
Loading losses from file ../maps/Grid-300/Grid-300.losses
totalCoverage= 6495/6528
coverageOnCirc= 148/148
m_sent=2004
hops= 35.7297
slots= 6483.09
Simulation Run 7 ending at: 2025-04-19 08:59:52
Simulation Run 7 Elapsed wall-clock time: 2m 51s
-----------------------------------------------------------------------------
Simulation Run 8 starting at: 2025-04-19 08:59:52
numNodes = 6528
numNodes = 6528
numVeh = 6528
startingNode = 4896
using tracefile ../maps/Grid-300/Grid-300.ns2mobility.xml
Loading buildings file "../maps/Grid-300/Grid-300.poly.xml
Loading losses from file ../maps/Grid-300/Grid-300.losses
totalCoverage= 6528/6528
coverageOnCirc= 148/148
m_sent=2031
hops= 35.1486
slots= 7107.43
Simulation Run 8 ending at: 2025-04-19 09:02:50
Simulation Run 8 Elapsed wall-clock time: 2m 57s
-----------------------------------------------------------------------------
Simulation Run 9 starting at: 2025-04-19 09:02:50
numNodes = 6528
numNodes = 6528
numVeh = 6528
startingNode = 4896
using tracefile ../maps/Grid-300/Grid-300.ns2mobility.xml
Loading buildings file "../maps/Grid-300/Grid-300.poly.xml
Loading losses from file ../maps/Grid-300/Grid-300.losses
totalCoverage= 18/6528
coverageOnCirc= 0/148
m_sent=2
hops= -nan
slots= -nan
Simulation Run 9 ending at: 2025-04-19 09:03:54
Simulation Run 9 Elapsed wall-clock time: 1m 3s
-----------------------------------------------------------------------------
Simulation Run 10 starting at: 2025-04-19 09:03:54
numNodes = 6528
numNodes = 6528
numVeh = 6528
startingNode = 4896
using tracefile ../maps/Grid-300/Grid-300.ns2mobility.xml
Loading buildings file "../maps/Grid-300/Grid-300.poly.xml
Loading losses from file ../maps/Grid-300/Grid-300.losses
totalCoverage= 6528/6528
coverageOnCirc= 148/148
m_sent=2049
hops= 35.9054
slots= 6734.78
Simulation Run 10 ending at: 2025-04-19 09:06:46
Simulation Run 10 Elapsed wall-clock time: 2m 52s
-----------------------------------------------------------------------------
Simulation Run 11 starting at: 2025-04-19 09:06:46
numNodes = 6528
numNodes = 6528
numVeh = 6528
startingNode = 4896
using tracefile ../maps/Grid-300/Grid-300.ns2mobility.xml
Loading buildings file "../maps/Grid-300/Grid-300.poly.xml
Loading losses from file ../maps/Grid-300/Grid-300.losses
totalCoverage= 6469/6528
coverageOnCirc= 146/148
m_sent=1991
hops= 34.9521
slots= 6747.58
Simulation Run 11 ending at: 2025-04-19 09:09:40
Simulation Run 11 Elapsed wall-clock time: 2m 53s
-----------------------------------------------------------------------------
Simulation Run 12 starting at: 2025-04-19 09:09:40
numNodes = 6528
numNodes = 6528
numVeh = 6528
startingNode = 4896
using tracefile ../maps/Grid-300/Grid-300.ns2mobility.xml
Loading buildings file "../maps/Grid-300/Grid-300.poly.xml
Loading losses from file ../maps/Grid-300/Grid-300.losses
totalCoverage= 6528/6528
coverageOnCirc= 148/148
m_sent=2062
hops= 37.1014
slots= 7084.36
Simulation Run 12 ending at: 2025-04-19 09:12:35
Simulation Run 12 Elapsed wall-clock time: 2m 55s
-----------------------------------------------------------------------------
Simulation Run 13 starting at: 2025-04-19 09:12:35
numNodes = 6528
numNodes = 6528
numVeh = 6528
startingNode = 4896
using tracefile ../maps/Grid-300/Grid-300.ns2mobility.xml
Loading buildings file "../maps/Grid-300/Grid-300.poly.xml
Loading losses from file ../maps/Grid-300/Grid-300.losses
totalCoverage= 6506/6528
coverageOnCirc= 144/148
m_sent=2024
hops= 34.4375
slots= 6727.24
Simulation Run 13 ending at: 2025-04-19 09:15:28
Simulation Run 13 Elapsed wall-clock time: 2m 52s
-----------------------------------------------------------------------------
Simulation Run 14 starting at: 2025-04-19 09:15:28
numNodes = 6528
numNodes = 6528
numVeh = 6528
startingNode = 4896
using tracefile ../maps/Grid-300/Grid-300.ns2mobility.xml
Loading buildings file "../maps/Grid-300/Grid-300.poly.xml
Loading losses from file ../maps/Grid-300/Grid-300.losses
totalCoverage= 6517/6528
coverageOnCirc= 148/148
m_sent=2043
hops= 35.8514
slots= 7037.28
Simulation Run 14 ending at: 2025-04-19 09:18:22
Simulation Run 14 Elapsed wall-clock time: 2m 54s
-----------------------------------------------------------------------------
Simulation Run 15 starting at: 2025-04-19 09:18:22
numNodes = 6528
numNodes = 6528
numVeh = 6528
startingNode = 4896
using tracefile ../maps/Grid-300/Grid-300.ns2mobility.xml
Loading buildings file "../maps/Grid-300/Grid-300.poly.xml
Loading losses from file ../maps/Grid-300/Grid-300.losses
totalCoverage= 6473/6528
coverageOnCirc= 148/148
m_sent=2038
hops= 36.6351
slots= 7021.45
Simulation Run 15 ending at: 2025-04-19 09:21:31
Simulation Run 15 Elapsed wall-clock time: 3m 9s
-----------------------------------------------------------------------------
Simulation Run 16 starting at: 2025-04-19 09:21:31
numNodes = 6528
numNodes = 6528
numVeh = 6528
startingNode = 4896
using tracefile ../maps/Grid-300/Grid-300.ns2mobility.xml
Loading buildings file "../maps/Grid-300/Grid-300.poly.xml
Loading losses from file ../maps/Grid-300/Grid-300.losses
totalCoverage= 6528/6528
coverageOnCirc= 148/148
m_sent=2038
hops= 34.2095
slots= 6490.74
Simulation Run 16 ending at: 2025-04-19 09:25:08
Simulation Run 16 Elapsed wall-clock time: 3m 36s
-----------------------------------------------------------------------------
Simulation Run 17 starting at: 2025-04-19 09:25:08
numNodes = 6528
numNodes = 6528
numVeh = 6528
startingNode = 4896
using tracefile ../maps/Grid-300/Grid-300.ns2mobility.xml
Loading buildings file "../maps/Grid-300/Grid-300.poly.xml
Loading losses from file ../maps/Grid-300/Grid-300.losses
totalCoverage= 6513/6528
coverageOnCirc= 148/148
m_sent=2050
hops= 35.973
slots= 6705.69
Simulation Run 17 ending at: 2025-04-19 09:28:55
Simulation Run 17 Elapsed wall-clock time: 3m 46s
-----------------------------------------------------------------------------
Simulation Run 18 starting at: 2025-04-19 09:28:55
numNodes = 6528
numNodes = 6528
numVeh = 6528
startingNode = 4896
using tracefile ../maps/Grid-300/Grid-300.ns2mobility.xml
Loading buildings file "../maps/Grid-300/Grid-300.poly.xml
Loading losses from file ../maps/Grid-300/Grid-300.losses
totalCoverage= 6517/6528
coverageOnCirc= 148/148
m_sent=2056
hops= 35.1622
slots= 7113.74
Simulation Run 18 ending at: 2025-04-19 09:32:17
Simulation Run 18 Elapsed wall-clock time: 3m 22s
-----------------------------------------------------------------------------
Simulation Run 19 starting at: 2025-04-19 09:32:18
numNodes = 6528
numNodes = 6528
numVeh = 6528
startingNode = 4896
using tracefile ../maps/Grid-300/Grid-300.ns2mobility.xml
Loading buildings file "../maps/Grid-300/Grid-300.poly.xml
Loading losses from file ../maps/Grid-300/Grid-300.losses
totalCoverage= 6499/6528
coverageOnCirc= 146/148
m_sent=2048
hops= 35.8836
slots= 7006.14
Simulation Run 19 ending at: 2025-04-19 09:36:16
Simulation Run 19 Elapsed wall-clock time: 3m 58s
-----------------------------------------------------------------------------
Simulation Run 20 starting at: 2025-04-19 09:36:17
numNodes = 6528
numNodes = 6528
numVeh = 6528
startingNode = 4896
using tracefile ../maps/Grid-300/Grid-300.ns2mobility.xml
Loading buildings file "../maps/Grid-300/Grid-300.poly.xml
Loading losses from file ../maps/Grid-300/Grid-300.losses
totalCoverage= 6517/6528
coverageOnCirc= 148/148
m_sent=2030
hops= 35.1689
slots= 7317.18
Simulation Run 20 ending at: 2025-04-19 09:39:54
Simulation Run 20 Elapsed wall-clock time: 3m 37s
-----------------------------------------------------------------------------
Simulation Run 21 starting at: 2025-04-19 09:39:54
numNodes = 6528
numNodes = 6528
numVeh = 6528
startingNode = 4896
using tracefile ../maps/Grid-300/Grid-300.ns2mobility.xml
Loading buildings file "../maps/Grid-300/Grid-300.poly.xml
Loading losses from file ../maps/Grid-300/Grid-300.losses
totalCoverage= 6528/6528
coverageOnCirc= 148/148
m_sent=2033
hops= 36.1689
slots= 7393.05
Simulation Run 21 ending at: 2025-04-19 09:43:38
Simulation Run 21 Elapsed wall-clock time: 3m 43s
-----------------------------------------------------------------------------
Simulation Run 22 starting at: 2025-04-19 09:43:38
numNodes = 6528
numNodes = 6528
numVeh = 6528
startingNode = 4896
using tracefile ../maps/Grid-300/Grid-300.ns2mobility.xml
Loading buildings file "../maps/Grid-300/Grid-300.poly.xml
Loading losses from file ../maps/Grid-300/Grid-300.losses
totalCoverage= 6528/6528
coverageOnCirc= 148/148
m_sent=2015
hops= 35.8919
slots= 6965.63
Simulation Run 22 ending at: 2025-04-19 09:46:53
Simulation Run 22 Elapsed wall-clock time: 3m 15s
-----------------------------------------------------------------------------
Simulation Run 23 starting at: 2025-04-19 09:46:53
numNodes = 6528
numNodes = 6528
numVeh = 6528
startingNode = 4896
using tracefile ../maps/Grid-300/Grid-300.ns2mobility.xml
Loading buildings file "../maps/Grid-300/Grid-300.poly.xml
Loading losses from file ../maps/Grid-300/Grid-300.losses
totalCoverage= 6528/6528
coverageOnCirc= 148/148
m_sent=2044
hops= 35.5878
slots= 7077.43
Simulation Run 23 ending at: 2025-04-19 09:50:08
Simulation Run 23 Elapsed wall-clock time: 3m 14s
-----------------------------------------------------------------------------
Simulation Run 24 starting at: 2025-04-19 09:50:08
numNodes = 6528
numNodes = 6528
numVeh = 6528
startingNode = 4896
using tracefile ../maps/Grid-300/Grid-300.ns2mobility.xml
Loading buildings file "../maps/Grid-300/Grid-300.poly.xml
Loading losses from file ../maps/Grid-300/Grid-300.losses
totalCoverage= 6517/6528
coverageOnCirc= 148/148
m_sent=2001
hops= 35.0541
slots= 6038.42
Simulation Run 24 ending at: 2025-04-19 09:53:15
Simulation Run 24 Elapsed wall-clock time: 3m 7s
-----------------------------------------------------------------------------
Simulation Run 25 starting at: 2025-04-19 09:53:15
numNodes = 6528
numNodes = 6528
numVeh = 6528
startingNode = 4896
using tracefile ../maps/Grid-300/Grid-300.ns2mobility.xml
Loading buildings file "../maps/Grid-300/Grid-300.poly.xml
Loading losses from file ../maps/Grid-300/Grid-300.losses
totalCoverage= 6495/6528
coverageOnCirc= 148/148
m_sent=2003
hops= 36.1486
slots= 6349.86
Simulation Run 25 ending at: 2025-04-19 09:56:22
Simulation Run 25 Elapsed wall-clock time: 3m 6s
-----------------------------------------------------------------------------
Simulation Run 26 starting at: 2025-04-19 09:56:22
numNodes = 6528
numNodes = 6528
numVeh = 6528
startingNode = 4896
using tracefile ../maps/Grid-300/Grid-300.ns2mobility.xml
Loading buildings file "../maps/Grid-300/Grid-300.poly.xml
Loading losses from file ../maps/Grid-300/Grid-300.losses
totalCoverage= 6506/6528
coverageOnCirc= 148/148
m_sent=2045
hops= 34.8041
slots= 6521.49
Simulation Run 26 ending at: 2025-04-19 09:59:35
Simulation Run 26 Elapsed wall-clock time: 3m 12s
-----------------------------------------------------------------------------
Simulation Run 27 starting at: 2025-04-19 09:59:35
numNodes = 6528
numNodes = 6528
numVeh = 6528
startingNode = 4896
using tracefile ../maps/Grid-300/Grid-300.ns2mobility.xml
Loading buildings file "../maps/Grid-300/Grid-300.poly.xml
Loading losses from file ../maps/Grid-300/Grid-300.losses
totalCoverage= 6528/6528
coverageOnCirc= 148/148
m_sent=2068
hops= 37.0541
slots= 7137.19
Simulation Run 27 ending at: 2025-04-19 10:02:52
Simulation Run 27 Elapsed wall-clock time: 3m 17s
-----------------------------------------------------------------------------
Simulation Run 28 starting at: 2025-04-19 10:02:52
numNodes = 6528
numNodes = 6528
numVeh = 6528
startingNode = 4896
using tracefile ../maps/Grid-300/Grid-300.ns2mobility.xml
Loading buildings file "../maps/Grid-300/Grid-300.poly.xml
Loading losses from file ../maps/Grid-300/Grid-300.losses
totalCoverage= 6506/6528
coverageOnCirc= 148/148
m_sent=2035
hops= 34.7973
slots= 6383.87
Simulation Run 28 ending at: 2025-04-19 10:06:08
Simulation Run 28 Elapsed wall-clock time: 3m 15s
-----------------------------------------------------------------------------
Simulation Run 29 starting at: 2025-04-19 10:06:08
numNodes = 6528
numNodes = 6528
numVeh = 6528
startingNode = 4896
using tracefile ../maps/Grid-300/Grid-300.ns2mobility.xml
Loading buildings file "../maps/Grid-300/Grid-300.poly.xml
Loading losses from file ../maps/Grid-300/Grid-300.losses

Simulation command is: fb-vanet-urban --buildings=1 --actualRange=100 --mapBasePath=../maps/Grid-300/Grid-300 --cwMin=32 --cwMax=1024 --vehicleDistance=25 --startingNode=4896 --propagationLoss=1 --protocol=4 --area=2000 --smartJunctionMode=0 --errorRate=0 --nVehicles=0 --droneTest=0 --highBuildings=0 --flooding=0  --printToFile=1 --printCoords=0 --createObstacleShadowingLossFile=0 --useObstacleShadowingLossFile=1 --forgedCoordTest=0 --forgedCoordRate=0 --maxRun=11
>>> [urban-Grid-300-highBuildings0-drones0-d25-cw-32-1024-b1-e0-j0-STATIC-500-100-_run1] Started at 2025-04-21 23:00:42
Waf: Entering directory `/my-project/ns-3/build'
Waf: Leaving directory `/my-project/ns-3/build'
Build commands will be stored in build/compile_commands.json
'build' finished successfully (1.456s)
Whole simulation starting at: 2025-04-21 23:00:45
Start main urban
numNodes = 6528
numNodes = 6528
numVeh = 6528
startingNode = 4896
using tracefile ../maps/Grid-300/Grid-300.ns2mobility.xml
Loading buildings file "../maps/Grid-300/Grid-300.poly.xml
Loading losses from file ../maps/Grid-300/Grid-300.losses
Max run: 11
fileName=Grid-300/b1/e0/r100/j0/cw[32-1024]/STATIC-500/Grid-300-b1-e0-r100-j0-STATIC-500
fbTest= "/my-project/simulations/scenario-urbano/Grid-300/b1/e0/r100/j0/cw[32-1024]/STATIC-500/Grid-300-b1-e0-r100-j0-STATIC-500-1745269319358.csv"
Simulation Run 0 starting at: 2025-04-21 23:01:59
numNodes = 6528
numNodes = 6528
numVeh = 6528
startingNode = 4896
using tracefile ../maps/Grid-300/Grid-300.ns2mobility.xml
Loading buildings file "../maps/Grid-300/Grid-300.poly.xml
Loading losses from file ../maps/Grid-300/Grid-300.losses
totalCoverage= 6517/6528
coverageOnCirc= 148/148
m_sent=2021
hops= 37.1351
slots= 6508.82
Simulation Run 0 ending at: 2025-04-21 23:07:06
Simulation Run 0 Elapsed wall-clock time: 5m 6s
-----------------------------------------------------------------------------
Simulation Run 1 starting at: 2025-04-21 23:07:06
numNodes = 6528
numNodes = 6528
numVeh = 6528
startingNode = 4896
using tracefile ../maps/Grid-300/Grid-300.ns2mobility.xml
Loading buildings file "../maps/Grid-300/Grid-300.poly.xml
Loading losses from file ../maps/Grid-300/Grid-300.losses
totalCoverage= 6473/6528
coverageOnCirc= 145/148
m_sent=2005
hops= 34.9448
slots= 6501.52
Simulation Run 1 ending at: 2025-04-21 23:11:58
Simulation Run 1 Elapsed wall-clock time: 4m 52s
-----------------------------------------------------------------------------
Simulation Run 2 starting at: 2025-04-21 23:11:58
numNodes = 6528
numNodes = 6528
numVeh = 6528
startingNode = 4896
using tracefile ../maps/Grid-300/Grid-300.ns2mobility.xml
Loading buildings file "../maps/Grid-300/Grid-300.poly.xml
Loading losses from file ../maps/Grid-300/Grid-300.losses
totalCoverage= 6517/6528
coverageOnCirc= 148/148
m_sent=2019
hops= 35.9122
slots= 6554.69
Simulation Run 2 ending at: 2025-04-21 23:16:54
Simulation Run 2 Elapsed wall-clock time: 4m 56s
-----------------------------------------------------------------------------
Simulation Run 3 starting at: 2025-04-21 23:16:54
numNodes = 6528
numNodes = 6528
numVeh = 6528
startingNode = 4896
using tracefile ../maps/Grid-300/Grid-300.ns2mobility.xml
Loading buildings file "../maps/Grid-300/Grid-300.poly.xml
Loading losses from file ../maps/Grid-300/Grid-300.losses
totalCoverage= 6528/6528
coverageOnCirc= 148/148
m_sent=2049
hops= 36.973
slots= 7248.86
Simulation Run 3 ending at: 2025-04-21 23:21:59
Simulation Run 3 Elapsed wall-clock time: 5m 4s
-----------------------------------------------------------------------------
Simulation Run 4 starting at: 2025-04-21 23:21:59
numNodes = 6528
numNodes = 6528
numVeh = 6528
startingNode = 4896
using tracefile ../maps/Grid-300/Grid-300.ns2mobility.xml
Loading buildings file "../maps/Grid-300/Grid-300.poly.xml
Loading losses from file ../maps/Grid-300/Grid-300.losses
totalCoverage= 6506/6528
coverageOnCirc= 148/148
m_sent=2009
hops= 33.5068
slots= 6425.95
Simulation Run 4 ending at: 2025-04-21 23:26:30
Simulation Run 4 Elapsed wall-clock time: 4m 30s
-----------------------------------------------------------------------------
Simulation Run 5 starting at: 2025-04-21 23:26:30
numNodes = 6528
numNodes = 6528
numVeh = 6528
startingNode = 4896
using tracefile ../maps/Grid-300/Grid-300.ns2mobility.xml
Loading buildings file "../maps/Grid-300/Grid-300.poly.xml
Loading losses from file ../maps/Grid-300/Grid-300.losses
totalCoverage= 6528/6528
coverageOnCirc= 148/148
m_sent=2028
hops= 34.8851
slots= 7668.85
Simulation Run 5 ending at: 2025-04-21 23:31:21
Simulation Run 5 Elapsed wall-clock time: 4m 50s
-----------------------------------------------------------------------------
Simulation Run 6 starting at: 2025-04-21 23:31:21
numNodes = 6528
numNodes = 6528
numVeh = 6528
startingNode = 4896
using tracefile ../maps/Grid-300/Grid-300.ns2mobility.xml
Loading buildings file "../maps/Grid-300/Grid-300.poly.xml
Loading losses from file ../maps/Grid-300/Grid-300.losses
totalCoverage= 6528/6528
coverageOnCirc= 148/148
m_sent=2045
hops= 36.1689
slots= 7454.16
Simulation Run 6 ending at: 2025-04-21 23:34:33
Simulation Run 6 Elapsed wall-clock time: 3m 12s
-----------------------------------------------------------------------------
Simulation Run 7 starting at: 2025-04-21 23:34:33
numNodes = 6528
numNodes = 6528
numVeh = 6528
startingNode = 4896
using tracefile ../maps/Grid-300/Grid-300.ns2mobility.xml
Loading buildings file "../maps/Grid-300/Grid-300.poly.xml
Loading losses from file ../maps/Grid-300/Grid-300.losses
totalCoverage= 6517/6528
coverageOnCirc= 148/148
m_sent=2050
hops= 38.4797
slots= 7542.63
Simulation Run 7 ending at: 2025-04-21 23:37:30
Simulation Run 7 Elapsed wall-clock time: 2m 56s
-----------------------------------------------------------------------------
Simulation Run 8 starting at: 2025-04-21 23:37:30
numNodes = 6528
numNodes = 6528
numVeh = 6528
startingNode = 4896
using tracefile ../maps/Grid-300/Grid-300.ns2mobility.xml
Loading buildings file "../maps/Grid-300/Grid-300.poly.xml
Loading losses from file ../maps/Grid-300/Grid-300.losses
totalCoverage= 6526/6528
coverageOnCirc= 148/148
m_sent=2059
hops= 35.6351
slots= 7130.78
Simulation Run 8 ending at: 2025-04-21 23:40:30
Simulation Run 8 Elapsed wall-clock time: 2m 59s
-----------------------------------------------------------------------------
Simulation Run 9 starting at: 2025-04-21 23:40:30
numNodes = 6528
numNodes = 6528
numVeh = 6528
startingNode = 4896
using tracefile ../maps/Grid-300/Grid-300.ns2mobility.xml
Loading buildings file "../maps/Grid-300/Grid-300.poly.xml
Loading losses from file ../maps/Grid-300/Grid-300.losses
totalCoverage= 6506/6528
coverageOnCirc= 145/148
m_sent=2022
hops= 36.8276
slots= 7105.33
Simulation Run 9 ending at: 2025-04-21 23:43:27
Simulation Run 9 Elapsed wall-clock time: 2m 57s
-----------------------------------------------------------------------------
Simulation Run 10 starting at: 2025-04-21 23:43:27
numNodes = 6528
numNodes = 6528
numVeh = 6528
startingNode = 4896
using tracefile ../maps/Grid-300/Grid-300.ns2mobility.xml
Loading buildings file "../maps/Grid-300/Grid-300.poly.xml
Loading losses from file ../maps/Grid-300/Grid-300.losses
totalCoverage= 6522/6528
coverageOnCirc= 148/148
m_sent=2057
hops= 36.0878
slots= 6876.44
Simulation Run 10 ending at: 2025-04-21 23:46:25
Simulation Run 10 Elapsed wall-clock time: 2m 57s
-----------------------------------------------------------------------------
Whole simulation ending at: 2025-04-21 23:46:25
Whole simulation Elapsed wall-clock time: 45m 39s
-----------------------------------------------------------------------------
>>> [urban-Grid-300-highBuildings0-drones0-d25-cw-32-1024-b1-e0-j0-STATIC-500-100-] All 1 runs completed. Moving to completed/
>>> [urban-Grid-300-highBuildings0-drones0-d25-cw-32-1024-b1-e0-j0-STATIC-500-100-_run1] SUCCESS
>>> Finished at 2025-04-21 23:46:29 with duration: 45m 47s
