Simulation command is: fb-vanet-urban --buildings=1 --actualRange=500 --mapBasePath=../maps/Grid-300/Grid-300 --cwMin=32 --cwMax=1024 --vehicleDistance=25 --startingNode=4896 --propagationLoss=1 --protocol=1 --area=2000 --smartJunctionMode=0 --errorRate=0 --nVehicles=0 --droneTest=0 --highBuildings=0 --flooding=0  --printToFile=1 --printCoords=0 --createObstacleShadowingLossFile=0 --useObstacleShadowingLossFile=1 --forgedCoordTest=0 --forgedCoordRate=0 --maxRun=10
>>> [urban-Grid-300-highBuildings0-drones0-d25-cw-32-1024-b1-e0-j0-Fast-Broadcast-500-_run1] Started at 2025-04-19 04:02:06
Waf: Entering directory `/my-project/ns-3/build'
Waf: Leaving directory `/my-project/ns-3/build'
Build commands will be stored in build/compile_commands.json
'build' finished successfully (3.085s)
Whole simulation starting at: 2025-04-19 04:02:13
Start main urban
numNodes = 6528
numNodes = 6528
numVeh = 6528
startingNode = 4896
using tracefile ../maps/Grid-300/Grid-300.ns2mobility.xml
Loading buildings file "../maps/Grid-300/Grid-300.poly.xml
Loading losses from file ../maps/Grid-300/Grid-300.losses
Max run: 10
fileName=Grid-300/b1/e0/r500/j0/cw[32-1024]/Fast-Broadcast/Grid-300-b1-e0-r500-j0-Fast-Broadcast
fbTest= "/my-project/simulations/scenario-urbano/Grid-300/b1/e0/r500/j0/cw[32-1024]/Fast-Broadcast/Grid-300-b1-e0-r500-j0-Fast-Broadcast-1745028196956.csv"
Simulation Run 0 starting at: 2025-04-19 04:03:16
numNodes = 6528
numNodes = 6528
numVeh = 6528
startingNode = 4896
using tracefile ../maps/Grid-300/Grid-300.ns2mobility.xml
Loading buildings file "../maps/Grid-300/Grid-300.poly.xml
Loading losses from file ../maps/Grid-300/Grid-300.losses
totalCoverage= 6352/6528
coverageOnCirc= 146/148
m_sent=426
hops= 13.0068
slots= 192.151
Simulation Run 0 ending at: 2025-04-19 04:53:25
Simulation Run 0 Elapsed wall-clock time: 50m 8s
-----------------------------------------------------------------------------
Simulation Run 1 starting at: 2025-04-19 04:53:25
numNodes = 6528
numNodes = 6528
numVeh = 6528
startingNode = 4896
using tracefile ../maps/Grid-300/Grid-300.ns2mobility.xml
Loading buildings file "../maps/Grid-300/Grid-300.poly.xml
Loading losses from file ../maps/Grid-300/Grid-300.losses
totalCoverage= 6506/6528
coverageOnCirc= 148/148
m_sent=460
hops= 16.5811
slots= 308.547
Simulation Run 1 ending at: 2025-04-19 05:43:54
Simulation Run 1 Elapsed wall-clock time: 50m 28s
-----------------------------------------------------------------------------
Simulation Run 2 starting at: 2025-04-19 05:43:54
numNodes = 6528
numNodes = 6528
numVeh = 6528
startingNode = 4896
using tracefile ../maps/Grid-300/Grid-300.ns2mobility.xml
Loading buildings file "../maps/Grid-300/Grid-300.poly.xml
Loading losses from file ../maps/Grid-300/Grid-300.losses
totalCoverage= 6174/6528
coverageOnCirc= 136/148
m_sent=407
hops= 20.3456
slots= 358.61
Simulation Run 2 ending at: 2025-04-19 06:34:32
Simulation Run 2 Elapsed wall-clock time: 50m 38s
-----------------------------------------------------------------------------
Simulation Run 3 starting at: 2025-04-19 06:34:32
numNodes = 6528
numNodes = 6528
numVeh = 6528
startingNode = 4896
using tracefile ../maps/Grid-300/Grid-300.ns2mobility.xml
Loading buildings file "../maps/Grid-300/Grid-300.poly.xml
Loading losses from file ../maps/Grid-300/Grid-300.losses
totalCoverage= 6528/6528
coverageOnCirc= 148/148
m_sent=438
hops= 14.0608
slots= 229.966
Simulation Run 3 ending at: 2025-04-19 07:25:41
Simulation Run 3 Elapsed wall-clock time: 51m 8s
-----------------------------------------------------------------------------
Simulation Run 4 starting at: 2025-04-19 07:25:41
numNodes = 6528
numNodes = 6528
numVeh = 6528
startingNode = 4896
using tracefile ../maps/Grid-300/Grid-300.ns2mobility.xml
Loading buildings file "../maps/Grid-300/Grid-300.poly.xml
Loading losses from file ../maps/Grid-300/Grid-300.losses
totalCoverage= 6176/6528
coverageOnCirc= 134/148
m_sent=435
hops= 16.4552
slots= 251.903
Simulation Run 4 ending at: 2025-04-19 08:17:04
Simulation Run 4 Elapsed wall-clock time: 51m 22s
-----------------------------------------------------------------------------
Simulation Run 5 starting at: 2025-04-19 08:17:04
numNodes = 6528
numNodes = 6528
numVeh = 6528
startingNode = 4896
using tracefile ../maps/Grid-300/Grid-300.ns2mobility.xml
Loading buildings file "../maps/Grid-300/Grid-300.poly.xml
Loading losses from file ../maps/Grid-300/Grid-300.losses
totalCoverage= 6528/6528
coverageOnCirc= 148/148
m_sent=431
hops= 14.8649
slots= 155.635
Simulation Run 5 ending at: 2025-04-19 09:08:19
Simulation Run 5 Elapsed wall-clock time: 51m 15s
-----------------------------------------------------------------------------
Simulation Run 6 starting at: 2025-04-19 09:08:19
numNodes = 6528
numNodes = 6528
numVeh = 6528
startingNode = 4896
using tracefile ../maps/Grid-300/Grid-300.ns2mobility.xml
Loading buildings file "../maps/Grid-300/Grid-300.poly.xml
Loading losses from file ../maps/Grid-300/Grid-300.losses

