Simulation command is: fb-vanet-urban --buildings=1 --actualRange=500 --mapBasePath=../maps/Grid-300/Grid-300 --cwMin=32 --cwMax=1024 --vehicleDistance=25 --startingNode=4896 --propagationLoss=1 --protocol=2 --area=2000 --smartJunctionMode=0 --errorRate=0 --nVehicles=0 --droneTest=0 --highBuildings=0 --flooding=0  --printToFile=1 --printCoords=0 --createObstacleShadowingLossFile=0 --useObstacleShadowingLossFile=1 --forgedCoordTest=0 --forgedCoordRate=0
>>> [urban-Grid-300-highBuildings0-drones0-d25-cw-32-1024-b1-e0-j0-STATIC-100-500-_run1] Started at 2025-04-18 19:47:44
Waf: Entering directory `/my-project/ns-3/build'
Waf: Leaving directory `/my-project/ns-3/build'
Build commands will be stored in build/compile_commands.json
'build' finished successfully (0.786s)
Whole simulation starting at: 2025-04-18 19:47:45
Start main urban
Max run: 40
numNodes = 6528
numNodes = 6528
numVeh = 6528
startingNode = 4896
using tracefile ../maps/Grid-300/Grid-300.ns2mobility.xml
Loading buildings file "../maps/Grid-300/Grid-300.poly.xml
Loading losses from file ../maps/Grid-300/Grid-300.losses
fileName=Grid-300/b1/e0/r500/j0/cw[32-1024]/STATIC-100/Grid-300-b1-e0-r500-j0-STATIC-100
fbTest= "/my-project/simulations/scenario-urbano/Grid-300/b1/e0/r500/j0/cw[32-1024]/STATIC-100/Grid-300-b1-e0-r500-j0-STATIC-100-1744998527784.csv"
Simulation Run 0 starting at: 2025-04-18 19:48:47
numNodes = 6528
numNodes = 6528
numVeh = 6528
startingNode = 4896
using tracefile ../maps/Grid-300/Grid-300.ns2mobility.xml
Loading buildings file "../maps/Grid-300/Grid-300.poly.xml
Loading losses from file ../maps/Grid-300/Grid-300.losses
totalCoverage= 6528/6528
coverageOnCirc= 148/148
m_sent=727
hops= 13.0338
slots= 28.7432
Simulation Run 0 ending at: 2025-04-18 19:51:30
Simulation Run 0 Elapsed wall-clock time: 2m 42s
Simulation Run 1 starting at: 2025-04-18 19:51:30
numNodes = 6528
numNodes = 6528
numVeh = 6528
startingNode = 4896
using tracefile ../maps/Grid-300/Grid-300.ns2mobility.xml
Loading buildings file "../maps/Grid-300/Grid-300.poly.xml
Loading losses from file ../maps/Grid-300/Grid-300.losses
totalCoverage= 6465/6528
coverageOnCirc= 144/148
m_sent=805
hops= 10.1181
slots= 27.4722
Simulation Run 1 ending at: 2025-04-18 19:54:26
Simulation Run 1 Elapsed wall-clock time: 2m 56s
Simulation Run 2 starting at: 2025-04-18 19:54:26
numNodes = 6528
numNodes = 6528
numVeh = 6528
startingNode = 4896
using tracefile ../maps/Grid-300/Grid-300.ns2mobility.xml
Loading buildings file "../maps/Grid-300/Grid-300.poly.xml
Loading losses from file ../maps/Grid-300/Grid-300.losses
totalCoverage= 6510/6528
coverageOnCirc= 148/148
m_sent=767
hops= 12.0338
slots= 31.9392
Simulation Run 2 ending at: 2025-04-18 19:57:10
Simulation Run 2 Elapsed wall-clock time: 2m 43s
Simulation Run 3 starting at: 2025-04-18 19:57:10
numNodes = 6528
numNodes = 6528
numVeh = 6528
startingNode = 4896
using tracefile ../maps/Grid-300/Grid-300.ns2mobility.xml
Loading buildings file "../maps/Grid-300/Grid-300.poly.xml
Loading losses from file ../maps/Grid-300/Grid-300.losses
totalCoverage= 6524/6528
coverageOnCirc= 148/148
m_sent=752
hops= 12.0608
slots= 36.7838
Simulation Run 3 ending at: 2025-04-18 19:59:49
Simulation Run 3 Elapsed wall-clock time: 2m 39s
Simulation Run 4 starting at: 2025-04-18 19:59:49
numNodes = 6528
numNodes = 6528
numVeh = 6528
startingNode = 4896
using tracefile ../maps/Grid-300/Grid-300.ns2mobility.xml
Loading buildings file "../maps/Grid-300/Grid-300.poly.xml
Loading losses from file ../maps/Grid-300/Grid-300.losses
totalCoverage= 6528/6528
coverageOnCirc= 148/148
m_sent=811
hops= 10.6081
slots= 31.5946
Simulation Run 4 ending at: 2025-04-18 20:02:54
Simulation Run 4 Elapsed wall-clock time: 3m 5s
Simulation Run 5 starting at: 2025-04-18 20:02:54
numNodes = 6528
numNodes = 6528
numVeh = 6528
startingNode = 4896
using tracefile ../maps/Grid-300/Grid-300.ns2mobility.xml
Loading buildings file "../maps/Grid-300/Grid-300.poly.xml
Loading losses from file ../maps/Grid-300/Grid-300.losses
totalCoverage= 6528/6528
coverageOnCirc= 148/148
m_sent=809
hops= 10.7432
slots= 30.6959
Simulation Run 5 ending at: 2025-04-18 20:06:03
Simulation Run 5 Elapsed wall-clock time: 3m 8s
Simulation Run 6 starting at: 2025-04-18 20:06:03
numNodes = 6528
numNodes = 6528
numVeh = 6528
startingNode = 4896
using tracefile ../maps/Grid-300/Grid-300.ns2mobility.xml
Loading buildings file "../maps/Grid-300/Grid-300.poly.xml
Loading losses from file ../maps/Grid-300/Grid-300.losses
totalCoverage= 6528/6528
coverageOnCirc= 148/148
m_sent=741
hops= 11.9527
slots= 38.6622
Simulation Run 6 ending at: 2025-04-18 20:08:51
Simulation Run 6 Elapsed wall-clock time: 2m 48s
Simulation Run 7 starting at: 2025-04-18 20:08:52
numNodes = 6528
numNodes = 6528
numVeh = 6528
startingNode = 4896
using tracefile ../maps/Grid-300/Grid-300.ns2mobility.xml
Loading buildings file "../maps/Grid-300/Grid-300.poly.xml
Loading losses from file ../maps/Grid-300/Grid-300.losses
totalCoverage= 6497/6528
coverageOnCirc= 148/148
m_sent=739
hops= 11.5743
slots= 34.4459
Simulation Run 7 ending at: 2025-04-18 20:11:37
Simulation Run 7 Elapsed wall-clock time: 2m 45s
Simulation Run 8 starting at: 2025-04-18 20:11:37
numNodes = 6528
numNodes = 6528
numVeh = 6528
startingNode = 4896
using tracefile ../maps/Grid-300/Grid-300.ns2mobility.xml
Loading buildings file "../maps/Grid-300/Grid-300.poly.xml
Loading losses from file ../maps/Grid-300/Grid-300.losses
totalCoverage= 6528/6528
coverageOnCirc= 148/148
m_sent=769
hops= 13.7905
slots= 35.3446
Simulation Run 8 ending at: 2025-04-18 20:14:24
Simulation Run 8 Elapsed wall-clock time: 2m 47s
Simulation Run 9 starting at: 2025-04-18 20:14:24
numNodes = 6528
numNodes = 6528
numVeh = 6528
startingNode = 4896
using tracefile ../maps/Grid-300/Grid-300.ns2mobility.xml
Loading buildings file "../maps/Grid-300/Grid-300.poly.xml
Loading losses from file ../maps/Grid-300/Grid-300.losses
totalCoverage= 6528/6528
coverageOnCirc= 148/148
m_sent=807
hops= 10.3176
slots= 28.473
Simulation Run 9 ending at: 2025-04-18 20:17:27
Simulation Run 9 Elapsed wall-clock time: 3m 2s
Simulation Run 10 starting at: 2025-04-18 20:17:27
numNodes = 6528
numNodes = 6528
numVeh = 6528
startingNode = 4896
using tracefile ../maps/Grid-300/Grid-300.ns2mobility.xml
Loading buildings file "../maps/Grid-300/Grid-300.poly.xml
Loading losses from file ../maps/Grid-300/Grid-300.losses
totalCoverage= 6528/6528
coverageOnCirc= 148/148
m_sent=811
hops= 10.4324
slots= 38.7095
Simulation Run 10 ending at: 2025-04-18 20:20:22
Simulation Run 10 Elapsed wall-clock time: 2m 55s
Simulation Run 11 starting at: 2025-04-18 20:20:22
numNodes = 6528
numNodes = 6528
numVeh = 6528
startingNode = 4896
using tracefile ../maps/Grid-300/Grid-300.ns2mobility.xml
Loading buildings file "../maps/Grid-300/Grid-300.poly.xml
Loading losses from file ../maps/Grid-300/Grid-300.losses
totalCoverage= 6528/6528
coverageOnCirc= 148/148
m_sent=766
hops= 12.7635
slots= 32.8919
Simulation Run 11 ending at: 2025-04-18 20:23:11
Simulation Run 11 Elapsed wall-clock time: 2m 49s
Simulation Run 12 starting at: 2025-04-18 20:23:11
numNodes = 6528
numNodes = 6528
numVeh = 6528
startingNode = 4896
using tracefile ../maps/Grid-300/Grid-300.ns2mobility.xml
Loading buildings file "../maps/Grid-300/Grid-300.poly.xml
Loading losses from file ../maps/Grid-300/Grid-300.losses
totalCoverage= 6510/6528
coverageOnCirc= 147/148
m_sent=790
hops= 12.0748
slots= 35.8299
Simulation Run 12 ending at: 2025-04-18 20:26:06
Simulation Run 12 Elapsed wall-clock time: 2m 54s
Simulation Run 13 starting at: 2025-04-18 20:26:06
numNodes = 6528
numNodes = 6528
numVeh = 6528
startingNode = 4896
using tracefile ../maps/Grid-300/Grid-300.ns2mobility.xml
Loading buildings file "../maps/Grid-300/Grid-300.poly.xml
Loading losses from file ../maps/Grid-300/Grid-300.losses
totalCoverage= 6528/6528
coverageOnCirc= 148/148
m_sent=814
hops= 9.72297
slots= 26.8716
Simulation Run 13 ending at: 2025-04-18 20:29:09
Simulation Run 13 Elapsed wall-clock time: 3m 2s
Simulation Run 14 starting at: 2025-04-18 20:29:09
numNodes = 6528
numNodes = 6528
numVeh = 6528
startingNode = 4896
using tracefile ../maps/Grid-300/Grid-300.ns2mobility.xml
Loading buildings file "../maps/Grid-300/Grid-300.poly.xml
Loading losses from file ../maps/Grid-300/Grid-300.losses
totalCoverage= 6488/6528
coverageOnCirc= 148/148
m_sent=781
hops= 12.277
slots= 31.5338
Simulation Run 14 ending at: 2025-04-18 20:32:02
Simulation Run 14 Elapsed wall-clock time: 2m 53s
Simulation Run 15 starting at: 2025-04-18 20:32:02
numNodes = 6528
numNodes = 6528
numVeh = 6528
startingNode = 4896
using tracefile ../maps/Grid-300/Grid-300.ns2mobility.xml
Loading buildings file "../maps/Grid-300/Grid-300.poly.xml
Loading losses from file ../maps/Grid-300/Grid-300.losses
totalCoverage= 6528/6528
coverageOnCirc= 148/148
m_sent=744
hops= 11.8311
slots= 39.7973
Simulation Run 15 ending at: 2025-04-18 20:34:46
Simulation Run 15 Elapsed wall-clock time: 2m 44s
Simulation Run 16 starting at: 2025-04-18 20:34:46
numNodes = 6528
numNodes = 6528
numVeh = 6528
startingNode = 4896
using tracefile ../maps/Grid-300/Grid-300.ns2mobility.xml
Loading buildings file "../maps/Grid-300/Grid-300.poly.xml
Loading losses from file ../maps/Grid-300/Grid-300.losses
totalCoverage= 6528/6528
coverageOnCirc= 148/148
m_sent=703
hops= 20.4932
slots= 57.7297
Simulation Run 16 ending at: 2025-04-18 20:37:09
Simulation Run 16 Elapsed wall-clock time: 2m 22s
Simulation Run 17 starting at: 2025-04-18 20:37:09
numNodes = 6528
numNodes = 6528
numVeh = 6528
startingNode = 4896
using tracefile ../maps/Grid-300/Grid-300.ns2mobility.xml
Loading buildings file "../maps/Grid-300/Grid-300.poly.xml
Loading losses from file ../maps/Grid-300/Grid-300.losses
totalCoverage= 6528/6528
coverageOnCirc= 148/148
m_sent=826
hops= 9.75676
slots= 25.0338
Simulation Run 17 ending at: 2025-04-18 20:40:31
Simulation Run 17 Elapsed wall-clock time: 3m 22s
Simulation Run 18 starting at: 2025-04-18 20:40:31
numNodes = 6528
numNodes = 6528
numVeh = 6528
startingNode = 4896
using tracefile ../maps/Grid-300/Grid-300.ns2mobility.xml
Loading buildings file "../maps/Grid-300/Grid-300.poly.xml
Loading losses from file ../maps/Grid-300/Grid-300.losses
totalCoverage= 6520/6528
coverageOnCirc= 148/148
m_sent=738
hops= 17.1554
slots= 54.3176
Simulation Run 18 ending at: 2025-04-18 20:43:07
Simulation Run 18 Elapsed wall-clock time: 2m 35s
Simulation Run 19 starting at: 2025-04-18 20:43:07
numNodes = 6528
numNodes = 6528
numVeh = 6528
startingNode = 4896
using tracefile ../maps/Grid-300/Grid-300.ns2mobility.xml
Loading buildings file "../maps/Grid-300/Grid-300.poly.xml
Loading losses from file ../maps/Grid-300/Grid-300.losses
totalCoverage= 6528/6528
coverageOnCirc= 148/148
m_sent=793
hops= 12.723
slots= 45.473
Simulation Run 19 ending at: 2025-04-18 20:45:53
Simulation Run 19 Elapsed wall-clock time: 2m 46s
Simulation Run 20 starting at: 2025-04-18 20:45:53
numNodes = 6528
numNodes = 6528
numVeh = 6528
startingNode = 4896
using tracefile ../maps/Grid-300/Grid-300.ns2mobility.xml
Loading buildings file "../maps/Grid-300/Grid-300.poly.xml
Loading losses from file ../maps/Grid-300/Grid-300.losses
totalCoverage= 6528/6528
coverageOnCirc= 148/148
m_sent=726
hops= 16.0541
slots= 41.9122
Simulation Run 20 ending at: 2025-04-18 20:48:29
Simulation Run 20 Elapsed wall-clock time: 2m 35s
Simulation Run 21 starting at: 2025-04-18 20:48:29
numNodes = 6528
numNodes = 6528
numVeh = 6528
startingNode = 4896
using tracefile ../maps/Grid-300/Grid-300.ns2mobility.xml
Loading buildings file "../maps/Grid-300/Grid-300.poly.xml
Loading losses from file ../maps/Grid-300/Grid-300.losses
totalCoverage= 6520/6528
coverageOnCirc= 148/148
m_sent=768
hops= 11.4662
slots= 30.5203
Simulation Run 21 ending at: 2025-04-18 20:51:14
Simulation Run 21 Elapsed wall-clock time: 2m 44s
Simulation Run 22 starting at: 2025-04-18 20:51:14
numNodes = 6528
numNodes = 6528
numVeh = 6528
startingNode = 4896
using tracefile ../maps/Grid-300/Grid-300.ns2mobility.xml
Loading buildings file "../maps/Grid-300/Grid-300.poly.xml
Loading losses from file ../maps/Grid-300/Grid-300.losses
totalCoverage= 6509/6528
coverageOnCirc= 146/148
m_sent=791
hops= 11.0342
slots= 33.7466
Simulation Run 22 ending at: 2025-04-18 20:54:01
Simulation Run 22 Elapsed wall-clock time: 2m 46s
Simulation Run 23 starting at: 2025-04-18 20:54:01
numNodes = 6528
numNodes = 6528
numVeh = 6528
startingNode = 4896
using tracefile ../maps/Grid-300/Grid-300.ns2mobility.xml
Loading buildings file "../maps/Grid-300/Grid-300.poly.xml
Loading losses from file ../maps/Grid-300/Grid-300.losses
totalCoverage= 6521/6528
coverageOnCirc= 148/148
m_sent=862
hops= 11.8716
slots= 32.1689
Simulation Run 23 ending at: 2025-04-18 20:56:59
Simulation Run 23 Elapsed wall-clock time: 2m 58s
Simulation Run 24 starting at: 2025-04-18 20:56:59
numNodes = 6528
numNodes = 6528
numVeh = 6528
startingNode = 4896
using tracefile ../maps/Grid-300/Grid-300.ns2mobility.xml
Loading buildings file "../maps/Grid-300/Grid-300.poly.xml
Loading losses from file ../maps/Grid-300/Grid-300.losses
totalCoverage= 6528/6528
coverageOnCirc= 148/148
m_sent=748
hops= 17.5676
slots= 49.9662
Simulation Run 24 ending at: 2025-04-18 20:59:28
Simulation Run 24 Elapsed wall-clock time: 2m 28s
Simulation Run 25 starting at: 2025-04-18 20:59:28
numNodes = 6528
numNodes = 6528
numVeh = 6528
startingNode = 4896
using tracefile ../maps/Grid-300/Grid-300.ns2mobility.xml
Loading buildings file "../maps/Grid-300/Grid-300.poly.xml
Loading losses from file ../maps/Grid-300/Grid-300.losses
totalCoverage= 6521/6528
coverageOnCirc= 148/148
m_sent=806
hops= 10.6216
slots= 33.6757
Simulation Run 25 ending at: 2025-04-18 21:02:22
Simulation Run 25 Elapsed wall-clock time: 2m 54s
Simulation Run 26 starting at: 2025-04-18 21:02:22
numNodes = 6528
numNodes = 6528
numVeh = 6528
startingNode = 4896
using tracefile ../maps/Grid-300/Grid-300.ns2mobility.xml
Loading buildings file "../maps/Grid-300/Grid-300.poly.xml
Loading losses from file ../maps/Grid-300/Grid-300.losses
totalCoverage= 6511/6528
coverageOnCirc= 148/148
m_sent=675
hops= 16.0608
slots= 47.2568
Simulation Run 26 ending at: 2025-04-18 21:04:46
Simulation Run 26 Elapsed wall-clock time: 2m 24s
Simulation Run 27 starting at: 2025-04-18 21:04:46
numNodes = 6528
numNodes = 6528
numVeh = 6528
startingNode = 4896
using tracefile ../maps/Grid-300/Grid-300.ns2mobility.xml
Loading buildings file "../maps/Grid-300/Grid-300.poly.xml
Loading losses from file ../maps/Grid-300/Grid-300.losses
totalCoverage= 6528/6528
coverageOnCirc= 148/148
m_sent=862
hops= 9.62838
slots= 31.9122
Simulation Run 27 ending at: 2025-04-18 21:07:48
Simulation Run 27 Elapsed wall-clock time: 3m 2s
Simulation Run 28 starting at: 2025-04-18 21:07:48
numNodes = 6528
numNodes = 6528
numVeh = 6528
startingNode = 4896
using tracefile ../maps/Grid-300/Grid-300.ns2mobility.xml
Loading buildings file "../maps/Grid-300/Grid-300.poly.xml
Loading losses from file ../maps/Grid-300/Grid-300.losses
totalCoverage= 6498/6528
coverageOnCirc= 148/148
m_sent=758
hops= 15.8986
slots= 40.0405
Simulation Run 28 ending at: 2025-04-18 21:10:21
Simulation Run 28 Elapsed wall-clock time: 2m 32s
Simulation Run 29 starting at: 2025-04-18 21:10:21
numNodes = 6528
numNodes = 6528
numVeh = 6528
startingNode = 4896
using tracefile ../maps/Grid-300/Grid-300.ns2mobility.xml
Loading buildings file "../maps/Grid-300/Grid-300.poly.xml
Loading losses from file ../maps/Grid-300/Grid-300.losses
totalCoverage= 6520/6528
coverageOnCirc= 148/148
m_sent=717
hops= 12.5
slots= 36.7973
Simulation Run 29 ending at: 2025-04-18 21:13:30
Simulation Run 29 Elapsed wall-clock time: 3m 9s
Simulation Run 30 starting at: 2025-04-18 21:13:30
numNodes = 6528
numNodes = 6528
numVeh = 6528
startingNode = 4896
using tracefile ../maps/Grid-300/Grid-300.ns2mobility.xml
Loading buildings file "../maps/Grid-300/Grid-300.poly.xml
Loading losses from file ../maps/Grid-300/Grid-300.losses
totalCoverage= 6528/6528
coverageOnCirc= 148/148
m_sent=842
hops= 10.8176
slots= 34.3851
Simulation Run 30 ending at: 2025-04-18 21:16:42
Simulation Run 30 Elapsed wall-clock time: 3m 11s
Simulation Run 31 starting at: 2025-04-18 21:16:42
numNodes = 6528
numNodes = 6528
numVeh = 6528
startingNode = 4896
using tracefile ../maps/Grid-300/Grid-300.ns2mobility.xml
Loading buildings file "../maps/Grid-300/Grid-300.poly.xml
Loading losses from file ../maps/Grid-300/Grid-300.losses
totalCoverage= 6520/6528
coverageOnCirc= 148/148
m_sent=789
hops= 10.0203
slots= 29.0338
Simulation Run 31 ending at: 2025-04-18 21:19:44
Simulation Run 31 Elapsed wall-clock time: 3m 1s
Simulation Run 32 starting at: 2025-04-18 21:19:44
numNodes = 6528
numNodes = 6528
numVeh = 6528
startingNode = 4896
using tracefile ../maps/Grid-300/Grid-300.ns2mobility.xml
Loading buildings file "../maps/Grid-300/Grid-300.poly.xml
Loading losses from file ../maps/Grid-300/Grid-300.losses
totalCoverage= 6402/6528
coverageOnCirc= 146/148
m_sent=694
hops= 13.589
slots= 61.1849
Simulation Run 32 ending at: 2025-04-18 21:22:30
Simulation Run 32 Elapsed wall-clock time: 2m 46s
Simulation Run 33 starting at: 2025-04-18 21:22:31
numNodes = 6528
numNodes = 6528
numVeh = 6528
startingNode = 4896
using tracefile ../maps/Grid-300/Grid-300.ns2mobility.xml
Loading buildings file "../maps/Grid-300/Grid-300.poly.xml
Loading losses from file ../maps/Grid-300/Grid-300.losses
totalCoverage= 6528/6528
coverageOnCirc= 148/148
m_sent=765
hops= 12.777
slots= 34.0878
Simulation Run 33 ending at: 2025-04-18 21:25:24
Simulation Run 33 Elapsed wall-clock time: 2m 53s
Simulation Run 34 starting at: 2025-04-18 21:25:24
numNodes = 6528
numNodes = 6528
numVeh = 6528
startingNode = 4896
using tracefile ../maps/Grid-300/Grid-300.ns2mobility.xml
Loading buildings file "../maps/Grid-300/Grid-300.poly.xml
Loading losses from file ../maps/Grid-300/Grid-300.losses
totalCoverage= 6528/6528
coverageOnCirc= 148/148
m_sent=805
hops= 10.2162
slots= 36.277
Simulation Run 34 ending at: 2025-04-18 21:28:26
Simulation Run 34 Elapsed wall-clock time: 3m 1s
Simulation Run 35 starting at: 2025-04-18 21:28:26
numNodes = 6528
numNodes = 6528
numVeh = 6528
startingNode = 4896
using tracefile ../maps/Grid-300/Grid-300.ns2mobility.xml
Loading buildings file "../maps/Grid-300/Grid-300.poly.xml
Loading losses from file ../maps/Grid-300/Grid-300.losses
totalCoverage= 6528/6528
coverageOnCirc= 148/148
m_sent=834
hops= 10.1486
slots= 40.3919
Simulation Run 35 ending at: 2025-04-18 21:31:38
Simulation Run 35 Elapsed wall-clock time: 3m 12s
Simulation Run 36 starting at: 2025-04-18 21:31:38
numNodes = 6528
numNodes = 6528
numVeh = 6528
startingNode = 4896
using tracefile ../maps/Grid-300/Grid-300.ns2mobility.xml
Loading buildings file "../maps/Grid-300/Grid-300.poly.xml
Loading losses from file ../maps/Grid-300/Grid-300.losses
totalCoverage= 6528/6528
coverageOnCirc= 148/148
m_sent=865
hops= 11.2973
slots= 29.2905
Simulation Run 36 ending at: 2025-04-18 21:34:55
Simulation Run 36 Elapsed wall-clock time: 3m 16s
Simulation Run 37 starting at: 2025-04-18 21:34:55
numNodes = 6528
numNodes = 6528
numVeh = 6528
startingNode = 4896
using tracefile ../maps/Grid-300/Grid-300.ns2mobility.xml
Loading buildings file "../maps/Grid-300/Grid-300.poly.xml
Loading losses from file ../maps/Grid-300/Grid-300.losses
totalCoverage= 6528/6528
coverageOnCirc= 148/148
m_sent=767
hops= 10.3851
slots= 38.5811
Simulation Run 37 ending at: 2025-04-18 21:37:38
Simulation Run 37 Elapsed wall-clock time: 2m 42s
Simulation Run 38 starting at: 2025-04-18 21:37:38
numNodes = 6528
numNodes = 6528
numVeh = 6528
startingNode = 4896
using tracefile ../maps/Grid-300/Grid-300.ns2mobility.xml
Loading buildings file "../maps/Grid-300/Grid-300.poly.xml
Loading losses from file ../maps/Grid-300/Grid-300.losses
totalCoverage= 6528/6528
coverageOnCirc= 148/148
m_sent=677
hops= 11.6284
slots= 30.8649
Simulation Run 38 ending at: 2025-04-18 21:40:04
Simulation Run 38 Elapsed wall-clock time: 2m 26s
Simulation Run 39 starting at: 2025-04-18 21:40:04
numNodes = 6528
numNodes = 6528
numVeh = 6528
startingNode = 4896
using tracefile ../maps/Grid-300/Grid-300.ns2mobility.xml
Loading buildings file "../maps/Grid-300/Grid-300.poly.xml
Loading losses from file ../maps/Grid-300/Grid-300.losses
totalCoverage= 6514/6528
coverageOnCirc= 148/148
m_sent=821
hops= 10.527
slots= 30.5
Simulation Run 39 ending at: 2025-04-18 21:42:57
Simulation Run 39 Elapsed wall-clock time: 2m 52s
Whole simulation ending at: 2025-04-18 21:42:57
Whole simulation Elapsed wall-clock time: 115m 11s
>>> [urban-Grid-300-highBuildings0-drones0-d25-cw-32-1024-b1-e0-j0-STATIC-100-500-] All 1 runs completed. Moving to completed/
>>> [urban-Grid-300-highBuildings0-drones0-d25-cw-32-1024-b1-e0-j0-STATIC-100-500-_run1] SUCCESS
>>> Finished at 2025-04-18 21:43:00 with duration: 115m 16s
