Simulation command is: fb-vanet-urban --buildings=1 --actualRange=300 --mapBasePath=../maps/Grid-300/Grid-300 --cwMin=32 --cwMax=1024 --vehicleDistance=25 --startingNode=4896 --propagationLoss=1 --protocol=3 --area=2000 --smartJunctionMode=0 --errorRate=0 --nVehicles=0 --droneTest=0 --highBuildings=0 --flooding=0  --printToFile=1 --printCoords=0 --createObstacleShadowingLossFile=0 --useObstacleShadowingLossFile=1 --forgedCoordTest=0 --forgedCoordRate=0 --maxRun=40
>>> [urban-Grid-300-highBuildings0-drones0-d25-cw-32-1024-b1-e0-j0-STATIC-300-300-_run1] Started at 2025-04-19 06:03:57
Waf: Entering directory `/my-project/ns-3/build'
Waf: Leaving directory `/my-project/ns-3/build'
Build commands will be stored in build/compile_commands.json
'build' finished successfully (1.508s)
Whole simulation starting at: 2025-04-19 06:04:00
Start main urban
numNodes = 6528
numNodes = 6528
numVeh = 6528
startingNode = 4896
using tracefile ../maps/Grid-300/Grid-300.ns2mobility.xml
Loading buildings file "../maps/Grid-300/Grid-300.poly.xml
Loading losses from file ../maps/Grid-300/Grid-300.losses
Max run: 40
fileName=Grid-300/b1/e0/r300/j0/cw[32-1024]/STATIC-300/Grid-300-b1-e0-r300-j0-STATIC-300
fbTest= "/my-project/simulations/scenario-urbano/Grid-300/b1/e0/r300/j0/cw[32-1024]/STATIC-300/Grid-300-b1-e0-r300-j0-STATIC-300-1745035498711.csv"
Simulation Run 0 starting at: 2025-04-19 06:04:58
numNodes = 6528
numNodes = 6528
numVeh = 6528
startingNode = 4896
using tracefile ../maps/Grid-300/Grid-300.ns2mobility.xml
Loading buildings file "../maps/Grid-300/Grid-300.poly.xml
Loading losses from file ../maps/Grid-300/Grid-300.losses
totalCoverage= 6528/6528
coverageOnCirc= 148/148
m_sent=584
hops= 11.0068
slots= 82.5
Simulation Run 0 ending at: 2025-04-19 06:06:41
Simulation Run 0 Elapsed wall-clock time: 1m 42s
-----------------------------------------------------------------------------
Simulation Run 1 starting at: 2025-04-19 06:06:41
numNodes = 6528
numNodes = 6528
numVeh = 6528
startingNode = 4896
using tracefile ../maps/Grid-300/Grid-300.ns2mobility.xml
Loading buildings file "../maps/Grid-300/Grid-300.poly.xml
Loading losses from file ../maps/Grid-300/Grid-300.losses
totalCoverage= 6528/6528
coverageOnCirc= 148/148
m_sent=611
hops= 15.2365
slots= 145.98
Simulation Run 1 ending at: 2025-04-19 06:08:21
Simulation Run 1 Elapsed wall-clock time: 1m 40s
-----------------------------------------------------------------------------
Simulation Run 2 starting at: 2025-04-19 06:08:21
numNodes = 6528
numNodes = 6528
numVeh = 6528
startingNode = 4896
using tracefile ../maps/Grid-300/Grid-300.ns2mobility.xml
Loading buildings file "../maps/Grid-300/Grid-300.poly.xml
Loading losses from file ../maps/Grid-300/Grid-300.losses
totalCoverage= 6528/6528
coverageOnCirc= 148/148
m_sent=617
hops= 12.5608
slots= 85.9459
Simulation Run 2 ending at: 2025-04-19 06:10:02
Simulation Run 2 Elapsed wall-clock time: 1m 40s
-----------------------------------------------------------------------------
Simulation Run 3 starting at: 2025-04-19 06:10:02
numNodes = 6528
numNodes = 6528
numVeh = 6528
startingNode = 4896
using tracefile ../maps/Grid-300/Grid-300.ns2mobility.xml
Loading buildings file "../maps/Grid-300/Grid-300.poly.xml
Loading losses from file ../maps/Grid-300/Grid-300.losses
totalCoverage= 6528/6528
coverageOnCirc= 148/148
m_sent=614
hops= 11.3784
slots= 88.3446
Simulation Run 3 ending at: 2025-04-19 06:11:42
Simulation Run 3 Elapsed wall-clock time: 1m 40s
-----------------------------------------------------------------------------
Simulation Run 4 starting at: 2025-04-19 06:11:42
numNodes = 6528
numNodes = 6528
numVeh = 6528
startingNode = 4896
using tracefile ../maps/Grid-300/Grid-300.ns2mobility.xml
Loading buildings file "../maps/Grid-300/Grid-300.poly.xml
Loading losses from file ../maps/Grid-300/Grid-300.losses
totalCoverage= 6528/6528
coverageOnCirc= 148/148
m_sent=623
hops= 11.027
slots= 74.2905
Simulation Run 4 ending at: 2025-04-19 06:13:23
Simulation Run 4 Elapsed wall-clock time: 1m 40s
-----------------------------------------------------------------------------
Simulation Run 5 starting at: 2025-04-19 06:13:23
numNodes = 6528
numNodes = 6528
numVeh = 6528
startingNode = 4896
using tracefile ../maps/Grid-300/Grid-300.ns2mobility.xml
Loading buildings file "../maps/Grid-300/Grid-300.poly.xml
Loading losses from file ../maps/Grid-300/Grid-300.losses
totalCoverage= 6528/6528
coverageOnCirc= 148/148
m_sent=623
hops= 11.0811
slots= 96.3041
Simulation Run 5 ending at: 2025-04-19 06:15:04
Simulation Run 5 Elapsed wall-clock time: 1m 41s
-----------------------------------------------------------------------------
Simulation Run 6 starting at: 2025-04-19 06:15:04
numNodes = 6528
numNodes = 6528
numVeh = 6528
startingNode = 4896
using tracefile ../maps/Grid-300/Grid-300.ns2mobility.xml
Loading buildings file "../maps/Grid-300/Grid-300.poly.xml
Loading losses from file ../maps/Grid-300/Grid-300.losses
totalCoverage= 6528/6528
coverageOnCirc= 148/148
m_sent=598
hops= 11.0135
slots= 75.0608
Simulation Run 6 ending at: 2025-04-19 06:16:43
Simulation Run 6 Elapsed wall-clock time: 1m 39s
-----------------------------------------------------------------------------
Simulation Run 7 starting at: 2025-04-19 06:16:43
numNodes = 6528
numNodes = 6528
numVeh = 6528
startingNode = 4896
using tracefile ../maps/Grid-300/Grid-300.ns2mobility.xml
Loading buildings file "../maps/Grid-300/Grid-300.poly.xml
Loading losses from file ../maps/Grid-300/Grid-300.losses
totalCoverage= 6528/6528
coverageOnCirc= 148/148
m_sent=609
hops= 11.5405
slots= 88.8986
Simulation Run 7 ending at: 2025-04-19 06:18:23
Simulation Run 7 Elapsed wall-clock time: 1m 39s
-----------------------------------------------------------------------------
Simulation Run 8 starting at: 2025-04-19 06:18:23
numNodes = 6528
numNodes = 6528
numVeh = 6528
startingNode = 4896
using tracefile ../maps/Grid-300/Grid-300.ns2mobility.xml
Loading buildings file "../maps/Grid-300/Grid-300.poly.xml
Loading losses from file ../maps/Grid-300/Grid-300.losses
totalCoverage= 6528/6528
coverageOnCirc= 148/148
m_sent=608
hops= 10.6216
slots= 75.1554
Simulation Run 8 ending at: 2025-04-19 06:20:02
Simulation Run 8 Elapsed wall-clock time: 1m 39s
-----------------------------------------------------------------------------
Simulation Run 9 starting at: 2025-04-19 06:20:02
numNodes = 6528
numNodes = 6528
numVeh = 6528
startingNode = 4896
using tracefile ../maps/Grid-300/Grid-300.ns2mobility.xml
Loading buildings file "../maps/Grid-300/Grid-300.poly.xml
Loading losses from file ../maps/Grid-300/Grid-300.losses
totalCoverage= 6528/6528
coverageOnCirc= 148/148
m_sent=590
hops= 11.2162
slots= 88.4459
Simulation Run 9 ending at: 2025-04-19 06:21:40
Simulation Run 9 Elapsed wall-clock time: 1m 37s
-----------------------------------------------------------------------------
Simulation Run 10 starting at: 2025-04-19 06:21:40
numNodes = 6528
numNodes = 6528
numVeh = 6528
startingNode = 4896
using tracefile ../maps/Grid-300/Grid-300.ns2mobility.xml
Loading buildings file "../maps/Grid-300/Grid-300.poly.xml
Loading losses from file ../maps/Grid-300/Grid-300.losses
totalCoverage= 6528/6528
coverageOnCirc= 148/148
m_sent=596
hops= 12.5405
slots= 81.5541
Simulation Run 10 ending at: 2025-04-19 06:23:18
Simulation Run 10 Elapsed wall-clock time: 1m 38s
-----------------------------------------------------------------------------
Simulation Run 11 starting at: 2025-04-19 06:23:18
numNodes = 6528
numNodes = 6528
numVeh = 6528
startingNode = 4896
using tracefile ../maps/Grid-300/Grid-300.ns2mobility.xml
Loading buildings file "../maps/Grid-300/Grid-300.poly.xml
Loading losses from file ../maps/Grid-300/Grid-300.losses
totalCoverage= 6528/6528
coverageOnCirc= 148/148
m_sent=641
hops= 13.8446
slots= 116.432
Simulation Run 11 ending at: 2025-04-19 06:24:59
Simulation Run 11 Elapsed wall-clock time: 1m 40s
-----------------------------------------------------------------------------
Simulation Run 12 starting at: 2025-04-19 06:24:59
numNodes = 6528
numNodes = 6528
numVeh = 6528
startingNode = 4896
using tracefile ../maps/Grid-300/Grid-300.ns2mobility.xml
Loading buildings file "../maps/Grid-300/Grid-300.poly.xml
Loading losses from file ../maps/Grid-300/Grid-300.losses
totalCoverage= 6528/6528
coverageOnCirc= 148/148
m_sent=606
hops= 11.4257
slots= 88.7027
Simulation Run 12 ending at: 2025-04-19 06:26:38
Simulation Run 12 Elapsed wall-clock time: 1m 38s
-----------------------------------------------------------------------------
Simulation Run 13 starting at: 2025-04-19 06:26:38
numNodes = 6528
numNodes = 6528
numVeh = 6528
startingNode = 4896
using tracefile ../maps/Grid-300/Grid-300.ns2mobility.xml
Loading buildings file "../maps/Grid-300/Grid-300.poly.xml
Loading losses from file ../maps/Grid-300/Grid-300.losses
totalCoverage= 6473/6528
coverageOnCirc= 147/148
m_sent=609
hops= 11.4082
slots= 71.5238
Simulation Run 13 ending at: 2025-04-19 06:28:17
Simulation Run 13 Elapsed wall-clock time: 1m 38s
-----------------------------------------------------------------------------
Simulation Run 14 starting at: 2025-04-19 06:28:17
numNodes = 6528
numNodes = 6528
numVeh = 6528
startingNode = 4896
using tracefile ../maps/Grid-300/Grid-300.ns2mobility.xml
Loading buildings file "../maps/Grid-300/Grid-300.poly.xml
Loading losses from file ../maps/Grid-300/Grid-300.losses
totalCoverage= 6528/6528
coverageOnCirc= 148/148
m_sent=590
hops= 10.8041
slots= 77.2905
Simulation Run 14 ending at: 2025-04-19 06:29:56
Simulation Run 14 Elapsed wall-clock time: 1m 38s
-----------------------------------------------------------------------------
Simulation Run 15 starting at: 2025-04-19 06:29:56
numNodes = 6528
numNodes = 6528
numVeh = 6528
startingNode = 4896
using tracefile ../maps/Grid-300/Grid-300.ns2mobility.xml
Loading buildings file "../maps/Grid-300/Grid-300.poly.xml
Loading losses from file ../maps/Grid-300/Grid-300.losses
totalCoverage= 6528/6528
coverageOnCirc= 148/148
m_sent=590
hops= 10.5068
slots= 68.4122
Simulation Run 15 ending at: 2025-04-19 06:31:35
Simulation Run 15 Elapsed wall-clock time: 1m 38s
-----------------------------------------------------------------------------
Simulation Run 16 starting at: 2025-04-19 06:31:35
numNodes = 6528
numNodes = 6528
numVeh = 6528
startingNode = 4896
using tracefile ../maps/Grid-300/Grid-300.ns2mobility.xml
Loading buildings file "../maps/Grid-300/Grid-300.poly.xml
Loading losses from file ../maps/Grid-300/Grid-300.losses
totalCoverage= 6517/6528
coverageOnCirc= 148/148
m_sent=635
hops= 11.9189
slots= 88.6351
Simulation Run 16 ending at: 2025-04-19 06:33:16
Simulation Run 16 Elapsed wall-clock time: 1m 41s
-----------------------------------------------------------------------------
Simulation Run 17 starting at: 2025-04-19 06:33:16
numNodes = 6528
numNodes = 6528
numVeh = 6528
startingNode = 4896
using tracefile ../maps/Grid-300/Grid-300.ns2mobility.xml
Loading buildings file "../maps/Grid-300/Grid-300.poly.xml
Loading losses from file ../maps/Grid-300/Grid-300.losses
totalCoverage= 6528/6528
coverageOnCirc= 148/148
m_sent=615
hops= 11.3041
slots= 93.777
Simulation Run 17 ending at: 2025-04-19 06:34:58
Simulation Run 17 Elapsed wall-clock time: 1m 41s
-----------------------------------------------------------------------------
Simulation Run 18 starting at: 2025-04-19 06:34:58
numNodes = 6528
numNodes = 6528
numVeh = 6528
startingNode = 4896
using tracefile ../maps/Grid-300/Grid-300.ns2mobility.xml
Loading buildings file "../maps/Grid-300/Grid-300.poly.xml
Loading losses from file ../maps/Grid-300/Grid-300.losses
totalCoverage= 6528/6528
coverageOnCirc= 148/148
m_sent=619
hops= 13.6554
slots= 96.6351
Simulation Run 18 ending at: 2025-04-19 06:36:38
Simulation Run 18 Elapsed wall-clock time: 1m 40s
-----------------------------------------------------------------------------
Simulation Run 19 starting at: 2025-04-19 06:36:38
numNodes = 6528
numNodes = 6528
numVeh = 6528
startingNode = 4896
using tracefile ../maps/Grid-300/Grid-300.ns2mobility.xml
Loading buildings file "../maps/Grid-300/Grid-300.poly.xml
Loading losses from file ../maps/Grid-300/Grid-300.losses
totalCoverage= 6528/6528
coverageOnCirc= 148/148
m_sent=627
hops= 10.4189
slots= 85.7838
Simulation Run 19 ending at: 2025-04-19 06:38:19
Simulation Run 19 Elapsed wall-clock time: 1m 40s
-----------------------------------------------------------------------------
Simulation Run 20 starting at: 2025-04-19 06:38:19
numNodes = 6528
numNodes = 6528
numVeh = 6528
startingNode = 4896
using tracefile ../maps/Grid-300/Grid-300.ns2mobility.xml
Loading buildings file "../maps/Grid-300/Grid-300.poly.xml
Loading losses from file ../maps/Grid-300/Grid-300.losses
totalCoverage= 6528/6528
coverageOnCirc= 148/148
m_sent=607
hops= 13.2568
slots= 89.9662
Simulation Run 20 ending at: 2025-04-19 06:40:14
Simulation Run 20 Elapsed wall-clock time: 1m 55s
-----------------------------------------------------------------------------
Simulation Run 21 starting at: 2025-04-19 06:40:14
numNodes = 6528
numNodes = 6528
numVeh = 6528
startingNode = 4896
using tracefile ../maps/Grid-300/Grid-300.ns2mobility.xml
Loading buildings file "../maps/Grid-300/Grid-300.poly.xml
Loading losses from file ../maps/Grid-300/Grid-300.losses
totalCoverage= 6528/6528
coverageOnCirc= 148/148
m_sent=627
hops= 10.5068
slots= 74.6554
Simulation Run 21 ending at: 2025-04-19 06:41:59
Simulation Run 21 Elapsed wall-clock time: 1m 44s
-----------------------------------------------------------------------------
Simulation Run 22 starting at: 2025-04-19 06:41:59
numNodes = 6528
numNodes = 6528
numVeh = 6528
startingNode = 4896
using tracefile ../maps/Grid-300/Grid-300.ns2mobility.xml
Loading buildings file "../maps/Grid-300/Grid-300.poly.xml
Loading losses from file ../maps/Grid-300/Grid-300.losses
totalCoverage= 6528/6528
coverageOnCirc= 148/148
m_sent=616
hops= 12.5676
slots= 98.0541
Simulation Run 22 ending at: 2025-04-19 06:43:41
Simulation Run 22 Elapsed wall-clock time: 1m 41s
-----------------------------------------------------------------------------
Simulation Run 23 starting at: 2025-04-19 06:43:41
numNodes = 6528
numNodes = 6528
numVeh = 6528
startingNode = 4896
using tracefile ../maps/Grid-300/Grid-300.ns2mobility.xml
Loading buildings file "../maps/Grid-300/Grid-300.poly.xml
Loading losses from file ../maps/Grid-300/Grid-300.losses
totalCoverage= 6528/6528
coverageOnCirc= 148/148
m_sent=623
hops= 11.2568
slots= 79.5203
Simulation Run 23 ending at: 2025-04-19 06:45:24
Simulation Run 23 Elapsed wall-clock time: 1m 43s
-----------------------------------------------------------------------------
Simulation Run 24 starting at: 2025-04-19 06:45:24
numNodes = 6528
numNodes = 6528
numVeh = 6528
startingNode = 4896
using tracefile ../maps/Grid-300/Grid-300.ns2mobility.xml
Loading buildings file "../maps/Grid-300/Grid-300.poly.xml
Loading losses from file ../maps/Grid-300/Grid-300.losses
totalCoverage= 6528/6528
coverageOnCirc= 148/148
m_sent=596
hops= 11.8176
slots= 86.277
Simulation Run 24 ending at: 2025-04-19 06:47:03
Simulation Run 24 Elapsed wall-clock time: 1m 38s
-----------------------------------------------------------------------------
Simulation Run 25 starting at: 2025-04-19 06:47:03
numNodes = 6528
numNodes = 6528
numVeh = 6528
startingNode = 4896
using tracefile ../maps/Grid-300/Grid-300.ns2mobility.xml
Loading buildings file "../maps/Grid-300/Grid-300.poly.xml
Loading losses from file ../maps/Grid-300/Grid-300.losses
totalCoverage= 6528/6528
coverageOnCirc= 148/148
m_sent=609
hops= 10.2095
slots= 73.7365
Simulation Run 25 ending at: 2025-04-19 06:48:43
Simulation Run 25 Elapsed wall-clock time: 1m 39s
-----------------------------------------------------------------------------
Simulation Run 26 starting at: 2025-04-19 06:48:43
numNodes = 6528
numNodes = 6528
numVeh = 6528
startingNode = 4896
using tracefile ../maps/Grid-300/Grid-300.ns2mobility.xml
Loading buildings file "../maps/Grid-300/Grid-300.poly.xml
Loading losses from file ../maps/Grid-300/Grid-300.losses
totalCoverage= 6528/6528
coverageOnCirc= 148/148
m_sent=642
hops= 14.223
slots= 147.885
Simulation Run 26 ending at: 2025-04-19 06:50:24
Simulation Run 26 Elapsed wall-clock time: 1m 40s
-----------------------------------------------------------------------------
Simulation Run 27 starting at: 2025-04-19 06:50:24
numNodes = 6528
numNodes = 6528
numVeh = 6528
startingNode = 4896
using tracefile ../maps/Grid-300/Grid-300.ns2mobility.xml
Loading buildings file "../maps/Grid-300/Grid-300.poly.xml
Loading losses from file ../maps/Grid-300/Grid-300.losses
totalCoverage= 6528/6528
coverageOnCirc= 148/148
m_sent=598
hops= 12.4662
slots= 87.1959
Simulation Run 27 ending at: 2025-04-19 06:52:02
Simulation Run 27 Elapsed wall-clock time: 1m 38s
-----------------------------------------------------------------------------
Simulation Run 28 starting at: 2025-04-19 06:52:02
numNodes = 6528
numNodes = 6528
numVeh = 6528
startingNode = 4896
using tracefile ../maps/Grid-300/Grid-300.ns2mobility.xml
Loading buildings file "../maps/Grid-300/Grid-300.poly.xml
Loading losses from file ../maps/Grid-300/Grid-300.losses
totalCoverage= 6517/6528
coverageOnCirc= 148/148
m_sent=587
hops= 10.1486
slots= 62.7568
Simulation Run 28 ending at: 2025-04-19 06:53:41
Simulation Run 28 Elapsed wall-clock time: 1m 38s
-----------------------------------------------------------------------------
Simulation Run 29 starting at: 2025-04-19 06:53:41
numNodes = 6528
numNodes = 6528
numVeh = 6528
startingNode = 4896
using tracefile ../maps/Grid-300/Grid-300.ns2mobility.xml
Loading buildings file "../maps/Grid-300/Grid-300.poly.xml
Loading losses from file ../maps/Grid-300/Grid-300.losses
totalCoverage= 6528/6528
coverageOnCirc= 148/148
m_sent=604
hops= 12.1014
slots= 77.7905
Simulation Run 29 ending at: 2025-04-19 06:55:20
Simulation Run 29 Elapsed wall-clock time: 1m 39s
-----------------------------------------------------------------------------
Simulation Run 30 starting at: 2025-04-19 06:55:20
numNodes = 6528
numNodes = 6528
numVeh = 6528
startingNode = 4896
using tracefile ../maps/Grid-300/Grid-300.ns2mobility.xml
Loading buildings file "../maps/Grid-300/Grid-300.poly.xml
Loading losses from file ../maps/Grid-300/Grid-300.losses
totalCoverage= 6525/6528
coverageOnCirc= 148/148
m_sent=630
hops= 12.5135
slots= 100.324
Simulation Run 30 ending at: 2025-04-19 06:57:02
Simulation Run 30 Elapsed wall-clock time: 1m 41s
-----------------------------------------------------------------------------
Simulation Run 31 starting at: 2025-04-19 06:57:02
numNodes = 6528
numNodes = 6528
numVeh = 6528
startingNode = 4896
using tracefile ../maps/Grid-300/Grid-300.ns2mobility.xml
Loading buildings file "../maps/Grid-300/Grid-300.poly.xml
Loading losses from file ../maps/Grid-300/Grid-300.losses
totalCoverage= 6528/6528
coverageOnCirc= 148/148
m_sent=610
hops= 11.3581
slots= 92.7905
Simulation Run 31 ending at: 2025-04-19 06:58:42
Simulation Run 31 Elapsed wall-clock time: 1m 39s
-----------------------------------------------------------------------------
Simulation Run 32 starting at: 2025-04-19 06:58:42
numNodes = 6528
numNodes = 6528
numVeh = 6528
startingNode = 4896
using tracefile ../maps/Grid-300/Grid-300.ns2mobility.xml
Loading buildings file "../maps/Grid-300/Grid-300.poly.xml
Loading losses from file ../maps/Grid-300/Grid-300.losses
totalCoverage= 6528/6528
coverageOnCirc= 148/148
m_sent=624
hops= 10.9932
slots= 67.3514
Simulation Run 32 ending at: 2025-04-19 07:00:23
Simulation Run 32 Elapsed wall-clock time: 1m 41s
-----------------------------------------------------------------------------
Simulation Run 33 starting at: 2025-04-19 07:00:24
numNodes = 6528
numNodes = 6528
numVeh = 6528
startingNode = 4896
using tracefile ../maps/Grid-300/Grid-300.ns2mobility.xml
Loading buildings file "../maps/Grid-300/Grid-300.poly.xml
Loading losses from file ../maps/Grid-300/Grid-300.losses
totalCoverage= 6528/6528
coverageOnCirc= 148/148
m_sent=612
hops= 13.9595
slots= 115.318
Simulation Run 33 ending at: 2025-04-19 07:02:02
Simulation Run 33 Elapsed wall-clock time: 1m 38s
-----------------------------------------------------------------------------
Simulation Run 34 starting at: 2025-04-19 07:02:03
numNodes = 6528
numNodes = 6528
numVeh = 6528
startingNode = 4896
using tracefile ../maps/Grid-300/Grid-300.ns2mobility.xml
Loading buildings file "../maps/Grid-300/Grid-300.poly.xml
Loading losses from file ../maps/Grid-300/Grid-300.losses
totalCoverage= 6528/6528
coverageOnCirc= 148/148
m_sent=606
hops= 10.9662
slots= 70.4865
Simulation Run 34 ending at: 2025-04-19 07:03:42
Simulation Run 34 Elapsed wall-clock time: 1m 39s
-----------------------------------------------------------------------------
Simulation Run 35 starting at: 2025-04-19 07:03:42
numNodes = 6528
numNodes = 6528
numVeh = 6528
startingNode = 4896
using tracefile ../maps/Grid-300/Grid-300.ns2mobility.xml
Loading buildings file "../maps/Grid-300/Grid-300.poly.xml
Loading losses from file ../maps/Grid-300/Grid-300.losses
totalCoverage= 6528/6528
coverageOnCirc= 148/148
m_sent=596
hops= 11.6757
slots= 85.2095
Simulation Run 35 ending at: 2025-04-19 07:05:34
Simulation Run 35 Elapsed wall-clock time: 1m 51s
-----------------------------------------------------------------------------
Simulation Run 36 starting at: 2025-04-19 07:05:34
numNodes = 6528
numNodes = 6528
numVeh = 6528
startingNode = 4896
using tracefile ../maps/Grid-300/Grid-300.ns2mobility.xml
Loading buildings file "../maps/Grid-300/Grid-300.poly.xml
Loading losses from file ../maps/Grid-300/Grid-300.losses
totalCoverage= 5769/6528
coverageOnCirc= 128/148
m_sent=584
hops= 14.9609
slots= 174.492
Simulation Run 36 ending at: 2025-04-19 07:07:16
Simulation Run 36 Elapsed wall-clock time: 1m 42s
-----------------------------------------------------------------------------
Simulation Run 37 starting at: 2025-04-19 07:07:16
numNodes = 6528
numNodes = 6528
numVeh = 6528
startingNode = 4896
using tracefile ../maps/Grid-300/Grid-300.ns2mobility.xml
Loading buildings file "../maps/Grid-300/Grid-300.poly.xml
Loading losses from file ../maps/Grid-300/Grid-300.losses
totalCoverage= 6528/6528
coverageOnCirc= 148/148
m_sent=554
hops= 12.2635
slots= 63.2095
Simulation Run 37 ending at: 2025-04-19 07:08:56
Simulation Run 37 Elapsed wall-clock time: 1m 40s
-----------------------------------------------------------------------------
Simulation Run 38 starting at: 2025-04-19 07:08:56
numNodes = 6528
numNodes = 6528
numVeh = 6528
startingNode = 4896
using tracefile ../maps/Grid-300/Grid-300.ns2mobility.xml
Loading buildings file "../maps/Grid-300/Grid-300.poly.xml
Loading losses from file ../maps/Grid-300/Grid-300.losses
totalCoverage= 6528/6528
coverageOnCirc= 148/148
m_sent=607
hops= 10.6149
slots= 76.3514
Simulation Run 38 ending at: 2025-04-19 07:10:37
Simulation Run 38 Elapsed wall-clock time: 1m 41s
-----------------------------------------------------------------------------
Simulation Run 39 starting at: 2025-04-19 07:10:37
numNodes = 6528
numNodes = 6528
numVeh = 6528
startingNode = 4896
using tracefile ../maps/Grid-300/Grid-300.ns2mobility.xml
Loading buildings file "../maps/Grid-300/Grid-300.poly.xml
Loading losses from file ../maps/Grid-300/Grid-300.losses
totalCoverage= 6528/6528
coverageOnCirc= 148/148
m_sent=646
hops= 12.8176
slots= 127.676
Simulation Run 39 ending at: 2025-04-19 07:12:20
Simulation Run 39 Elapsed wall-clock time: 1m 42s
-----------------------------------------------------------------------------
Whole simulation ending at: 2025-04-19 07:12:20
Whole simulation Elapsed wall-clock time: 68m 20s
-----------------------------------------------------------------------------
>>> [urban-Grid-300-highBuildings0-drones0-d25-cw-32-1024-b1-e0-j0-STATIC-300-300-] All 1 runs completed. Moving to completed/
>>> [urban-Grid-300-highBuildings0-drones0-d25-cw-32-1024-b1-e0-j0-STATIC-300-300-_run1] SUCCESS
>>> Finished at 2025-04-19 07:12:23 with duration: 68m 26s
