Simulation command is: fb-vanet-urban --buildings=1 --actualRange=300 --mapBasePath=../maps/Grid-300/Grid-300 --cwMin=32 --cwMax=1024 --vehicleDistance=25 --startingNode=4896 --propagationLoss=1 --protocol=1 --area=2000 --smartJunctionMode=0 --errorRate=0 --nVehicles=0 --droneTest=0 --highBuildings=0 --flooding=0  --printToFile=1 --printCoords=0 --createObstacleShadowingLossFile=0 --useObstacleShadowingLossFile=1 --forgedCoordTest=0 --forgedCoordRate=0 --maxRun=10
>>> [urban-Grid-300-highBuildings0-drones0-d25-cw-32-1024-b1-e0-j0-Fast-Broadcast-300-_run1] Started at 2025-04-18 22:47:51
Waf: Entering directory `/my-project/ns-3/build'
Waf: Leaving directory `/my-project/ns-3/build'
Build commands will be stored in build/compile_commands.json
'build' finished successfully (1.273s)
Whole simulation starting at: 2025-04-18 22:47:55
Start main urban
numNodes = 6528
numNodes = 6528
numVeh = 6528
startingNode = 4896
using tracefile ../maps/Grid-300/Grid-300.ns2mobility.xml
Loading buildings file "../maps/Grid-300/Grid-300.poly.xml
Loading losses from file ../maps/Grid-300/Grid-300.losses
Max run: 10
fileName=Grid-300/b1/e0/r300/j0/cw[32-1024]/Fast-Broadcast/Grid-300-b1-e0-r300-j0-Fast-Broadcast
fbTest= "/my-project/simulations/scenario-urbano/Grid-300/b1/e0/r300/j0/cw[32-1024]/Fast-Broadcast/Grid-300-b1-e0-r300-j0-Fast-Broadcast-1745009342725.csv"
Simulation Run 0 starting at: 2025-04-18 22:49:02
numNodes = 6528
numNodes = 6528
numVeh = 6528
startingNode = 4896
using tracefile ../maps/Grid-300/Grid-300.ns2mobility.xml
Loading buildings file "../maps/Grid-300/Grid-300.poly.xml
Loading losses from file ../maps/Grid-300/Grid-300.losses
totalCoverage= 6528/6528
coverageOnCirc= 148/148
m_sent=602
hops= 11.9324
slots= 91.7635
Simulation Run 0 ending at: 2025-04-18 23:25:10
Simulation Run 0 Elapsed wall-clock time: 36m 7s
Simulation Run 1 starting at: 2025-04-18 23:25:10
numNodes = 6528
numNodes = 6528
numVeh = 6528
startingNode = 4896
using tracefile ../maps/Grid-300/Grid-300.ns2mobility.xml
Loading buildings file "../maps/Grid-300/Grid-300.poly.xml
Loading losses from file ../maps/Grid-300/Grid-300.losses
totalCoverage= 6528/6528
coverageOnCirc= 148/148
m_sent=576
hops= 11.8446
slots= 77.1149
Simulation Run 1 ending at: 2025-04-19 00:01:38
Simulation Run 1 Elapsed wall-clock time: 36m 27s
Simulation Run 2 starting at: 2025-04-19 00:01:38
numNodes = 6528
numNodes = 6528
numVeh = 6528
startingNode = 4896
using tracefile ../maps/Grid-300/Grid-300.ns2mobility.xml
Loading buildings file "../maps/Grid-300/Grid-300.poly.xml
Loading losses from file ../maps/Grid-300/Grid-300.losses
totalCoverage= 6528/6528
coverageOnCirc= 148/148
m_sent=615
hops= 10.8108
slots= 70.2027
Simulation Run 2 ending at: 2025-04-19 00:36:34
Simulation Run 2 Elapsed wall-clock time: 34m 55s
Simulation Run 3 starting at: 2025-04-19 00:36:34
numNodes = 6528
numNodes = 6528
numVeh = 6528
startingNode = 4896
using tracefile ../maps/Grid-300/Grid-300.ns2mobility.xml
Loading buildings file "../maps/Grid-300/Grid-300.poly.xml
Loading losses from file ../maps/Grid-300/Grid-300.losses
totalCoverage= 6528/6528
coverageOnCirc= 148/148
m_sent=619
hops= 10.973
slots= 84.8716
Simulation Run 3 ending at: 2025-04-19 01:11:40
Simulation Run 3 Elapsed wall-clock time: 35m 5s
Simulation Run 4 starting at: 2025-04-19 01:11:40
numNodes = 6528
numNodes = 6528
numVeh = 6528
startingNode = 4896
using tracefile ../maps/Grid-300/Grid-300.ns2mobility.xml
Loading buildings file "../maps/Grid-300/Grid-300.poly.xml
Loading losses from file ../maps/Grid-300/Grid-300.losses
totalCoverage= 6506/6528
coverageOnCirc= 148/148
m_sent=615
hops= 11.4189
slots= 87.8514
Simulation Run 4 ending at: 2025-04-19 01:46:16
Simulation Run 4 Elapsed wall-clock time: 34m 36s
Simulation Run 5 starting at: 2025-04-19 01:46:16
numNodes = 6528
numNodes = 6528
numVeh = 6528
startingNode = 4896
using tracefile ../maps/Grid-300/Grid-300.ns2mobility.xml
Loading buildings file "../maps/Grid-300/Grid-300.poly.xml
Loading losses from file ../maps/Grid-300/Grid-300.losses
totalCoverage= 6528/6528
coverageOnCirc= 148/148
m_sent=599
hops= 10.4257
slots= 70.973
Simulation Run 5 ending at: 2025-04-19 02:20:45
Simulation Run 5 Elapsed wall-clock time: 34m 29s
Simulation Run 6 starting at: 2025-04-19 02:20:46
numNodes = 6528
numNodes = 6528
numVeh = 6528
startingNode = 4896
using tracefile ../maps/Grid-300/Grid-300.ns2mobility.xml
Loading buildings file "../maps/Grid-300/Grid-300.poly.xml
Loading losses from file ../maps/Grid-300/Grid-300.losses
totalCoverage= 6528/6528
coverageOnCirc= 148/148
m_sent=590
hops= 11.5
slots= 90.2635
Simulation Run 6 ending at: 2025-04-19 02:55:47
Simulation Run 6 Elapsed wall-clock time: 35m 1s
Simulation Run 7 starting at: 2025-04-19 02:55:47
numNodes = 6528
numNodes = 6528
numVeh = 6528
startingNode = 4896
using tracefile ../maps/Grid-300/Grid-300.ns2mobility.xml
Loading buildings file "../maps/Grid-300/Grid-300.poly.xml
Loading losses from file ../maps/Grid-300/Grid-300.losses
totalCoverage= 6528/6528
coverageOnCirc= 148/148
m_sent=604
hops= 10.5946
slots= 82.8176
Simulation Run 7 ending at: 2025-04-19 03:30:38
Simulation Run 7 Elapsed wall-clock time: 34m 50s
Simulation Run 8 starting at: 2025-04-19 03:30:38
numNodes = 6528
numNodes = 6528
numVeh = 6528
startingNode = 4896
using tracefile ../maps/Grid-300/Grid-300.ns2mobility.xml
Loading buildings file "../maps/Grid-300/Grid-300.poly.xml
Loading losses from file ../maps/Grid-300/Grid-300.losses
totalCoverage= 6528/6528
coverageOnCirc= 148/148
m_sent=626
hops= 10.8176
slots= 94.5811
Simulation Run 8 ending at: 2025-04-19 04:05:46
Simulation Run 8 Elapsed wall-clock time: 35m 7s
Simulation Run 9 starting at: 2025-04-19 04:05:46
numNodes = 6528
numNodes = 6528
numVeh = 6528
startingNode = 4896
using tracefile ../maps/Grid-300/Grid-300.ns2mobility.xml
Loading buildings file "../maps/Grid-300/Grid-300.poly.xml
Loading losses from file ../maps/Grid-300/Grid-300.losses
totalCoverage= 6528/6528
coverageOnCirc= 148/148
m_sent=609
hops= 10.9054
slots= 89.8851
Simulation Run 9 ending at: 2025-04-19 04:40:37
Simulation Run 9 Elapsed wall-clock time: 34m 50s
Whole simulation ending at: 2025-04-19 04:40:37
Whole simulation Elapsed wall-clock time: 352m 42s
>>> [urban-Grid-300-highBuildings0-drones0-d25-cw-32-1024-b1-e0-j0-Fast-Broadcast-300-] All 1 runs completed. Moving to completed/
>>> [urban-Grid-300-highBuildings0-drones0-d25-cw-32-1024-b1-e0-j0-Fast-Broadcast-300-_run1] SUCCESS
>>> Finished at 2025-04-19 04:40:43 with duration: 352m 52s
