Simulation command is: roff-test --buildings=0 --actualRange=100 --mapBasePath=../maps/Grid-300/Grid-300 --vehicleDistance=25 --startingNode=4896 --propagationLoss=1 --area=2000 --smartJunctionMode=0 --errorRate=0 --nVehicles=0 --droneTest=0 --highBuildings=0 --printToFile=1 --printCoords=0  --createObstacleShadowingLossFile=0 --useObstacleShadowingLossFile=1  --beaconInterval=100 --distanceRange=1 --forgedCoordTest=0 --forgedCoordRate=0 --maxRun=7
>>> [urban-Grid-300-highBuildings0-drones0-d25-cw-32-1024-b0-e0-j0-ROFF-100-_run4] Started at 2025-04-22 17:06:24
Waf: Entering directory `/my-project/ns-3/build'
Waf: Leaving directory `/my-project/ns-3/build'
Build commands will be stored in build/compile_commands.json
'build' finished successfully (4.347s)
Whole simulation starting at: 2025-04-22 17:06:32
Start main urban
numNodes = 6528
numNodes = 6528
numVeh = 6528
startingNode = 4896
using tracefile ../maps/Grid-300/Grid-300.ns2mobility.xml
Max run: 7
Grid-300/b0/e0/r100/j0/ROFF/Grid-300-b0-e0-r100-j0-ROFF
roffTest= "/my-project/simulations/scenario-urbano/Grid-300/b0/e0/r100/j0/ROFF/Grid-300-b0-e0-r100-j0-ROFF-1745334392368.csv"
Simulation Run 0 starting at: 2025-04-22 17:06:32
numNodes = 6528
numNodes = 6528
numVeh = 6528
startingNode = 4896
using tracefile ../maps/Grid-300/Grid-300.ns2mobility.xml
1 
2 
nodes size = 6528
toSend= 2611
nodes size = 6528
toSend= 2611
nodes size = 6528
toSend= 2611
nodes size = 6528
toSend= 2611
nodes size = 6528
toSend= 2611
nodes size = 6528
toSend= 2611
nodes size = 6528
toSend= 2611
nodes size = 6528
toSend= 2611
nodes size = 6528
toSend= 2611
nodes size = 6528
toSend= 2611
nodes size = 6528
toSend= 2611
nodes size = 6528
toSend= 2611

>>> [urban-Grid-300-highBuildings0-drones0-d25-cw-32-1024-b0-e0-j0-ROFF-100-_run4] FAILED with exit code 137
