Simulation command is: roff-test --buildings=0 --actualRange=100 --mapBasePath=../maps/Grid-300/Grid-300 --vehicleDistance=25 --startingNode=4896 --propagationLoss=1 --area=2000 --smartJunctionMode=0 --errorRate=0 --nVehicles=0 --droneTest=0 --highBuildings=0 --printToFile=1 --printCoords=0  --createObstacleShadowingLossFile=0 --useObstacleShadowingLossFile=1  --beaconInterval=100 --distanceRange=1 --forgedCoordTest=0 --forgedCoordRate=0 --maxRun=7
>>> [urban-Grid-300-highBuildings0-drones0-d25-cw-32-1024-b0-e0-j0-ROFF-100-_run2] Started at 2025-04-22 13:05:30
Waf: Entering directory `/my-project/ns-3/build'
Waf: Leaving directory `/my-project/ns-3/build'
Build commands will be stored in build/compile_commands.json
'build' finished successfully (1.421s)
Whole simulation starting at: 2025-04-22 13:05:33
Start main urban
numNodes = 6528
numNodes = 6528
numVeh = 6528
startingNode = 4896
using tracefile ../maps/Grid-300/Grid-300.ns2mobility.xml
Max run: 7
Grid-300/b0/e0/r100/j0/ROFF/Grid-300-b0-e0-r100-j0-ROFF
roffTest= "/my-project/simulations/scenario-urbano/Grid-300/b0/e0/r100/j0/ROFF/Grid-300-b0-e0-r100-j0-ROFF-1745319933209.csv"
Simulation Run 0 starting at: 2025-04-22 13:05:33
numNodes = 6528
numNodes = 6528
numVeh = 6528
startingNode = 4896
using tracefile ../maps/Grid-300/Grid-300.ns2mobility.xml
1 
2 
nodes size = 6528
toSend= 2611
nodes size = 6528
toSend= 2611
nodes size = 6528
toSend= 2611
nodes size = 6528
toSend= 2611
nodes size = 6528
toSend= 2611
nodes size = 6528
toSend= 2611
nodes size = 6528
toSend= 2611
nodes size = 6528
toSend= 2611
nodes size = 6528
toSend= 2611
nodes size = 6528
toSend= 2611
nodes size = 6528
toSend= 2611
nodes size = 6528
toSend= 2611
nodes size = 6528
toSend= 2611
nodes size = 6528
toSend= 2611
nodes size = 6528
toSend= 2611
ROFFApplication::StartBroadcastPhase nbt size= 17
totalCoverage= 6377/6528
coverageOnCirc= 140/148
m_sent=2025
hops= 68.45
slots= 76.4429
Simulation Run 0 ending at: 2025-04-22 13:41:26
Simulation Run 0 Elapsed wall-clock time: 35m 52s
-----------------------------------------------------------------------------
Simulation Run 1 starting at: 2025-04-22 13:41:26
numNodes = 6528
numNodes = 6528
numVeh = 6528
startingNode = 4896
using tracefile ../maps/Grid-300/Grid-300.ns2mobility.xml
1 
2 
nodes size = 6528
toSend= 2611
nodes size = 6528
toSend= 2611
nodes size = 6528
toSend= 2611
nodes size = 6528
toSend= 2611
nodes size = 6528
toSend= 2611
nodes size = 6528
toSend= 2611
nodes size = 6528
toSend= 2611
nodes size = 6528
toSend= 2611
nodes size = 6528
toSend= 2611
nodes size = 6528
toSend= 2611
nodes size = 6528
toSend= 2611
nodes size = 6528
toSend= 2611
nodes size = 6528
toSend= 2611
nodes size = 6528
toSend= 2611
nodes size = 6528
toSend= 2611
ROFFApplication::StartBroadcastPhase nbt size= 17
totalCoverage= 5087/6528
coverageOnCirc= 112/148
m_sent=1369
hops= 63.9732
slots= 70.125
Simulation Run 1 ending at: 2025-04-22 14:12:58
Simulation Run 1 Elapsed wall-clock time: 31m 32s
-----------------------------------------------------------------------------
Simulation Run 2 starting at: 2025-04-22 14:12:59
numNodes = 6528
numNodes = 6528
numVeh = 6528
startingNode = 4896
using tracefile ../maps/Grid-300/Grid-300.ns2mobility.xml
1 
2 
nodes size = 6528
toSend= 2611
nodes size = 6528
toSend= 2611
nodes size = 6528
toSend= 2611
nodes size = 6528
toSend= 2611
nodes size = 6528
toSend= 2611
nodes size = 6528
toSend= 2611
nodes size = 6528
toSend= 2611
nodes size = 6528
toSend= 2611
nodes size = 6528
toSend= 2611
nodes size = 6528
toSend= 2611
nodes size = 6528
toSend= 2611
nodes size = 6528
toSend= 2611
nodes size = 6528
toSend= 2611
nodes size = 6528
toSend= 2611
nodes size = 6528
toSend= 2611
ROFFApplication::StartBroadcastPhase nbt size= 17
totalCoverage= 6440/6528
coverageOnCirc= 148/148
m_sent=2035
hops= 53.5946
slots= 58.9324
Simulation Run 2 ending at: 2025-04-22 14:45:25
Simulation Run 2 Elapsed wall-clock time: 32m 26s
-----------------------------------------------------------------------------
Simulation Run 3 starting at: 2025-04-22 14:45:25
numNodes = 6528
numNodes = 6528
numVeh = 6528
startingNode = 4896
using tracefile ../maps/Grid-300/Grid-300.ns2mobility.xml
1 
2 
nodes size = 6528
toSend= 2611
nodes size = 6528
toSend= 2611
nodes size = 6528
toSend= 2611
nodes size = 6528
toSend= 2611
nodes size = 6528
toSend= 2611
nodes size = 6528
toSend= 2611
nodes size = 6528
toSend= 2611
nodes size = 6528
toSend= 2611
nodes size = 6528
toSend= 2611
nodes size = 6528
toSend= 2611
nodes size = 6528
toSend= 2611
nodes size = 6528
toSend= 2611
nodes size = 6528
toSend= 2611
nodes size = 6528
toSend= 2611
nodes size = 6528
toSend= 2611
ROFFApplication::StartBroadcastPhase nbt size= 17
totalCoverage= 6404/6528
coverageOnCirc= 146/148
m_sent=2066
hops= 33.2945
slots= 39.9384
Simulation Run 3 ending at: 2025-04-22 15:20:10
Simulation Run 3 Elapsed wall-clock time: 34m 44s
-----------------------------------------------------------------------------
Simulation Run 4 starting at: 2025-04-22 15:20:10
numNodes = 6528
numNodes = 6528
numVeh = 6528
startingNode = 4896
using tracefile ../maps/Grid-300/Grid-300.ns2mobility.xml
1 
2 
nodes size = 6528
toSend= 2611
nodes size = 6528
toSend= 2611
nodes size = 6528
toSend= 2611
nodes size = 6528
toSend= 2611
nodes size = 6528
toSend= 2611
nodes size = 6528
toSend= 2611
nodes size = 6528
toSend= 2611
nodes size = 6528
toSend= 2611
nodes size = 6528
toSend= 2611
nodes size = 6528
toSend= 2611
nodes size = 6528
toSend= 2611
nodes size = 6528
toSend= 2611
nodes size = 6528
toSend= 2611
nodes size = 6528
toSend= 2611
nodes size = 6528
toSend= 2611
ROFFApplication::StartBroadcastPhase nbt size= 17
totalCoverage= 6258/6528
coverageOnCirc= 148/148
m_sent=1743
hops= 59.9527
slots= 66.4257
Simulation Run 4 ending at: 2025-04-22 15:56:05
Simulation Run 4 Elapsed wall-clock time: 35m 55s
-----------------------------------------------------------------------------
Simulation Run 5 starting at: 2025-04-22 15:56:06
numNodes = 6528
numNodes = 6528
numVeh = 6528
startingNode = 4896
using tracefile ../maps/Grid-300/Grid-300.ns2mobility.xml
1 
2 
nodes size = 6528
toSend= 2611
nodes size = 6528
toSend= 2611
nodes size = 6528
toSend= 2611
nodes size = 6528
toSend= 2611
nodes size = 6528
toSend= 2611
nodes size = 6528
toSend= 2611
nodes size = 6528
toSend= 2611
nodes size = 6528
toSend= 2611
nodes size = 6528
toSend= 2611
nodes size = 6528
toSend= 2611
nodes size = 6528
toSend= 2611
nodes size = 6528
toSend= 2611
nodes size = 6528
toSend= 2611
nodes size = 6528
toSend= 2611
nodes size = 6528
toSend= 2611
ROFFApplication::StartBroadcastPhase nbt size= 16
totalCoverage= 6302/6528
coverageOnCirc= 148/148
m_sent=1956
hops= 69.0338
slots= 77.8919
Simulation Run 5 ending at: 2025-04-22 16:29:43
Simulation Run 5 Elapsed wall-clock time: 33m 37s
-----------------------------------------------------------------------------
Simulation Run 6 starting at: 2025-04-22 16:29:44
numNodes = 6528
numNodes = 6528
numVeh = 6528
startingNode = 4896
using tracefile ../maps/Grid-300/Grid-300.ns2mobility.xml
1 
2 
nodes size = 6528
toSend= 2611
nodes size = 6528
toSend= 2611
nodes size = 6528
toSend= 2611
nodes size = 6528
toSend= 2611
nodes size = 6528
toSend= 2611
nodes size = 6528
toSend= 2611
nodes size = 6528
toSend= 2611
nodes size = 6528
toSend= 2611
nodes size = 6528
toSend= 2611
nodes size = 6528
toSend= 2611
nodes size = 6528
toSend= 2611
nodes size = 6528
toSend= 2611
nodes size = 6528
toSend= 2611
nodes size = 6528
toSend= 2611
nodes size = 6528
toSend= 2611
ROFFApplication::StartBroadcastPhase nbt size= 17
totalCoverage= 6297/6528
coverageOnCirc= 145/148
m_sent=1819
hops= 57.8207
slots= 64.1103
Simulation Run 6 ending at: 2025-04-22 17:06:19
Simulation Run 6 Elapsed wall-clock time: 36m 34s
-----------------------------------------------------------------------------
Whole simulation ending at: 2025-04-22 17:06:19
Whole simulation Elapsed wall-clock time: 240m 46s
-----------------------------------------------------------------------------
>>> [urban-Grid-300-highBuildings0-drones0-d25-cw-32-1024-b0-e0-j0-ROFF-100-_run2] SUCCESS
>>> Finished at 2025-04-22 17:06:24 with duration: 240m 54s
Simulation command is: roff-test --buildings=0 --actualRange=100 --mapBasePath=../maps/Grid-300/Grid-300 --vehicleDistance=25 --startingNode=4896 --propagationLoss=1 --area=2000 --smartJunctionMode=0 --errorRate=0 --nVehicles=0 --droneTest=0 --highBuildings=0 --printToFile=1 --printCoords=0  --createObstacleShadowingLossFile=0 --useObstacleShadowingLossFile=1  --beaconInterval=100 --distanceRange=1 --forgedCoordTest=0 --forgedCoordRate=0 --maxRun=7
Container name: i5chd12_urban-Grid-300-highBuildings0-drones0-d25-cw-32-1024-b0-e0-j0-ROFF-100-_run2
>>> [urban-Grid-300-highBuildings0-drones0-d25-cw-32-1024-b0-e0-j0-ROFF-100-_run2] Started at 2025-04-22 19:20:53
Waf: Entering directory `/my-project/ns-3/build'
Waf: Leaving directory `/my-project/ns-3/build'
Build commands will be stored in build/compile_commands.json
'build' finished successfully (1.970s)
Whole simulation starting at: 2025-04-22 19:20:57
Start main urban
numNodes = 6528
numNodes = 6528
numVeh = 6528
startingNode = 4896
using tracefile ../maps/Grid-300/Grid-300.ns2mobility.xml
Max run: 7
Grid-300/b0/e0/r100/j0/ROFF/Grid-300-b0-e0-r100-j0-ROFF
roffTest= "/my-project/simulations/scenario-urbano/Grid-300/b0/e0/r100/j0/ROFF/Grid-300-b0-e0-r100-j0-ROFF-1745342457905.csv"
Simulation Run 0 starting at: 2025-04-22 19:20:57
numNodes = 6528
numNodes = 6528
numVeh = 6528
startingNode = 4896
using tracefile ../maps/Grid-300/Grid-300.ns2mobility.xml
1 
2 
nodes size = 6528
toSend= 2611
nodes size = 6528
toSend= 2611
nodes size = 6528
toSend= 2611
nodes size = 6528
toSend= 2611
nodes size = 6528
toSend= 2611
nodes size = 6528
toSend= 2611
nodes size = 6528
toSend= 2611
nodes size = 6528
toSend= 2611
nodes size = 6528
toSend= 2611
nodes size = 6528
toSend= 2611
nodes size = 6528
toSend= 2611
nodes size = 6528
toSend= 2611
nodes size = 6528
toSend= 2611
nodes size = 6528
toSend= 2611
nodes size = 6528
toSend= 2611
ROFFApplication::StartBroadcastPhase nbt size= 17
totalCoverage= 6423/6528
coverageOnCirc= 148/148
m_sent=2000
hops= 61.1419
slots= 69.3649
Simulation Run 0 ending at: 2025-04-22 20:01:26
Simulation Run 0 Elapsed wall-clock time: 40m 28s
-----------------------------------------------------------------------------
Simulation Run 1 starting at: 2025-04-22 20:01:26
numNodes = 6528
numNodes = 6528
numVeh = 6528
startingNode = 4896
using tracefile ../maps/Grid-300/Grid-300.ns2mobility.xml
1 
2 
nodes size = 6528
toSend= 2611
nodes size = 6528
toSend= 2611
nodes size = 6528
toSend= 2611
nodes size = 6528
toSend= 2611
nodes size = 6528
toSend= 2611
nodes size = 6528
toSend= 2611
nodes size = 6528
toSend= 2611
nodes size = 6528
toSend= 2611
nodes size = 6528
toSend= 2611
nodes size = 6528
toSend= 2611
nodes size = 6528
toSend= 2611
nodes size = 6528
toSend= 2611
nodes size = 6528
toSend= 2611
nodes size = 6528
toSend= 2611
nodes size = 6528
toSend= 2611
ROFFApplication::StartBroadcastPhase nbt size= 17
totalCoverage= 6339/6528
coverageOnCirc= 138/148
m_sent=1889
hops= 54.7391
slots= 61.5435
Simulation Run 1 ending at: 2025-04-22 20:33:54
Simulation Run 1 Elapsed wall-clock time: 32m 28s
-----------------------------------------------------------------------------
Simulation Run 2 starting at: 2025-04-22 20:33:54
numNodes = 6528
numNodes = 6528
numVeh = 6528
startingNode = 4896
using tracefile ../maps/Grid-300/Grid-300.ns2mobility.xml
1 
2 
nodes size = 6528
toSend= 2611
nodes size = 6528
toSend= 2611
nodes size = 6528
toSend= 2611
nodes size = 6528
toSend= 2611
nodes size = 6528
toSend= 2611
nodes size = 6528
toSend= 2611
nodes size = 6528
toSend= 2611
nodes size = 6528
toSend= 2611
nodes size = 6528
toSend= 2611
nodes size = 6528
toSend= 2611
nodes size = 6528
toSend= 2611
nodes size = 6528
toSend= 2611
nodes size = 6528
toSend= 2611
nodes size = 6528
toSend= 2611
nodes size = 6528
toSend= 2611
ROFFApplication::StartBroadcastPhase nbt size= 17
totalCoverage= 6419/6528
coverageOnCirc= 144/148
m_sent=2017
hops= 53.4444
slots= 59.2222
Simulation Run 2 ending at: 2025-04-22 21:06:13
Simulation Run 2 Elapsed wall-clock time: 32m 19s
-----------------------------------------------------------------------------
Simulation Run 3 starting at: 2025-04-22 21:06:14
numNodes = 6528
numNodes = 6528
numVeh = 6528
startingNode = 4896
using tracefile ../maps/Grid-300/Grid-300.ns2mobility.xml
1 
2 
nodes size = 6528
toSend= 2611
nodes size = 6528
toSend= 2611
nodes size = 6528
toSend= 2611
nodes size = 6528
toSend= 2611
nodes size = 6528
toSend= 2611
nodes size = 6528
toSend= 2611
nodes size = 6528
toSend= 2611
nodes size = 6528
toSend= 2611
nodes size = 6528
toSend= 2611
nodes size = 6528
toSend= 2611
nodes size = 6528
toSend= 2611
nodes size = 6528
toSend= 2611
nodes size = 6528
toSend= 2611
nodes size = 6528
toSend= 2611
nodes size = 6528
toSend= 2611
ROFFApplication::StartBroadcastPhase nbt size= 17
totalCoverage= 6366/6528
coverageOnCirc= 144/148
m_sent=1832
hops= 60.9306
slots= 69.75
Simulation Run 3 ending at: 2025-04-22 21:38:33
Simulation Run 3 Elapsed wall-clock time: 32m 19s
-----------------------------------------------------------------------------
Simulation Run 4 starting at: 2025-04-22 21:38:33
numNodes = 6528
numNodes = 6528
numVeh = 6528
startingNode = 4896
using tracefile ../maps/Grid-300/Grid-300.ns2mobility.xml
1 
2 
nodes size = 6528
toSend= 2611
nodes size = 6528
toSend= 2611
nodes size = 6528
toSend= 2611
nodes size = 6528
toSend= 2611
nodes size = 6528
toSend= 2611
nodes size = 6528
toSend= 2611
nodes size = 6528
toSend= 2611
nodes size = 6528
toSend= 2611
nodes size = 6528
toSend= 2611
nodes size = 6528
toSend= 2611
nodes size = 6528
toSend= 2611
nodes size = 6528
toSend= 2611
nodes size = 6528
toSend= 2611
nodes size = 6528
toSend= 2611
nodes size = 6528
toSend= 2611
ROFFApplication::StartBroadcastPhase nbt size= 17
totalCoverage= 6313/6528
coverageOnCirc= 148/148
m_sent=1841
hops= 54.8108
slots= 62.2095
Simulation Run 4 ending at: 2025-04-22 22:10:36
Simulation Run 4 Elapsed wall-clock time: 32m 2s
-----------------------------------------------------------------------------
Simulation Run 5 starting at: 2025-04-22 22:10:36
numNodes = 6528
numNodes = 6528
numVeh = 6528
startingNode = 4896
using tracefile ../maps/Grid-300/Grid-300.ns2mobility.xml
1 
2 
nodes size = 6528
toSend= 2611
nodes size = 6528
toSend= 2611
nodes size = 6528
toSend= 2611
nodes size = 6528
toSend= 2611
nodes size = 6528
toSend= 2611
nodes size = 6528
toSend= 2611
nodes size = 6528
toSend= 2611
nodes size = 6528
toSend= 2611
nodes size = 6528
toSend= 2611
nodes size = 6528
toSend= 2611
nodes size = 6528
toSend= 2611
nodes size = 6528
toSend= 2611
nodes size = 6528
toSend= 2611
nodes size = 6528
toSend= 2611
nodes size = 6528
toSend= 2611
ROFFApplication::StartBroadcastPhase nbt size= 17
totalCoverage= 6388/6528
coverageOnCirc= 139/148
m_sent=1906
hops= 59.7698
slots= 66.9496
Simulation Run 5 ending at: 2025-04-22 22:42:50
Simulation Run 5 Elapsed wall-clock time: 32m 13s
-----------------------------------------------------------------------------
Simulation Run 6 starting at: 2025-04-22 22:42:50
numNodes = 6528
numNodes = 6528
numVeh = 6528
startingNode = 4896
using tracefile ../maps/Grid-300/Grid-300.ns2mobility.xml
1 
2 
nodes size = 6528
toSend= 2611
nodes size = 6528
toSend= 2611
nodes size = 6528
toSend= 2611
nodes size = 6528
toSend= 2611
nodes size = 6528
toSend= 2611
nodes size = 6528
toSend= 2611
nodes size = 6528
toSend= 2611
nodes size = 6528
toSend= 2611
nodes size = 6528
toSend= 2611
nodes size = 6528
toSend= 2611
nodes size = 6528
toSend= 2611
nodes size = 6528
toSend= 2611
nodes size = 6528
toSend= 2611
nodes size = 6528
toSend= 2611
nodes size = 6528
toSend= 2611
ROFFApplication::StartBroadcastPhase nbt size= 17
totalCoverage= 5207/6528
coverageOnCirc= 111/148
m_sent=1554
hops= 57.1171
slots= 63.6577
Simulation Run 6 ending at: 2025-04-22 23:14:29
Simulation Run 6 Elapsed wall-clock time: 31m 39s
-----------------------------------------------------------------------------
Whole simulation ending at: 2025-04-22 23:14:29
Whole simulation Elapsed wall-clock time: 233m 31s
-----------------------------------------------------------------------------
>>> [urban-Grid-300-highBuildings0-drones0-d25-cw-32-1024-b0-e0-j0-ROFF-100-_run2] SUCCESS
>>> Finished at 2025-04-22 23:14:31 with duration: 233m 38s
