Simulation command is: roff-test --buildings=0 --actualRange=300 --mapBasePath=../maps/Grid-300/Grid-300 --vehicleDistance=25 --startingNode=4896 --propagationLoss=1 --area=2000 --smartJunctionMode=0 --errorRate=0 --nVehicles=0 --droneTest=0 --highBuildings=0 --printToFile=1 --printCoords=0  --createObstacleShadowingLossFile=0 --useObstacleShadowingLossFile=1  --beaconInterval=100 --distanceRange=1 --forgedCoordTest=0 --forgedCoordRate=0 --maxRun=3
Container name: ik1a4a9_urban-Grid-300-highBuildings0-drones0-d25-cw-32-1024-b0-e0-j0-ROFF-300-_run3
>>> [urban-Grid-300-highBuildings0-drones0-d25-cw-32-1024-b0-e0-j0-ROFF-300-_run3] Started at 2025-04-24 14:36:49
Waf: Entering directory `/my-project/ns-3/build'
Waf: Leaving directory `/my-project/ns-3/build'
Build commands will be stored in build/compile_commands.json
'build' finished successfully (1.914s)
Whole simulation starting at: 2025-04-24 14:36:53
Start main urban
numNodes = 6528
numNodes = 6528
numVeh = 6528
startingNode = 4896
using tracefile ../maps/Grid-300/Grid-300.ns2mobility.xml
Max run: 3
Grid-300/b0/e0/r300/j0/ROFF/Grid-300-b0-e0-r300-j0-ROFF
roffTest= "/my-project/simulations/scenario-urbano/Grid-300/b0/e0/r300/j0/ROFF/Grid-300-b0-e0-r300-j0-ROFF-1745498213637.csv"
Simulation Run 0 starting at: 2025-04-24 14:36:53
numNodes = 6528
numNodes = 6528
numVeh = 6528
startingNode = 4896
using tracefile ../maps/Grid-300/Grid-300.ns2mobility.xml
1 
2 
nodes size = 6528
toSend= 2611
nodes size = 6528
toSend= 2611
nodes size = 6528
toSend= 2611
nodes size = 6528
toSend= 2611
nodes size = 6528
toSend= 2611
nodes size = 6528
toSend= 2611
nodes size = 6528
toSend= 2611
nodes size = 6528
toSend= 2611
nodes size = 6528
toSend= 2611
nodes size = 6528
toSend= 2611
nodes size = 6528
toSend= 2611
nodes size = 6528
toSend= 2611
nodes size = 6528
toSend= 2611
nodes size = 6528
toSend= 2611
nodes size = 6528
toSend= 2611
ROFFApplication::StartBroadcastPhase nbt size= 53
totalCoverage= 6528/6528
coverageOnCirc= 148/148
m_sent=907
hops= 10.25
slots= 9.82432
Simulation Run 0 ending at: 2025-04-24 15:27:52
Simulation Run 0 Elapsed wall-clock time: 50m 58s
-----------------------------------------------------------------------------
Simulation Run 1 starting at: 2025-04-24 15:27:52
numNodes = 6528
numNodes = 6528
numVeh = 6528
startingNode = 4896
using tracefile ../maps/Grid-300/Grid-300.ns2mobility.xml
1 
2 
nodes size = 6528
toSend= 2611
nodes size = 6528
toSend= 2611
nodes size = 6528
toSend= 2611
nodes size = 6528
toSend= 2611
nodes size = 6528
toSend= 2611
nodes size = 6528
toSend= 2611
nodes size = 6528
toSend= 2611
nodes size = 6528
toSend= 2611
nodes size = 6528
toSend= 2611
nodes size = 6528
toSend= 2611
nodes size = 6528
toSend= 2611
