Waf: Entering directory `/my-project/ns-3/build'
Waf: Leaving directory `/my-project/ns-3/build'
Build commands will be stored in build/compile_commands.json
'build' finished successfully (0.899s)
Whole simulation starting at: 2025-04-18 15:21:14
Start main urban
Max run: 1
numNodes = 6528
numNodes = 6528
numVeh = 6528
startingNode = 4896
using tracefile ../maps/Grid-300/Grid-300.ns2mobility.xml
Loading buildings file "../maps/Grid-300/Grid-300.poly.xml
Loading losses from file ../maps/Grid-300/Grid-300.losses
fileName=Grid-300/b1/e0/r100/j0/cw[32-1024]/STATIC-100/Grid-300-b1-e0-r100-j0-STATIC-100
fbTest= "/my-project/simulations/scenario-urbano/Grid-300/b1/e0/r100/j0/cw[32-1024]/STATIC-100/Grid-300-b1-e0-r100-j0-STATIC-100-1744982536582.csv"
Simulation Run 0 starting at: 2025-04-18 15:22:16
numNodes = 6528
numNodes = 6528
numVeh = 6528
startingNode = 4896
using tracefile ../maps/Grid-300/Grid-300.ns2mobility.xml
Loading buildings file "../maps/Grid-300/Grid-300.poly.xml
Loading losses from file ../maps/Grid-300/Grid-300.losses
totalCoverage= 6528/6528
coverageOnCirc= 148/148
m_sent=1669
hops= 29.6419
slots= 348.277
Simulation Run 0 ending at: 2025-04-18 15:25:10
Simulation Run 0 Elapsed wall-clock time: 2m 54s
Whole simulation ending at: 2025-04-18 15:25:10
Whole simulation Elapsed wall-clock time: 3m 56s
